Using pre-set license
Built from '2021.3/staging' branch; Version is '2021.3.22f1 (b6c551784ba3) revision 11978065'; Using compiler version '192829333'; Build Type 'Release'
<<<<<<< Updated upstream
OS: 'Windows 10  (10.0.19045) 64bit Professional' Language: 'tr' Physical Memory: 16125 MB
=======
OS: 'Windows 10  (10.0.19045) 64bit CoreSingleLanguage' Language: 'tr' Physical Memory: 7963 MB
>>>>>>> Stashed changes
BatchMode: 1, IsHumanControllingUs: 0, StartBugReporterOnCrash: 0, Is64bit: 1, IsPro: 1

COMMAND LINE ARGUMENTS:
C:\Program Files\Unity\Hub\Editor\2021.3.22f1\Editor\Unity.exe
-adb2
-batchMode
-noUpm
-name
AssetImportWorker2
-projectPath
<<<<<<< Updated upstream
C:/Users/Ekmevk/OneDrive/Belgeler/GitHub/2D3P-bootcamp-project/Children Of The War
-logFile
Logs/AssetImportWorker2.log
-srvPort
61464
Successfully changed project path to: C:/Users/Ekmevk/OneDrive/Belgeler/GitHub/2D3P-bootcamp-project/Children Of The War
C:/Users/Ekmevk/OneDrive/Belgeler/GitHub/2D3P-bootcamp-project/Children Of The War
=======
C:/Users/Hp/OneDrive/Masaüstü/bootcmp/2D3P-Children-of-the-War/Children Of The War
-logFile
Logs/AssetImportWorker2.log
-srvPort
<<<<<<<< Updated upstream:Children Of The War/Logs/AssetImportWorker1.log
<<<<<<< HEAD
55561
========
55020
>>>>>>>> Stashed changes:Children Of The War/Logs/AssetImportWorker2-prev.log
Successfully changed project path to: C:/Users/Hp/OneDrive/Masaüstü/bootcmp/2D3P-Children-of-the-War/Children Of The War
C:/Users/Hp/OneDrive/Masaüstü/bootcmp/2D3P-Children-of-the-War/Children Of The War
=======
56011
Successfully changed project path to: C:/Users/Ekmevk/OneDrive/Belgeler/GitHub/2D3P-bootcamp-project/Children Of The War
C:/Users/Ekmevk/OneDrive/Belgeler/GitHub/2D3P-bootcamp-project/Children Of The War
>>>>>>> 7414b6cf6da352826f7972cd07a4c9ec27b3849d
>>>>>>> Stashed changes
[UnityMemory] Configuration Parameters - Can be set up in boot.config
    "memorysetup-bucket-allocator-granularity=16"
    "memorysetup-bucket-allocator-bucket-count=8"
    "memorysetup-bucket-allocator-block-size=33554432"
    "memorysetup-bucket-allocator-block-count=8"
    "memorysetup-main-allocator-block-size=16777216"
    "memorysetup-thread-allocator-block-size=16777216"
    "memorysetup-gfx-main-allocator-block-size=16777216"
    "memorysetup-gfx-thread-allocator-block-size=16777216"
    "memorysetup-cache-allocator-block-size=4194304"
    "memorysetup-typetree-allocator-block-size=2097152"
    "memorysetup-profiler-bucket-allocator-granularity=16"
    "memorysetup-profiler-bucket-allocator-bucket-count=8"
    "memorysetup-profiler-bucket-allocator-block-size=33554432"
    "memorysetup-profiler-bucket-allocator-block-count=8"
    "memorysetup-profiler-allocator-block-size=16777216"
    "memorysetup-profiler-editor-allocator-block-size=1048576"
    "memorysetup-temp-allocator-size-main=16777216"
    "memorysetup-job-temp-allocator-block-size=2097152"
    "memorysetup-job-temp-allocator-block-size-background=1048576"
    "memorysetup-job-temp-allocator-reduction-small-platforms=262144"
    "memorysetup-temp-allocator-size-background-worker=32768"
    "memorysetup-temp-allocator-size-job-worker=262144"
    "memorysetup-temp-allocator-size-preload-manager=33554432"
    "memorysetup-temp-allocator-size-nav-mesh-worker=65536"
    "memorysetup-temp-allocator-size-audio-worker=65536"
    "memorysetup-temp-allocator-size-cloud-worker=32768"
    "memorysetup-temp-allocator-size-gi-baking-worker=262144"
    "memorysetup-temp-allocator-size-gfx=262144"
<<<<<<< Updated upstream
Player connection [16580] Host "[IP] 192.168.1.102 [Port] 0 [Flags] 2 [Guid] 4285959695 [EditorId] 4285959695 [Version] 1048832 [Id] WindowsEditor(7,DESKTOP-NGM2MBH) [Debug] 1 [PackageName] WindowsEditor [ProjectName] Editor" joined multi-casting on [225.0.0.222:54997]...

Player connection [16580] Host "[IP] 192.168.1.102 [Port] 0 [Flags] 2 [Guid] 4285959695 [EditorId] 4285959695 [Version] 1048832 [Id] WindowsEditor(7,DESKTOP-NGM2MBH) [Debug] 1 [PackageName] WindowsEditor [ProjectName] Editor" joined alternative multi-casting on [225.0.0.222:34997]...

Refreshing native plugins compatible for Editor in 94.37 ms, found 3 plugins.
Preloading 0 native plugins for Editor in 0.00 ms.
Initialize engine version: 2021.3.22f1 (b6c551784ba3)
[Subsystems] Discovering subsystems at path C:/Program Files/Unity/Hub/Editor/2021.3.22f1/Editor/Data/Resources/UnitySubsystems
[Subsystems] Discovering subsystems at path C:/Users/Ekmevk/OneDrive/Belgeler/GitHub/2D3P-bootcamp-project/Children Of The War/Assets
GfxDevice: creating device client; threaded=0; jobified=0
Direct3D:
    Version:  Direct3D 11.0 [level 11.1]
    Renderer: NVIDIA GeForce RTX 3060 Laptop GPU (ID=0x2520)
    Vendor:   NVIDIA
    VRAM:     6009 MB
    Driver:   31.0.15.3640
=======
<<<<<<<< Updated upstream:Children Of The War/Logs/AssetImportWorker1.log
<<<<<<< HEAD
Player connection [13496] Host "[IP] 192.168.1.102 [Port] 0 [Flags] 2 [Guid] 245756362 [EditorId] 245756362 [Version] 1048832 [Id] WindowsEditor(7,LAPTOP-TV1ELBVV) [Debug] 1 [PackageName] WindowsEditor [ProjectName] Editor" joined multi-casting on [225.0.0.222:54997]...

Player connection [13496] Host "[IP] 192.168.1.102 [Port] 0 [Flags] 2 [Guid] 245756362 [EditorId] 245756362 [Version] 1048832 [Id] WindowsEditor(7,LAPTOP-TV1ELBVV) [Debug] 1 [PackageName] WindowsEditor [ProjectName] Editor" joined alternative multi-casting on [225.0.0.222:34997]...

Refreshing native plugins compatible for Editor in 110.49 ms, found 3 plugins.
=======
Player connection [23872] Host "[IP] 192.168.1.102 [Port] 0 [Flags] 2 [Guid] 2647147760 [EditorId] 2647147760 [Version] 1048832 [Id] WindowsEditor(7,DESKTOP-NGM2MBH) [Debug] 1 [PackageName] WindowsEditor [ProjectName] Editor" joined multi-casting on [225.0.0.222:54997]...

Player connection [23872] Host "[IP] 192.168.1.102 [Port] 0 [Flags] 2 [Guid] 2647147760 [EditorId] 2647147760 [Version] 1048832 [Id] WindowsEditor(7,DESKTOP-NGM2MBH) [Debug] 1 [PackageName] WindowsEditor [ProjectName] Editor" joined alternative multi-casting on [225.0.0.222:34997]...

Refreshing native plugins compatible for Editor in 74.46 ms, found 3 plugins.
>>>>>>> 7414b6cf6da352826f7972cd07a4c9ec27b3849d
========
Player connection [16956] Host "[IP] 192.168.1.102 [Port] 0 [Flags] 2 [Guid] 3217271189 [EditorId] 3217271189 [Version] 1048832 [Id] WindowsEditor(7,LAPTOP-TV1ELBVV) [Debug] 1 [PackageName] WindowsEditor [ProjectName] Editor" joined multi-casting on [225.0.0.222:54997]...

Player connection [16956] Host "[IP] 192.168.1.102 [Port] 0 [Flags] 2 [Guid] 3217271189 [EditorId] 3217271189 [Version] 1048832 [Id] WindowsEditor(7,LAPTOP-TV1ELBVV) [Debug] 1 [PackageName] WindowsEditor [ProjectName] Editor" joined alternative multi-casting on [225.0.0.222:34997]...

Refreshing native plugins compatible for Editor in 113.61 ms, found 3 plugins.
>>>>>>>> Stashed changes:Children Of The War/Logs/AssetImportWorker2-prev.log
Preloading 0 native plugins for Editor in 0.00 ms.
Initialize engine version: 2021.3.22f1 (b6c551784ba3)
[Subsystems] Discovering subsystems at path C:/Program Files/Unity/Hub/Editor/2021.3.22f1/Editor/Data/Resources/UnitySubsystems
[Subsystems] Discovering subsystems at path C:/Users/Hp/OneDrive/Masaüstü/bootcmp/2D3P-Children-of-the-War/Children Of The War/Assets
GfxDevice: creating device client; threaded=0; jobified=0
Direct3D:
    Version:  Direct3D 11.0 [level 11.1]
    Renderer: NVIDIA GeForce GTX 1650 Ti (ID=0x1f95)
    Vendor:   NVIDIA
    VRAM:     3962 MB
    Driver:   30.0.15.1278
>>>>>>> Stashed changes
Initialize mono
Mono path[0] = 'C:/Program Files/Unity/Hub/Editor/2021.3.22f1/Editor/Data/Managed'
Mono path[1] = 'C:/Program Files/Unity/Hub/Editor/2021.3.22f1/Editor/Data/MonoBleedingEdge/lib/mono/unityjit-win32'
Mono config path = 'C:/Program Files/Unity/Hub/Editor/2021.3.22f1/Editor/Data/MonoBleedingEdge/etc'
<<<<<<< Updated upstream
Using monoOptions --debugger-agent=transport=dt_socket,embedding=1,server=y,suspend=n,address=127.0.0.1:56716
Begin MonoManager ReloadAssembly
Registering precompiled unity dll's ...
Register platform support module: C:/Program Files/Unity/Hub/Editor/2021.3.22f1/Editor/Data/PlaybackEngines/WindowsStandaloneSupport/UnityEditor.WindowsStandalone.Extensions.dll
Registered in 0.005882 seconds.
Native extension for WindowsStandalone target not found
Refreshing native plugins compatible for Editor in 79.87 ms, found 3 plugins.
Preloading 0 native plugins for Editor in 0.00 ms.
Mono: successfully reloaded assembly
- Completed reload, in  0.533 seconds
Domain Reload Profiling:
	ReloadAssembly (533ms)
		BeginReloadAssembly (70ms)
=======
<<<<<<<< Updated upstream:Children Of The War/Logs/AssetImportWorker1.log
<<<<<<< HEAD
Using monoOptions --debugger-agent=transport=dt_socket,embedding=1,server=y,suspend=n,address=127.0.0.1:56044
=======
Using monoOptions --debugger-agent=transport=dt_socket,embedding=1,server=y,suspend=n,address=127.0.0.1:56516
>>>>>>> 7414b6cf6da352826f7972cd07a4c9ec27b3849d
========
Using monoOptions --debugger-agent=transport=dt_socket,embedding=1,server=y,suspend=n,address=127.0.0.1:56920
>>>>>>>> Stashed changes:Children Of The War/Logs/AssetImportWorker2-prev.log
Begin MonoManager ReloadAssembly
Registering precompiled unity dll's ...
Register platform support module: C:/Program Files/Unity/Hub/Editor/2021.3.22f1/Editor/Data/PlaybackEngines/AndroidPlayer/UnityEditor.Android.Extensions.dll
Register platform support module: C:/Program Files/Unity/Hub/Editor/2021.3.22f1/Editor/Data/PlaybackEngines/iOSSupport/UnityEditor.iOS.Extensions.dll
Register platform support module: C:/Program Files/Unity/Hub/Editor/2021.3.22f1/Editor/Data/PlaybackEngines/WindowsStandaloneSupport/UnityEditor.WindowsStandalone.Extensions.dll
<<<<<<<< Updated upstream:Children Of The War/Logs/AssetImportWorker1.log
<<<<<<< HEAD
Registered in 0.014214 seconds.
========
Registered in 0.008143 seconds.
>>>>>>>> Stashed changes:Children Of The War/Logs/AssetImportWorker2-prev.log
Native extension for WindowsStandalone target not found
[usbmuxd] Start listen thread
[usbmuxd] Listen thread started
Native extension for iOS target not found
Native extension for Android target not found
<<<<<<<< Updated upstream:Children Of The War/Logs/AssetImportWorker1.log
Android Extension - Scanning For ADB Devices 290 ms
Refreshing native plugins compatible for Editor in 109.69 ms, found 3 plugins.
Preloading 0 native plugins for Editor in 0.00 ms.
Mono: successfully reloaded assembly
- Completed reload, in  1.139 seconds
Domain Reload Profiling:
	ReloadAssembly (1139ms)
		BeginReloadAssembly (126ms)
=======
Registered in 0.007016 seconds.
Native extension for WindowsStandalone target not found
Refreshing native plugins compatible for Editor in 79.95 ms, found 3 plugins.
Preloading 0 native plugins for Editor in 0.00 ms.
Mono: successfully reloaded assembly
- Completed reload, in  0.532 seconds
Domain Reload Profiling:
	ReloadAssembly (532ms)
		BeginReloadAssembly (69ms)
>>>>>>> 7414b6cf6da352826f7972cd07a4c9ec27b3849d
========
Android Extension - Scanning For ADB Devices 194 ms
Refreshing native plugins compatible for Editor in 87.26 ms, found 3 plugins.
Preloading 0 native plugins for Editor in 0.00 ms.
Mono: successfully reloaded assembly
- Completed reload, in  0.873 seconds
Domain Reload Profiling:
	ReloadAssembly (874ms)
		BeginReloadAssembly (131ms)
>>>>>>>> Stashed changes:Children Of The War/Logs/AssetImportWorker2-prev.log
>>>>>>> Stashed changes
			ExecutionOrderSort (0ms)
			DisableScriptedObjects (0ms)
			BackupInstance (0ms)
			ReleaseScriptingObjects (0ms)
			CreateAndSetChildDomain (1ms)
<<<<<<< Updated upstream
		EndReloadAssembly (382ms)
			LoadAssemblies (68ms)
			RebuildTransferFunctionScriptingTraits (0ms)
			SetupTypeCache (84ms)
			ReleaseScriptCaches (0ms)
			RebuildScriptCaches (24ms)
			SetupLoadedEditorAssemblies (231ms)
				LogAssemblyErrors (0ms)
				InitializePlatformSupportModulesInManaged (7ms)
				SetLoadedEditorAssemblies (0ms)
				RefreshPlugins (80ms)
				BeforeProcessingInitializeOnLoad (1ms)
				ProcessInitializeOnLoadAttributes (100ms)
				ProcessInitializeOnLoadMethodAttributes (43ms)
=======
<<<<<<<< Updated upstream:Children Of The War/Logs/AssetImportWorker1.log
<<<<<<< HEAD
		EndReloadAssembly (877ms)
			LoadAssemblies (124ms)
			RebuildTransferFunctionScriptingTraits (0ms)
			SetupTypeCache (153ms)
			ReleaseScriptCaches (0ms)
			RebuildScriptCaches (30ms)
			SetupLoadedEditorAssemblies (637ms)
=======
		EndReloadAssembly (374ms)
			LoadAssemblies (67ms)
			RebuildTransferFunctionScriptingTraits (0ms)
			SetupTypeCache (85ms)
			ReleaseScriptCaches (0ms)
			RebuildScriptCaches (24ms)
			SetupLoadedEditorAssemblies (224ms)
>>>>>>> 7414b6cf6da352826f7972cd07a4c9ec27b3849d
				LogAssemblyErrors (0ms)
				InitializePlatformSupportModulesInManaged (375ms)
				SetLoadedEditorAssemblies (0ms)
<<<<<<< HEAD
				RefreshPlugins (110ms)
				BeforeProcessingInitializeOnLoad (1ms)
				ProcessInitializeOnLoadAttributes (99ms)
				ProcessInitializeOnLoadMethodAttributes (51ms)
=======
				RefreshPlugins (80ms)
				BeforeProcessingInitializeOnLoad (1ms)
				ProcessInitializeOnLoadAttributes (100ms)
				ProcessInitializeOnLoadMethodAttributes (35ms)
>>>>>>> 7414b6cf6da352826f7972cd07a4c9ec27b3849d
========
		EndReloadAssembly (649ms)
			LoadAssemblies (128ms)
			RebuildTransferFunctionScriptingTraits (0ms)
			SetupTypeCache (102ms)
			ReleaseScriptCaches (0ms)
			RebuildScriptCaches (27ms)
			SetupLoadedEditorAssemblies (473ms)
				LogAssemblyErrors (0ms)
				InitializePlatformSupportModulesInManaged (261ms)
				SetLoadedEditorAssemblies (0ms)
				RefreshPlugins (87ms)
				BeforeProcessingInitializeOnLoad (1ms)
				ProcessInitializeOnLoadAttributes (85ms)
				ProcessInitializeOnLoadMethodAttributes (39ms)
>>>>>>>> Stashed changes:Children Of The War/Logs/AssetImportWorker2-prev.log
>>>>>>> Stashed changes
				AfterProcessingInitializeOnLoad (0ms)
				EditorAssembliesLoaded (0ms)
			ExecutionOrderSort2 (0ms)
			AwakeInstancesAfterBackupRestoration (0ms)
Platform modules already initialized, skipping
Registering precompiled user dll's ...
<<<<<<< Updated upstream
Registered in 0.004835 seconds.
Begin MonoManager ReloadAssembly
Symbol file LoadedFromMemory doesn't match image C:\Users\Ekmevk\OneDrive\Belgeler\GitHub\2D3P-bootcamp-project\Children Of The War\Library\PackageCache\com.unity.visualscripting@1.8.0\Editor\VisualScripting.Core\Dependencies\YamlDotNet\Unity.VisualScripting.YamlDotNet.dll
Symbol file LoadedFromMemory doesn't match image C:\Users\Ekmevk\OneDrive\Belgeler\GitHub\2D3P-bootcamp-project\Children Of The War\Library\PackageCache\com.unity.visualscripting@1.8.0\Editor\VisualScripting.Core\Dependencies\DotNetZip\Unity.VisualScripting.IonicZip.dll
Native extension for WindowsStandalone target not found
Refreshing native plugins compatible for Editor in 83.52 ms, found 3 plugins.
Preloading 0 native plugins for Editor in 0.00 ms.
Mono: successfully reloaded assembly
- Completed reload, in  1.041 seconds
Domain Reload Profiling:
	ReloadAssembly (1042ms)
		BeginReloadAssembly (120ms)
			ExecutionOrderSort (0ms)
			DisableScriptedObjects (6ms)
			BackupInstance (0ms)
			ReleaseScriptingObjects (0ms)
			CreateAndSetChildDomain (22ms)
		EndReloadAssembly (816ms)
			LoadAssemblies (92ms)
			RebuildTransferFunctionScriptingTraits (0ms)
			SetupTypeCache (259ms)
			ReleaseScriptCaches (1ms)
			RebuildScriptCaches (40ms)
			SetupLoadedEditorAssemblies (397ms)
				LogAssemblyErrors (0ms)
				InitializePlatformSupportModulesInManaged (5ms)
				SetLoadedEditorAssemblies (0ms)
				RefreshPlugins (84ms)
				BeforeProcessingInitializeOnLoad (72ms)
				ProcessInitializeOnLoadAttributes (215ms)
				ProcessInitializeOnLoadMethodAttributes (14ms)
				AfterProcessingInitializeOnLoad (7ms)
				EditorAssembliesLoaded (0ms)
			ExecutionOrderSort2 (0ms)
			AwakeInstancesAfterBackupRestoration (6ms)
=======
<<<<<<<< Updated upstream:Children Of The War/Logs/AssetImportWorker1.log
<<<<<<< HEAD
Registered in 0.007082 seconds.
=======
Registered in 0.005688 seconds.
>>>>>>> 7414b6cf6da352826f7972cd07a4c9ec27b3849d
========
Registered in 0.005021 seconds.
>>>>>>>> Stashed changes:Children Of The War/Logs/AssetImportWorker2-prev.log
Begin MonoManager ReloadAssembly
Symbol file LoadedFromMemory doesn't match image C:\Users\Hp\OneDrive\Masaüstü\bootcmp\2D3P-Children-of-the-War\Children Of The War\Library\PackageCache\com.unity.visualscripting@1.8.0\Editor\VisualScripting.Core\Dependencies\YamlDotNet\Unity.VisualScripting.YamlDotNet.dll
Symbol file LoadedFromMemory doesn't match image C:\Users\Hp\OneDrive\Masaüstü\bootcmp\2D3P-Children-of-the-War\Children Of The War\Library\PackageCache\com.unity.visualscripting@1.8.0\Editor\VisualScripting.Core\Dependencies\DotNetZip\Unity.VisualScripting.IonicZip.dll
Native extension for WindowsStandalone target not found
<<<<<<< HEAD
Native extension for iOS target not found
Native extension for Android target not found
<<<<<<<< Updated upstream:Children Of The War/Logs/AssetImportWorker1.log
Refreshing native plugins compatible for Editor in 105.55 ms, found 3 plugins.
Preloading 0 native plugins for Editor in 0.00 ms.
Mono: successfully reloaded assembly
- Completed reload, in  1.473 seconds
Domain Reload Profiling:
	ReloadAssembly (1474ms)
		BeginReloadAssembly (144ms)
=======
Refreshing native plugins compatible for Editor in 0.64 ms, found 3 plugins.
Preloading 0 native plugins for Editor in 0.00 ms.
Mono: successfully reloaded assembly
- Completed reload, in  0.686 seconds
Domain Reload Profiling:
	ReloadAssembly (689ms)
		BeginReloadAssembly (111ms)
>>>>>>> 7414b6cf6da352826f7972cd07a4c9ec27b3849d
========
Refreshing native plugins compatible for Editor in 86.14 ms, found 3 plugins.
Preloading 0 native plugins for Editor in 0.00 ms.
Mono: successfully reloaded assembly
- Completed reload, in  1.149 seconds
Domain Reload Profiling:
	ReloadAssembly (1150ms)
		BeginReloadAssembly (112ms)
>>>>>>>> Stashed changes:Children Of The War/Logs/AssetImportWorker2-prev.log
			ExecutionOrderSort (0ms)
			DisableScriptedObjects (5ms)
			BackupInstance (0ms)
			ReleaseScriptingObjects (0ms)
<<<<<<<< Updated upstream:Children Of The War/Logs/AssetImportWorker1.log
<<<<<<< HEAD
			CreateAndSetChildDomain (21ms)
		EndReloadAssembly (1191ms)
			LoadAssemblies (156ms)
			RebuildTransferFunctionScriptingTraits (0ms)
			SetupTypeCache (344ms)
			ReleaseScriptCaches (1ms)
			RebuildScriptCaches (65ms)
			SetupLoadedEditorAssemblies (592ms)
				LogAssemblyErrors (0ms)
				InitializePlatformSupportModulesInManaged (36ms)
				SetLoadedEditorAssemblies (0ms)
				RefreshPlugins (106ms)
				BeforeProcessingInitializeOnLoad (129ms)
				ProcessInitializeOnLoadAttributes (290ms)
				ProcessInitializeOnLoadMethodAttributes (21ms)
				AfterProcessingInitializeOnLoad (11ms)
========
			CreateAndSetChildDomain (18ms)
		EndReloadAssembly (938ms)
			LoadAssemblies (85ms)
			RebuildTransferFunctionScriptingTraits (0ms)
			SetupTypeCache (258ms)
			ReleaseScriptCaches (1ms)
			RebuildScriptCaches (46ms)
			SetupLoadedEditorAssemblies (510ms)
				LogAssemblyErrors (0ms)
				InitializePlatformSupportModulesInManaged (25ms)
				SetLoadedEditorAssemblies (0ms)
				RefreshPlugins (86ms)
				BeforeProcessingInitializeOnLoad (90ms)
				ProcessInitializeOnLoadAttributes (280ms)
				ProcessInitializeOnLoadMethodAttributes (18ms)
				AfterProcessingInitializeOnLoad (10ms)
>>>>>>>> Stashed changes:Children Of The War/Logs/AssetImportWorker2-prev.log
				EditorAssembliesLoaded (0ms)
			ExecutionOrderSort2 (0ms)
			AwakeInstancesAfterBackupRestoration (5ms)
>>>>>>> Stashed changes
Platform modules already initialized, skipping
========================================================================
Worker process is ready to serve import requests
Launched and connected shader compiler UnityShaderCompiler.exe after 0.05 seconds
<<<<<<< Updated upstream
Refreshing native plugins compatible for Editor in 1.17 ms, found 3 plugins.
Preloading 0 native plugins for Editor in 0.00 ms.
Unloading 3419 Unused Serialized files (Serialized files now loaded: 0)
Unloading 27 unused Assets / (113.5 KB). Loaded Objects now: 3884.
Memory consumption went from 127.6 MB to 127.5 MB.
Total: 3.426800 ms (FindLiveObjects: 0.287700 ms CreateObjectMapping: 0.096300 ms MarkObjects: 2.915000 ms  DeleteObjects: 0.126800 ms)
=======
Refreshing native plugins compatible for Editor in 1.04 ms, found 3 plugins.
Preloading 0 native plugins for Editor in 0.00 ms.
Unloading 3419 Unused Serialized files (Serialized files now loaded: 0)
Unloading 27 unused Assets / (113.7 KB). Loaded Objects now: 3886.
Memory consumption went from 125.6 MB to 125.5 MB.
Total: 3.453200 ms (FindLiveObjects: 0.309600 ms CreateObjectMapping: 0.284400 ms MarkObjects: 2.682500 ms  DeleteObjects: 0.175400 ms)
=======
			CreateAndSetChildDomain (19ms)
		EndReloadAssembly (482ms)
			LoadAssemblies (71ms)
			RebuildTransferFunctionScriptingTraits (0ms)
			SetupTypeCache (169ms)
			ReleaseScriptCaches (1ms)
			RebuildScriptCaches (28ms)
			SetupLoadedEditorAssemblies (184ms)
				LogAssemblyErrors (0ms)
				InitializePlatformSupportModulesInManaged (4ms)
				SetLoadedEditorAssemblies (0ms)
				RefreshPlugins (1ms)
				BeforeProcessingInitializeOnLoad (78ms)
				ProcessInitializeOnLoadAttributes (77ms)
				ProcessInitializeOnLoadMethodAttributes (16ms)
				AfterProcessingInitializeOnLoad (8ms)
				EditorAssembliesLoaded (0ms)
			ExecutionOrderSort2 (0ms)
			AwakeInstancesAfterBackupRestoration (7ms)
Platform modules already initialized, skipping
========================================================================
Worker process is ready to serve import requests
Launched and connected shader compiler UnityShaderCompiler.exe after 0.04 seconds
<<<<<<<< Updated upstream:Children Of The War/Logs/AssetImportWorker1.log
Refreshing native plugins compatible for Editor in 0.90 ms, found 3 plugins.
Preloading 0 native plugins for Editor in 0.00 ms.
Unloading 3419 Unused Serialized files (Serialized files now loaded: 0)
Unloading 20 unused Assets / (113.7 KB). Loaded Objects now: 3878.
Memory consumption went from 124.1 MB to 124.0 MB.
Total: 2.934800 ms (FindLiveObjects: 0.324000 ms CreateObjectMapping: 0.118600 ms MarkObjects: 2.373600 ms  DeleteObjects: 0.115200 ms)
>>>>>>> 7414b6cf6da352826f7972cd07a4c9ec27b3849d
========
Refreshing native plugins compatible for Editor in 0.78 ms, found 3 plugins.
Preloading 0 native plugins for Editor in 0.00 ms.
Unloading 3419 Unused Serialized files (Serialized files now loaded: 0)
Unloading 27 unused Assets / (113.9 KB). Loaded Objects now: 3888.
Memory consumption went from 126.1 MB to 126.0 MB.
Total: 2.806400 ms (FindLiveObjects: 0.285500 ms CreateObjectMapping: 0.261000 ms MarkObjects: 2.149200 ms  DeleteObjects: 0.109900 ms)
>>>>>>>> Stashed changes:Children Of The War/Logs/AssetImportWorker2-prev.log
>>>>>>> Stashed changes

AssetImportParameters requested are different than current active one (requested -> active):
  custom:video-decoder-ogg-theora: a1e56fd34408186e4bbccfd4996cb3dc -> 
  custom:container-muxer-webm: aa71ff27fc2769a1b78a27578f13a17b -> 
  custom:container-demuxer-webm: 4f35f7cbe854078d1ac9338744f61a02 -> 
  custom:video-encoder-webm-vp8: eb34c28f22e8b96e1ab97ce403110664 -> 
<<<<<<< Updated upstream
=======
<<<<<<< HEAD
  custom:video-codec-MediaFoundation-h265: 746d11721c4dcdbdad8f713fa42b33f4 -> 
=======
>>>>>>> 7414b6cf6da352826f7972cd07a4c9ec27b3849d
>>>>>>> Stashed changes
  custom:audio-encoder-webm-vorbis: bf7c407c2cedff20999df2af8eb42d56 -> 
  custom:framework-win-MediaFoundation: 216162199b28c13a410421893ffa2e32 -> 
  custom:container-demuxer-ogg: 62fdf1f143b41e24485cea50d1cbac27 -> 
  custom:video-decoder-webm-vp8: 9c59270c3fd7afecdb556c50c9e8de78 -> 
  custom:audio-decoder-ogg-vorbis: bf7c407c2cedff20999df2af8eb42d56 -> 
<<<<<<< Updated upstream
========================================================================
Received Import Request.
  Time since last request: 161075.095426 seconds.
  path: Assets/Voices - Essentials/Voice_Male/Voice_Male_Breath/Voice_Male_V1_Breath_Frozen_Loop_Mono.wav
  artifactKey: Guid(873ac1bc9be564043b3e8c223f60a51f) Importer(815301076,1909f56bfc062723c751e8b465ee728b)
Start importing Assets/Voices - Essentials/Voice_Male/Voice_Male_Breath/Voice_Male_V1_Breath_Frozen_Loop_Mono.wav using Guid(873ac1bc9be564043b3e8c223f60a51f) Importer(815301076,1909f56bfc062723c751e8b465ee728b)  -> (artifact id: '2aa832c125583fd9fb96fbcb79baeffd') in 0.115425 seconds 
========================================================================
Received Import Request.
  Time since last request: 0.000031 seconds.
  path: Assets/Voices - Essentials/Voice_Male/Voice_Male_Breath/Voice_Male_V1_Breath_Mouth_Strong_Loop_Mono.wav
  artifactKey: Guid(ea990ad4fac7d984b8a38eefe8c40f75) Importer(815301076,1909f56bfc062723c751e8b465ee728b)
Start importing Assets/Voices - Essentials/Voice_Male/Voice_Male_Breath/Voice_Male_V1_Breath_Mouth_Strong_Loop_Mono.wav using Guid(ea990ad4fac7d984b8a38eefe8c40f75) Importer(815301076,1909f56bfc062723c751e8b465ee728b)  -> (artifact id: '9bd6b03a12f922b8c252530230e119e6') in 0.015269 seconds 
========================================================================
Received Import Request.
  Time since last request: 0.000036 seconds.
  path: Assets/Voices - Essentials/Voice_Male/Voice_Male_Breath/Voice_Male_V1_Breath_Shocked_Mono_01.wav
  artifactKey: Guid(f9144b9a3e0e56c42bf371ed3354b33f) Importer(815301076,1909f56bfc062723c751e8b465ee728b)
Start importing Assets/Voices - Essentials/Voice_Male/Voice_Male_Breath/Voice_Male_V1_Breath_Shocked_Mono_01.wav using Guid(f9144b9a3e0e56c42bf371ed3354b33f) Importer(815301076,1909f56bfc062723c751e8b465ee728b)  -> (artifact id: '632620aa051c9b9e8ca7b0e86aaa130a') in 0.015982 seconds 
========================================================================
Received Import Request.
  Time since last request: 0.000023 seconds.
  path: Assets/Voices - Essentials/Voice_Male/Voice_Male_Breath/Voice_Male_V2_Breath_Gasp_Mono_01.wav
  artifactKey: Guid(7a9ef8f3c6b6fe04a8d5c1a98db865af) Importer(815301076,1909f56bfc062723c751e8b465ee728b)
Start importing Assets/Voices - Essentials/Voice_Male/Voice_Male_Breath/Voice_Male_V2_Breath_Gasp_Mono_01.wav using Guid(7a9ef8f3c6b6fe04a8d5c1a98db865af) Importer(815301076,1909f56bfc062723c751e8b465ee728b)  -> (artifact id: '129aae0aa5568b85cea19eac1d42683b') in 0.015536 seconds 
========================================================================
Received Import Request.
  Time since last request: 0.000023 seconds.
  path: Assets/Voices - Essentials/Voice_Male/Voice_Male_Breath/Voice_Male_V1_Breath_Shocked_Mono_05.wav
  artifactKey: Guid(67e86c150cf366a41b07eb0f39c42f08) Importer(815301076,1909f56bfc062723c751e8b465ee728b)
Start importing Assets/Voices - Essentials/Voice_Male/Voice_Male_Breath/Voice_Male_V1_Breath_Shocked_Mono_05.wav using Guid(67e86c150cf366a41b07eb0f39c42f08) Importer(815301076,1909f56bfc062723c751e8b465ee728b)  -> (artifact id: '79e070fdcd1a7f74480d4e5c69d7c0fa') in 0.015404 seconds 
========================================================================
Received Import Request.
  Time since last request: 0.000019 seconds.
  path: Assets/Voices - Essentials/Voice_Male/Voice_Male_Breath/Voice_Male_V2_Breath_Gasp_Mono_04.wav
  artifactKey: Guid(293e5ad8a2634224cb03671706bc604b) Importer(815301076,1909f56bfc062723c751e8b465ee728b)
Start importing Assets/Voices - Essentials/Voice_Male/Voice_Male_Breath/Voice_Male_V2_Breath_Gasp_Mono_04.wav using Guid(293e5ad8a2634224cb03671706bc604b) Importer(815301076,1909f56bfc062723c751e8b465ee728b)  -> (artifact id: '2e80fdbc993e7deb3fa506c13ba01f10') in 0.014744 seconds 
========================================================================
Received Import Request.
  Time since last request: 0.000020 seconds.
  path: Assets/Voices - Essentials/Voice_Male/Voice_Male_Breath/Voice_Male_V2_Breath_Gasp_Mono_03.wav
  artifactKey: Guid(e207efdc8ff247340a6b3ef0e40c2a4d) Importer(815301076,1909f56bfc062723c751e8b465ee728b)
Start importing Assets/Voices - Essentials/Voice_Male/Voice_Male_Breath/Voice_Male_V2_Breath_Gasp_Mono_03.wav using Guid(e207efdc8ff247340a6b3ef0e40c2a4d) Importer(815301076,1909f56bfc062723c751e8b465ee728b)  -> (artifact id: 'b2cc031ec4483810c3e7c87a57a1096d') in 0.019004 seconds 
========================================================================
Received Import Request.
  Time since last request: 0.000030 seconds.
  path: Assets/Voices - Essentials/Voice_Male/Voice_Male_Breath/Voice_Male_V1_Breath_Shocked_Mono_04.wav
  artifactKey: Guid(f7c7d16a93d34a84cab48246236dbd73) Importer(815301076,1909f56bfc062723c751e8b465ee728b)
Start importing Assets/Voices - Essentials/Voice_Male/Voice_Male_Breath/Voice_Male_V1_Breath_Shocked_Mono_04.wav using Guid(f7c7d16a93d34a84cab48246236dbd73) Importer(815301076,1909f56bfc062723c751e8b465ee728b)  -> (artifact id: '678fb12e3aa561a6f9192865f96a6019') in 0.019737 seconds 
========================================================================
Received Import Request.
  Time since last request: 0.000021 seconds.
  path: Assets/Voices - Essentials/Voice_Male/Voice_Male_Breath/Voice_Male_V2_Breath_Gasp_Mono_05.wav
  artifactKey: Guid(327cc991f1c622141aacd5bc31ef6976) Importer(815301076,1909f56bfc062723c751e8b465ee728b)
Start importing Assets/Voices - Essentials/Voice_Male/Voice_Male_Breath/Voice_Male_V2_Breath_Gasp_Mono_05.wav using Guid(327cc991f1c622141aacd5bc31ef6976) Importer(815301076,1909f56bfc062723c751e8b465ee728b)  -> (artifact id: '87d75bc11d381873f8683e45b3c59203') in 0.016126 seconds 
========================================================================
Received Import Request.
  Time since last request: 0.000021 seconds.
  path: Assets/Voices - Essentials/Voice_Male/Voice_Male_Breath/Voice_Male_V2_Breath_Shocked_Mono_04.wav
  artifactKey: Guid(f1405405e5d06c547a825830fdc5f47d) Importer(815301076,1909f56bfc062723c751e8b465ee728b)
Start importing Assets/Voices - Essentials/Voice_Male/Voice_Male_Breath/Voice_Male_V2_Breath_Shocked_Mono_04.wav using Guid(f1405405e5d06c547a825830fdc5f47d) Importer(815301076,1909f56bfc062723c751e8b465ee728b)  -> (artifact id: 'd2d58ab9ccb06b74f79edcdbf98be96e') in 0.016078 seconds 
========================================================================
Received Import Request.
  Time since last request: 0.000022 seconds.
  path: Assets/Voices - Essentials/Voice_Male/Voice_Male_Breath/Voice_Male_V2_Breath_Shocked_Mono_01.wav
  artifactKey: Guid(89a2317617535bf46bb762627aa0f7e9) Importer(815301076,1909f56bfc062723c751e8b465ee728b)
Start importing Assets/Voices - Essentials/Voice_Male/Voice_Male_Breath/Voice_Male_V2_Breath_Shocked_Mono_01.wav using Guid(89a2317617535bf46bb762627aa0f7e9) Importer(815301076,1909f56bfc062723c751e8b465ee728b)  -> (artifact id: 'd3dea4435baa5867b5059b77b7bab79c') in 0.016297 seconds 
========================================================================
Received Import Request.
  Time since last request: 0.000021 seconds.
  path: Assets/Voices - Essentials/Voice_Male/Voice_Male_Breath/Voice_Male_V2_Breath_Gasp_Mono_02.wav
  artifactKey: Guid(edd54b8fd12caa04db01edae2a78e454) Importer(815301076,1909f56bfc062723c751e8b465ee728b)
Start importing Assets/Voices - Essentials/Voice_Male/Voice_Male_Breath/Voice_Male_V2_Breath_Gasp_Mono_02.wav using Guid(edd54b8fd12caa04db01edae2a78e454) Importer(815301076,1909f56bfc062723c751e8b465ee728b)  -> (artifact id: 'dcd30c47bc6378d5d0423a691029f06c') in 0.016551 seconds 
========================================================================
Received Import Request.
  Time since last request: 0.000022 seconds.
  path: Assets/Voices - Essentials/Voice_Male/Voice_Male_Breath/Voice_Male_V1_Breath_Gasp_Mono_04.wav
  artifactKey: Guid(9fafd9236e5dc4148a207978214a3900) Importer(815301076,1909f56bfc062723c751e8b465ee728b)
Start importing Assets/Voices - Essentials/Voice_Male/Voice_Male_Breath/Voice_Male_V1_Breath_Gasp_Mono_04.wav using Guid(9fafd9236e5dc4148a207978214a3900) Importer(815301076,1909f56bfc062723c751e8b465ee728b)  -> (artifact id: '0499aa0ff375a071caeb16dc4fc1b9d7') in 0.016195 seconds 
========================================================================
Received Import Request.
  Time since last request: 0.000037 seconds.
  path: Assets/Voices - Essentials/Voice_Male/Voice_Male_Breath/Voice_Male_V1_Breath_Gasp_Mono_05.wav
  artifactKey: Guid(b8237eb0746eb4e45b36bcac52548532) Importer(815301076,1909f56bfc062723c751e8b465ee728b)
Start importing Assets/Voices - Essentials/Voice_Male/Voice_Male_Breath/Voice_Male_V1_Breath_Gasp_Mono_05.wav using Guid(b8237eb0746eb4e45b36bcac52548532) Importer(815301076,1909f56bfc062723c751e8b465ee728b)  -> (artifact id: 'a5ef21694baee0b0109c32f291740708') in 0.016444 seconds 
Editor requested this worker to shutdown with reason: Scaling down because of idle timeout
AssetImportWorker is now disconnected from the server
Process exiting
Exiting without the bug reporter. Application will terminate with return code 0
=======
<<<<<<<< Updated upstream:Children Of The War/Logs/AssetImportWorker1.log
<<<<<<< HEAD
========================================================================
Received Import Request.
  Time since last request: 9729.839401 seconds.
  path: Assets/Scenes/Models/electric_box_01.fbx
  artifactKey: Guid(108a68153253a9e42b2db2040891620a) Importer(815301076,1909f56bfc062723c751e8b465ee728b)
Start importing Assets/Scenes/Models/electric_box_01.fbx using Guid(108a68153253a9e42b2db2040891620a) Importer(815301076,1909f56bfc062723c751e8b465ee728b)  -> (artifact id: '37c1db0e7dff1510ec6bb78bad957283') in 0.239360 seconds 
========================================================================
Received Import Request.
  Time since last request: 0.000037 seconds.
  path: Assets/Scenes/Models/SM_Tezgah.fbx
  artifactKey: Guid(43cc918af90526042b34b0a192c546d2) Importer(815301076,1909f56bfc062723c751e8b465ee728b)
Start importing Assets/Scenes/Models/SM_Tezgah.fbx using Guid(43cc918af90526042b34b0a192c546d2) Importer(815301076,1909f56bfc062723c751e8b465ee728b)  -> (artifact id: 'a3f54806f835188baac6a39b20999021') in 0.093061 seconds 
========================================================================
Received Import Request.
  Time since last request: 0.000486 seconds.
  path: Assets/Scenes/Models/SM_Fridge_low.fbx
  artifactKey: Guid(19b049ed5dd8d314b8ffa1534305521f) Importer(815301076,1909f56bfc062723c751e8b465ee728b)
Start importing Assets/Scenes/Models/SM_Fridge_low.fbx using Guid(19b049ed5dd8d314b8ffa1534305521f) Importer(815301076,1909f56bfc062723c751e8b465ee728b)  -> (artifact id: 'e17cb5c40502bfa0766b64ed59e72017') in 0.039419 seconds 
========================================================================
Received Import Request.
  Time since last request: 0.000025 seconds.
  path: Assets/Scenes/Models/ApartmanHepsiBir.fbx
  artifactKey: Guid(94d3e23294578944692f90ca72961174) Importer(815301076,1909f56bfc062723c751e8b465ee728b)
Start importing Assets/Scenes/Models/ApartmanHepsiBir.fbx using Guid(94d3e23294578944692f90ca72961174) Importer(815301076,1909f56bfc062723c751e8b465ee728b)  -> (artifact id: '387755cec864bf3d7a59be92ff17c584') in 1.136583 seconds 
========================================================================
Received Import Request.
  Time since last request: 12.089536 seconds.
  path: Assets/PlayerAnimations/Drunk Walk.fbx
  artifactKey: Guid(3b5d5a9ada7189946bdd1844b7b5a3a7) Importer(815301076,1909f56bfc062723c751e8b465ee728b)
Start importing Assets/PlayerAnimations/Drunk Walk.fbx using Guid(3b5d5a9ada7189946bdd1844b7b5a3a7) Importer(815301076,1909f56bfc062723c751e8b465ee728b)  -> (artifact id: '46bee7b551403d470bba106b3e51b76b') in 0.304682 seconds 
========================================================================
Received Import Request.
  Time since last request: 0.000066 seconds.
  path: Assets/PlayerAnimations/Jumping.fbx
  artifactKey: Guid(e83cb8c3abbaad943ab3a20c016eb915) Importer(815301076,1909f56bfc062723c751e8b465ee728b)
Start importing Assets/PlayerAnimations/Jumping.fbx using Guid(e83cb8c3abbaad943ab3a20c016eb915) Importer(815301076,1909f56bfc062723c751e8b465ee728b)  -> (artifact id: '39ff929c98b7506bccb4234d1e1215fe') in 0.156898 seconds 
Editor requested this worker to shutdown with reason: Scaling down because of idle timeout
AssetImportWorker is now disconnected from the server
Process exiting
Exiting without the bug reporter. Application will terminate with return code 0
=======
========================================================================
Received Import Request.
  Time since last request: 162913.673468 seconds.
  path: Assets/Scripts/ScriptableSource/SCFood.cs
  artifactKey: Guid(c8a692d4e4cc9b64a9c06aac5b78878c) Importer(815301076,1909f56bfc062723c751e8b465ee728b)
Start importing Assets/Scripts/ScriptableSource/SCFood.cs using Guid(c8a692d4e4cc9b64a9c06aac5b78878c) Importer(815301076,1909f56bfc062723c751e8b465ee728b)  -> (artifact id: 'e2ed0804939f3d8d3093d9e367533b45') in 0.036543 seconds 
>>>>>>> 7414b6cf6da352826f7972cd07a4c9ec27b3849d
========
========================================================================
Received Import Request.
  Time since last request: 8655.982481 seconds.
  path: Assets/Scripts/ScriptableSource
  artifactKey: Guid(78a28a6febd977145a7a2c2b4366946a) Importer(815301076,1909f56bfc062723c751e8b465ee728b)
Start importing Assets/Scripts/ScriptableSource using Guid(78a28a6febd977145a7a2c2b4366946a) Importer(815301076,1909f56bfc062723c751e8b465ee728b)  -> (artifact id: '7bf960172b70a93bba44e9d58bd853b7') in 0.026912 seconds 
>>>>>>>> Stashed changes:Children Of The War/Logs/AssetImportWorker2-prev.log
>>>>>>> Stashed changes
