Using pre-set license
Built from '2021.3/staging' branch; Version is '2021.3.22f1 (b6c551784ba3) revision 11978065'; Using compiler version '192829333'; Build Type 'Release'
OS: 'Windows 10  (10.0.19045) 64bit CoreSingleLanguage' Language: 'tr' Physical Memory: 7963 MB
BatchMode: 1, IsHumanControllingUs: 0, StartBugReporterOnCrash: 0, Is64bit: 1, IsPro: 1

COMMAND LINE ARGUMENTS:
C:\Program Files\Unity\Hub\Editor\2021.3.22f1\Editor\Unity.exe
-adb2
-batchMode
-noUpm
-name
AssetImportWorker3
-projectPath
C:/Users/Hp/OneDrive/Masaüstü/bootcmp/2D3P-Children-of-the-War/Children Of The War
-logFile
Logs/AssetImportWorker3.log
-srvPort
51756
Successfully changed project path to: C:/Users/Hp/OneDrive/Masaüstü/bootcmp/2D3P-Children-of-the-War/Children Of The War
C:/Users/Hp/OneDrive/Masaüstü/bootcmp/2D3P-Children-of-the-War/Children Of The War
[UnityMemory] Configuration Parameters - Can be set up in boot.config
    "memorysetup-bucket-allocator-granularity=16"
    "memorysetup-bucket-allocator-bucket-count=8"
    "memorysetup-bucket-allocator-block-size=33554432"
    "memorysetup-bucket-allocator-block-count=8"
    "memorysetup-main-allocator-block-size=16777216"
    "memorysetup-thread-allocator-block-size=16777216"
    "memorysetup-gfx-main-allocator-block-size=16777216"
    "memorysetup-gfx-thread-allocator-block-size=16777216"
    "memorysetup-cache-allocator-block-size=4194304"
    "memorysetup-typetree-allocator-block-size=2097152"
    "memorysetup-profiler-bucket-allocator-granularity=16"
    "memorysetup-profiler-bucket-allocator-bucket-count=8"
    "memorysetup-profiler-bucket-allocator-block-size=33554432"
    "memorysetup-profiler-bucket-allocator-block-count=8"
    "memorysetup-profiler-allocator-block-size=16777216"
    "memorysetup-profiler-editor-allocator-block-size=1048576"
    "memorysetup-temp-allocator-size-main=16777216"
    "memorysetup-job-temp-allocator-block-size=2097152"
    "memorysetup-job-temp-allocator-block-size-background=1048576"
    "memorysetup-job-temp-allocator-reduction-small-platforms=262144"
    "memorysetup-temp-allocator-size-background-worker=32768"
    "memorysetup-temp-allocator-size-job-worker=262144"
    "memorysetup-temp-allocator-size-preload-manager=33554432"
    "memorysetup-temp-allocator-size-nav-mesh-worker=65536"
    "memorysetup-temp-allocator-size-audio-worker=65536"
    "memorysetup-temp-allocator-size-cloud-worker=32768"
    "memorysetup-temp-allocator-size-gi-baking-worker=262144"
    "memorysetup-temp-allocator-size-gfx=262144"
Player connection [11696] Host "[IP] 192.168.1.102 [Port] 0 [Flags] 2 [Guid] 2274897838 [EditorId] 2274897838 [Version] 1048832 [Id] WindowsEditor(7,LAPTOP-TV1ELBVV) [Debug] 1 [PackageName] WindowsEditor [ProjectName] Editor" joined multi-casting on [225.0.0.222:54997]...

Player connection [11696] Host "[IP] 192.168.1.102 [Port] 0 [Flags] 2 [Guid] 2274897838 [EditorId] 2274897838 [Version] 1048832 [Id] WindowsEditor(7,LAPTOP-TV1ELBVV) [Debug] 1 [PackageName] WindowsEditor [ProjectName] Editor" joined alternative multi-casting on [225.0.0.222:34997]...

Refreshing native plugins compatible for Editor in 154.60 ms, found 3 plugins.
Preloading 0 native plugins for Editor in 0.00 ms.
Initialize engine version: 2021.3.22f1 (b6c551784ba3)
[Subsystems] Discovering subsystems at path C:/Program Files/Unity/Hub/Editor/2021.3.22f1/Editor/Data/Resources/UnitySubsystems
[Subsystems] Discovering subsystems at path C:/Users/Hp/OneDrive/Masaüstü/bootcmp/2D3P-Children-of-the-War/Children Of The War/Assets
GfxDevice: creating device client; threaded=0; jobified=0
Direct3D:
    Version:  Direct3D 11.0 [level 11.1]
    Renderer: NVIDIA GeForce GTX 1650 Ti (ID=0x1f95)
    Vendor:   NVIDIA
    VRAM:     3962 MB
    Driver:   30.0.15.1278
Initialize mono
Mono path[0] = 'C:/Program Files/Unity/Hub/Editor/2021.3.22f1/Editor/Data/Managed'
Mono path[1] = 'C:/Program Files/Unity/Hub/Editor/2021.3.22f1/Editor/Data/MonoBleedingEdge/lib/mono/unityjit-win32'
Mono config path = 'C:/Program Files/Unity/Hub/Editor/2021.3.22f1/Editor/Data/MonoBleedingEdge/etc'
Using monoOptions --debugger-agent=transport=dt_socket,embedding=1,server=y,suspend=n,address=127.0.0.1:56724
Begin MonoManager ReloadAssembly
Registering precompiled unity dll's ...
Register platform support module: C:/Program Files/Unity/Hub/Editor/2021.3.22f1/Editor/Data/PlaybackEngines/AndroidPlayer/UnityEditor.Android.Extensions.dll
Register platform support module: C:/Program Files/Unity/Hub/Editor/2021.3.22f1/Editor/Data/PlaybackEngines/iOSSupport/UnityEditor.iOS.Extensions.dll
Register platform support module: C:/Program Files/Unity/Hub/Editor/2021.3.22f1/Editor/Data/PlaybackEngines/WindowsStandaloneSupport/UnityEditor.WindowsStandalone.Extensions.dll
Registered in 0.016697 seconds.
Native extension for WindowsStandalone target not found
[usbmuxd] Start listen thread
[usbmuxd] Listen thread started
Native extension for iOS target not found
Native extension for Android target not found
Android Extension - Scanning For ADB Devices 214 ms
Refreshing native plugins compatible for Editor in 93.04 ms, found 3 plugins.
Preloading 0 native plugins for Editor in 0.00 ms.
Mono: successfully reloaded assembly
- Completed reload, in  0.912 seconds
Domain Reload Profiling:
	ReloadAssembly (913ms)
		BeginReloadAssembly (119ms)
			ExecutionOrderSort (0ms)
			DisableScriptedObjects (0ms)
			BackupInstance (0ms)
			ReleaseScriptingObjects (0ms)
			CreateAndSetChildDomain (1ms)
		EndReloadAssembly (690ms)
			LoadAssemblies (117ms)
			RebuildTransferFunctionScriptingTraits (0ms)
			SetupTypeCache (107ms)
			ReleaseScriptCaches (0ms)
			RebuildScriptCaches (26ms)
			SetupLoadedEditorAssemblies (509ms)
				LogAssemblyErrors (0ms)
				InitializePlatformSupportModulesInManaged (290ms)
				SetLoadedEditorAssemblies (0ms)
				RefreshPlugins (93ms)
				BeforeProcessingInitializeOnLoad (1ms)
				ProcessInitializeOnLoadAttributes (83ms)
				ProcessInitializeOnLoadMethodAttributes (41ms)
				AfterProcessingInitializeOnLoad (0ms)
				EditorAssembliesLoaded (0ms)
			ExecutionOrderSort2 (0ms)
			AwakeInstancesAfterBackupRestoration (0ms)
Platform modules already initialized, skipping
Registering precompiled user dll's ...
Registered in 0.017910 seconds.
Begin MonoManager ReloadAssembly
Symbol file LoadedFromMemory doesn't match image C:\Users\Hp\OneDrive\Masaüstü\bootcmp\2D3P-Children-of-the-War\Children Of The War\Library\PackageCache\com.unity.visualscripting@1.8.0\Editor\VisualScripting.Core\Dependencies\YamlDotNet\Unity.VisualScripting.YamlDotNet.dll
Symbol file LoadedFromMemory doesn't match image C:\Users\Hp\OneDrive\Masaüstü\bootcmp\2D3P-Children-of-the-War\Children Of The War\Library\PackageCache\com.unity.visualscripting@1.8.0\Editor\VisualScripting.Core\Dependencies\DotNetZip\Unity.VisualScripting.IonicZip.dll
Native extension for WindowsStandalone target not found
Native extension for iOS target not found
Native extension for Android target not found
Refreshing native plugins compatible for Editor in 85.96 ms, found 3 plugins.
Preloading 0 native plugins for Editor in 0.00 ms.
Mono: successfully reloaded assembly
- Completed reload, in  1.402 seconds
Domain Reload Profiling:
	ReloadAssembly (1403ms)
		BeginReloadAssembly (240ms)
			ExecutionOrderSort (0ms)
			DisableScriptedObjects (10ms)
			BackupInstance (0ms)
			ReleaseScriptingObjects (0ms)
			CreateAndSetChildDomain (36ms)
		EndReloadAssembly (969ms)
			LoadAssemblies (207ms)
			RebuildTransferFunctionScriptingTraits (0ms)
			SetupTypeCache (255ms)
			ReleaseScriptCaches (1ms)
			RebuildScriptCaches (47ms)
			SetupLoadedEditorAssemblies (507ms)
				LogAssemblyErrors (0ms)
				InitializePlatformSupportModulesInManaged (24ms)
				SetLoadedEditorAssemblies (0ms)
				RefreshPlugins (86ms)
				BeforeProcessingInitializeOnLoad (85ms)
				ProcessInitializeOnLoadAttributes (290ms)
				ProcessInitializeOnLoadMethodAttributes (15ms)
				AfterProcessingInitializeOnLoad (7ms)
				EditorAssembliesLoaded (0ms)
			ExecutionOrderSort2 (0ms)
			AwakeInstancesAfterBackupRestoration (5ms)
Platform modules already initialized, skipping
========================================================================
Worker process is ready to serve import requests
Launched and connected shader compiler UnityShaderCompiler.exe after 0.04 seconds
Refreshing native plugins compatible for Editor in 0.76 ms, found 3 plugins.
Preloading 0 native plugins for Editor in 0.00 ms.
Unloading 3419 Unused Serialized files (Serialized files now loaded: 0)
Unloading 27 unused Assets / (113.7 KB). Loaded Objects now: 3888.
Memory consumption went from 126.2 MB to 126.1 MB.
Total: 3.292700 ms (FindLiveObjects: 0.286000 ms CreateObjectMapping: 0.251400 ms MarkObjects: 2.657400 ms  DeleteObjects: 0.097200 ms)

AssetImportParameters requested are different than current active one (requested -> active):
  custom:video-decoder-ogg-theora: a1e56fd34408186e4bbccfd4996cb3dc -> 
  custom:container-muxer-webm: aa71ff27fc2769a1b78a27578f13a17b -> 
  custom:container-demuxer-webm: 4f35f7cbe854078d1ac9338744f61a02 -> 
  custom:video-encoder-webm-vp8: eb34c28f22e8b96e1ab97ce403110664 -> 
  custom:video-codec-MediaFoundation-h265: 746d11721c4dcdbdad8f713fa42b33f4 -> 
  custom:audio-encoder-webm-vorbis: bf7c407c2cedff20999df2af8eb42d56 -> 
  custom:framework-win-MediaFoundation: 216162199b28c13a410421893ffa2e32 -> 
  custom:container-demuxer-ogg: 62fdf1f143b41e24485cea50d1cbac27 -> 
  custom:video-decoder-webm-vp8: 9c59270c3fd7afecdb556c50c9e8de78 -> 
  custom:audio-decoder-ogg-vorbis: bf7c407c2cedff20999df2af8eb42d56 -> 
========================================================================
Received Import Request.
  Time since last request: 12358.621270 seconds.
  path: Assets/1toonteen/Textures/glassesBN.png
  artifactKey: Guid(60c39d9fc51c5d2429fb2ad29098c128) Importer(815301076,1909f56bfc062723c751e8b465ee728b)
Start importing Assets/1toonteen/Textures/glassesBN.png using Guid(60c39d9fc51c5d2429fb2ad29098c128) Importer(815301076,1909f56bfc062723c751e8b465ee728b)  -> (artifact id: '505cb2f545549b72cdd01b951d999d88') in 0.196168 seconds 
========================================================================
Received Import Request.
  Time since last request: 34.718639 seconds.
  path: Assets/Materials/Player.mat
  artifactKey: Guid(65b6a3e02f570d944bcf623891e78538) Importer(815301076,1909f56bfc062723c751e8b465ee728b)
Start importing Assets/Materials/Player.mat using Guid(65b6a3e02f570d944bcf623891e78538) Importer(815301076,1909f56bfc062723c751e8b465ee728b)  -> (artifact id: 'd1bfa67c1283e135131f57e5e004a4e2') in 0.108308 seconds 
========================================================================
Received Import Request.
  Time since last request: 7.037004 seconds.
  path: Assets/PlayerAnimations/Idle.fbx
  artifactKey: Guid(18005b49b87f91a47be4b7c4d2a0f596) Importer(815301076,1909f56bfc062723c751e8b465ee728b)
Start importing Assets/PlayerAnimations/Idle.fbx using Guid(18005b49b87f91a47be4b7c4d2a0f596) Importer(815301076,1909f56bfc062723c751e8b465ee728b)  -> (artifact id: 'edaa743e62940032816204e08d29b656') in 0.262267 seconds 
========================================================================
Received Import Request.
  Time since last request: 0.000033 seconds.
  path: Assets/PlayerAnimations/Pull Heavy Object.fbx
  artifactKey: Guid(3fc182a11ba7dc04cb447e015ada006a) Importer(815301076,1909f56bfc062723c751e8b465ee728b)
Start importing Assets/PlayerAnimations/Pull Heavy Object.fbx using Guid(3fc182a11ba7dc04cb447e015ada006a) Importer(815301076,1909f56bfc062723c751e8b465ee728b)  -> (artifact id: '902bbc976af46808da14f4eab51fcb4a') in 0.160334 seconds 
========================================================================
Received Import Request.
  Time since last request: 7.983004 seconds.
  path: Assets/Scenes/SampleScene/Lightmap-0_comp_shadowmask.png
  artifactKey: Guid(72ef30dcc3d8996468c7388cf79a2f3a) Importer(815301076,1909f56bfc062723c751e8b465ee728b)
Start importing Assets/Scenes/SampleScene/Lightmap-0_comp_shadowmask.png using Guid(72ef30dcc3d8996468c7388cf79a2f3a) Importer(815301076,1909f56bfc062723c751e8b465ee728b)  -> (artifact id: '2bcb74734f450c6fa7a5a575890a2a7e') in 0.039038 seconds 
========================================================================
Received Import Request.
  Time since last request: 0.000034 seconds.
  path: Assets/Scenes/SampleScene/Lightmap-9_comp_shadowmask.png
  artifactKey: Guid(b4c9f49783f2a0545b62d4bf4c7ffa90) Importer(815301076,1909f56bfc062723c751e8b465ee728b)
Start importing Assets/Scenes/SampleScene/Lightmap-9_comp_shadowmask.png using Guid(b4c9f49783f2a0545b62d4bf4c7ffa90) Importer(815301076,1909f56bfc062723c751e8b465ee728b)  -> (artifact id: 'bf3f5549ca6a38444afb7437145a4b06') in 0.050040 seconds 
========================================================================
Received Import Request.
  Time since last request: 0.000027 seconds.
  path: Assets/Scenes/SampleScene/NavMesh.asset
  artifactKey: Guid(c64a8e0a3d2810b458161575c4c0f4dd) Importer(815301076,1909f56bfc062723c751e8b465ee728b)
Start importing Assets/Scenes/SampleScene/NavMesh.asset using Guid(c64a8e0a3d2810b458161575c4c0f4dd) Importer(815301076,1909f56bfc062723c751e8b465ee728b)  -> (artifact id: 'f182948fccff2d39e17cbad76aa68fd6') in 0.021746 seconds 
========================================================================
Received Import Request.
  Time since last request: 0.000037 seconds.
  path: Assets/Scenes/SampleScene/Lightmap-3_comp_dir.png
  artifactKey: Guid(73c00ded34a57c04a8d51d78508173c7) Importer(815301076,1909f56bfc062723c751e8b465ee728b)
Start importing Assets/Scenes/SampleScene/Lightmap-3_comp_dir.png using Guid(73c00ded34a57c04a8d51d78508173c7) Importer(815301076,1909f56bfc062723c751e8b465ee728b)  -> (artifact id: '29ce8b803026ef6dfedeec3ce2157753') in 0.036106 seconds 
========================================================================
Received Import Request.
  Time since last request: 0.000040 seconds.
  path: Assets/Scenes/SampleScene/Lightmap-3_comp_light.exr
  artifactKey: Guid(6ee6b5f4bd29e1644b1b8395fb772609) Importer(815301076,1909f56bfc062723c751e8b465ee728b)
Start importing Assets/Scenes/SampleScene/Lightmap-3_comp_light.exr using Guid(6ee6b5f4bd29e1644b1b8395fb772609) Importer(815301076,1909f56bfc062723c751e8b465ee728b)  -> (artifact id: 'f8548ce94c140376ad6a67eb5a58605e') in 0.042180 seconds 
========================================================================
Received Import Request.
  Time since last request: 0.000036 seconds.
  path: Assets/Scenes/SampleScene/Lightmap-2_comp_dir.png
  artifactKey: Guid(3b2825053ef553e46b5bd38c92609040) Importer(815301076,1909f56bfc062723c751e8b465ee728b)
Start importing Assets/Scenes/SampleScene/Lightmap-2_comp_dir.png using Guid(3b2825053ef553e46b5bd38c92609040) Importer(815301076,1909f56bfc062723c751e8b465ee728b)  -> (artifact id: 'aba19983399dd53b11b233b46353dce2') in 0.037080 seconds 
========================================================================
Received Import Request.
  Time since last request: 0.000022 seconds.
  path: Assets/Scenes/SampleScene/Lightmap-9_comp_light.exr
  artifactKey: Guid(56db79deba80ded40b1e42986320aa89) Importer(815301076,1909f56bfc062723c751e8b465ee728b)
Start importing Assets/Scenes/SampleScene/Lightmap-9_comp_light.exr using Guid(56db79deba80ded40b1e42986320aa89) Importer(815301076,1909f56bfc062723c751e8b465ee728b)  -> (artifact id: '198bd677fdd4518c05328d28cb5d7d79') in 0.034732 seconds 
========================================================================
Received Import Request.
  Time since last request: 0.000036 seconds.
  path: Assets/Scenes/SampleScene/Lightmap-4_comp_dir.png
  artifactKey: Guid(58dcf0c118870ef47a720af426f0a9bc) Importer(815301076,1909f56bfc062723c751e8b465ee728b)
Start importing Assets/Scenes/SampleScene/Lightmap-4_comp_dir.png using Guid(58dcf0c118870ef47a720af426f0a9bc) Importer(815301076,1909f56bfc062723c751e8b465ee728b)  -> (artifact id: 'a473d9b334c4b70ac63b4cc6c7f17596') in 0.034432 seconds 
========================================================================
Received Import Request.
  Time since last request: 0.000025 seconds.
  path: Assets/Scenes/SampleScene/Lightmap-7_comp_shadowmask.png
  artifactKey: Guid(3a1c47e7f64367a4c8ea9823d5453650) Importer(815301076,1909f56bfc062723c751e8b465ee728b)
Start importing Assets/Scenes/SampleScene/Lightmap-7_comp_shadowmask.png using Guid(3a1c47e7f64367a4c8ea9823d5453650) Importer(815301076,1909f56bfc062723c751e8b465ee728b)  -> (artifact id: 'd6942a7126b506fe68de05d71e498da7') in 0.029435 seconds 
========================================================================
Received Import Request.
  Time since last request: 23.542118 seconds.
  path: Assets/Scenes/Textures/M_Destroying_Building_Diffuse_02.png
  artifactKey: Guid(39e0350fd730e1b4ab307b39696aa173) Importer(815301076,1909f56bfc062723c751e8b465ee728b)
Start importing Assets/Scenes/Textures/M_Destroying_Building_Diffuse_02.png using Guid(39e0350fd730e1b4ab307b39696aa173) Importer(815301076,1909f56bfc062723c751e8b465ee728b)  -> (artifact id: 'c526d41f83ce9ded4305e1e9081068e7') in 0.094542 seconds 
========================================================================
Received Import Request.
  Time since last request: 0.000019 seconds.
  path: Assets/Scenes/Textures/T_Brick_Normal_01.jpg
  artifactKey: Guid(2dab6f63dfbc2674fbbf25f17d0fb7e1) Importer(815301076,1909f56bfc062723c751e8b465ee728b)
Start importing Assets/Scenes/Textures/T_Brick_Normal_01.jpg using Guid(2dab6f63dfbc2674fbbf25f17d0fb7e1) Importer(815301076,1909f56bfc062723c751e8b465ee728b)  -> (artifact id: 'f333ef07332b7fa5ff230c9f719a1f04') in 0.056870 seconds 
========================================================================
Received Import Request.
  Time since last request: 0.000026 seconds.
  path: Assets/Scenes/Textures/M_Destroying_Building_Normal_01.png
  artifactKey: Guid(5f31638187e12254bb1684d01bac9b09) Importer(815301076,1909f56bfc062723c751e8b465ee728b)
Start importing Assets/Scenes/Textures/M_Destroying_Building_Normal_01.png using Guid(5f31638187e12254bb1684d01bac9b09) Importer(815301076,1909f56bfc062723c751e8b465ee728b)  -> (artifact id: '44422e1fb41259231b0e1e2deeee5e14') in 0.041665 seconds 
========================================================================
Received Import Request.
  Time since last request: 0.000118 seconds.
  path: Assets/Scenes/Textures/T_Fridge_Normal 512.png
  artifactKey: Guid(5ddd69c81cd401b49a5ad9d4cb7b792f) Importer(815301076,1909f56bfc062723c751e8b465ee728b)
Start importing Assets/Scenes/Textures/T_Fridge_Normal 512.png using Guid(5ddd69c81cd401b49a5ad9d4cb7b792f) Importer(815301076,1909f56bfc062723c751e8b465ee728b)  -> (artifact id: '7d8f348e2d90411e26fb19c497619f5a') in 0.032941 seconds 
========================================================================
Received Import Request.
  Time since last request: 0.000032 seconds.
  path: Assets/Scenes/Textures/T_Bark_Displacement_01.jpg
  artifactKey: Guid(66411a7e1fcd11549a85c82420d6ec1f) Importer(815301076,1909f56bfc062723c751e8b465ee728b)
Start importing Assets/Scenes/Textures/T_Bark_Displacement_01.jpg using Guid(66411a7e1fcd11549a85c82420d6ec1f) Importer(815301076,1909f56bfc062723c751e8b465ee728b)  -> (artifact id: '53e6775e65320e63690733c92db9c8c2') in 0.029632 seconds 
========================================================================
Received Import Request.
  Time since last request: 0.000024 seconds.
  path: Assets/Scenes/Textures/T_Ground_Rock_AO_01.jpg
  artifactKey: Guid(565981f8e43e2b84f8ec59d2c905c3e8) Importer(815301076,1909f56bfc062723c751e8b465ee728b)
Start importing Assets/Scenes/Textures/T_Ground_Rock_AO_01.jpg using Guid(565981f8e43e2b84f8ec59d2c905c3e8) Importer(815301076,1909f56bfc062723c751e8b465ee728b)  -> (artifact id: '62e2a747de1cace95927d8a6e475c498') in 0.032968 seconds 
========================================================================
Received Import Request.
  Time since last request: 0.000027 seconds.
  path: Assets/Scenes/Textures/T_Book_Normal.jpg
  artifactKey: Guid(a314abce588b60840b5efbc4392e6ffc) Importer(815301076,1909f56bfc062723c751e8b465ee728b)
Start importing Assets/Scenes/Textures/T_Book_Normal.jpg using Guid(a314abce588b60840b5efbc4392e6ffc) Importer(815301076,1909f56bfc062723c751e8b465ee728b)  -> (artifact id: '79572241537623723b0413539b47922b') in 0.041160 seconds 
========================================================================
Received Import Request.
  Time since last request: 0.000032 seconds.
  path: Assets/Scenes/Textures/T_Bollard_Diffuse_01.jpg
  artifactKey: Guid(e97432690435993499cccea4cf6196b2) Importer(815301076,1909f56bfc062723c751e8b465ee728b)
Start importing Assets/Scenes/Textures/T_Bollard_Diffuse_01.jpg using Guid(e97432690435993499cccea4cf6196b2) Importer(815301076,1909f56bfc062723c751e8b465ee728b)  -> (artifact id: 'baef04ac9153e1d571a21ffc94a9c66a') in 0.031401 seconds 
========================================================================
Received Import Request.
  Time since last request: 0.000036 seconds.
  path: Assets/Scenes/Textures/T_Canteen_Diffuse.png
  artifactKey: Guid(63e183a1a1e991247a7ec62879a43c85) Importer(815301076,1909f56bfc062723c751e8b465ee728b)
Start importing Assets/Scenes/Textures/T_Canteen_Diffuse.png using Guid(63e183a1a1e991247a7ec62879a43c85) Importer(815301076,1909f56bfc062723c751e8b465ee728b)  -> (artifact id: 'c17cb716820d068e0bc23ac5bde16085') in 0.033404 seconds 
========================================================================
Received Import Request.
  Time since last request: 0.000063 seconds.
  path: Assets/Scenes/Textures/T_Childdesk_Diffuse.jpg
  artifactKey: Guid(3398b49e8cb191949978a0dd453af117) Importer(815301076,1909f56bfc062723c751e8b465ee728b)
Start importing Assets/Scenes/Textures/T_Childdesk_Diffuse.jpg using Guid(3398b49e8cb191949978a0dd453af117) Importer(815301076,1909f56bfc062723c751e8b465ee728b)  -> (artifact id: '5cd0acd85f138bde8719cebf17c1d0ff') in 0.033322 seconds 
========================================================================
Received Import Request.
  Time since last request: 0.000030 seconds.
  path: Assets/Scenes/Textures/T_Door_House_Diffuse.jpg
  artifactKey: Guid(65213ec2f92638745925bb031ab0c41e) Importer(815301076,1909f56bfc062723c751e8b465ee728b)
Start importing Assets/Scenes/Textures/T_Door_House_Diffuse.jpg using Guid(65213ec2f92638745925bb031ab0c41e) Importer(815301076,1909f56bfc062723c751e8b465ee728b)  -> (artifact id: '3f53526487fa161ee076255b21c70373') in 0.030058 seconds 
Editor requested this worker to shutdown with reason: Scaling down because of idle timeout
AssetImportWorker is now disconnected from the server
Process exiting
Exiting without the bug reporter. Application will terminate with return code 0