Using pre-set license
Built from '2021.3/staging' branch; Version is '2021.3.22f1 (b6c551784ba3) revision 11978065'; Using compiler version '192829333'; Build Type 'Release'
OS: 'Windows 10  (10.0.19045) 64bit CoreSingleLanguage' Language: 'tr' Physical Memory: 7963 MB
BatchMode: 1, IsHumanControllingUs: 0, StartBugReporterOnCrash: 0, Is64bit: 1, IsPro: 1

COMMAND LINE ARGUMENTS:
C:\Program Files\Unity\Hub\Editor\2021.3.22f1\Editor\Unity.exe
-adb2
-batchMode
-noUpm
-name
AssetImportWorker0
-projectPath
C:/Users/Hp/OneDrive/Masaüstü/bootcmp/2D3P-Children-of-the-War/Children Of The War
-logFile
Logs/AssetImportWorker0.log
-srvPort
55561
Successfully changed project path to: C:/Users/Hp/OneDrive/Masaüstü/bootcmp/2D3P-Children-of-the-War/Children Of The War
C:/Users/Hp/OneDrive/Masaüstü/bootcmp/2D3P-Children-of-the-War/Children Of The War
[UnityMemory] Configuration Parameters - Can be set up in boot.config
    "memorysetup-bucket-allocator-granularity=16"
    "memorysetup-bucket-allocator-bucket-count=8"
    "memorysetup-bucket-allocator-block-size=33554432"
    "memorysetup-bucket-allocator-block-count=8"
    "memorysetup-main-allocator-block-size=16777216"
    "memorysetup-thread-allocator-block-size=16777216"
    "memorysetup-gfx-main-allocator-block-size=16777216"
    "memorysetup-gfx-thread-allocator-block-size=16777216"
    "memorysetup-cache-allocator-block-size=4194304"
    "memorysetup-typetree-allocator-block-size=2097152"
    "memorysetup-profiler-bucket-allocator-granularity=16"
    "memorysetup-profiler-bucket-allocator-bucket-count=8"
    "memorysetup-profiler-bucket-allocator-block-size=33554432"
    "memorysetup-profiler-bucket-allocator-block-count=8"
    "memorysetup-profiler-allocator-block-size=16777216"
    "memorysetup-profiler-editor-allocator-block-size=1048576"
    "memorysetup-temp-allocator-size-main=16777216"
    "memorysetup-job-temp-allocator-block-size=2097152"
    "memorysetup-job-temp-allocator-block-size-background=1048576"
    "memorysetup-job-temp-allocator-reduction-small-platforms=262144"
    "memorysetup-temp-allocator-size-background-worker=32768"
    "memorysetup-temp-allocator-size-job-worker=262144"
    "memorysetup-temp-allocator-size-preload-manager=33554432"
    "memorysetup-temp-allocator-size-nav-mesh-worker=65536"
    "memorysetup-temp-allocator-size-audio-worker=65536"
    "memorysetup-temp-allocator-size-cloud-worker=32768"
    "memorysetup-temp-allocator-size-gi-baking-worker=262144"
    "memorysetup-temp-allocator-size-gfx=262144"
Player connection [11364] Host "[IP] 192.168.1.102 [Port] 0 [Flags] 2 [Guid] 2043346399 [EditorId] 2043346399 [Version] 1048832 [Id] WindowsEditor(7,LAPTOP-TV1ELBVV) [Debug] 1 [PackageName] WindowsEditor [ProjectName] Editor" joined multi-casting on [225.0.0.222:54997]...

Player connection [11364] Host "[IP] 192.168.1.102 [Port] 0 [Flags] 2 [Guid] 2043346399 [EditorId] 2043346399 [Version] 1048832 [Id] WindowsEditor(7,LAPTOP-TV1ELBVV) [Debug] 1 [PackageName] WindowsEditor [ProjectName] Editor" joined alternative multi-casting on [225.0.0.222:34997]...

Refreshing native plugins compatible for Editor in 110.59 ms, found 3 plugins.
Preloading 0 native plugins for Editor in 0.00 ms.
Initialize engine version: 2021.3.22f1 (b6c551784ba3)
[Subsystems] Discovering subsystems at path C:/Program Files/Unity/Hub/Editor/2021.3.22f1/Editor/Data/Resources/UnitySubsystems
[Subsystems] Discovering subsystems at path C:/Users/Hp/OneDrive/Masaüstü/bootcmp/2D3P-Children-of-the-War/Children Of The War/Assets
GfxDevice: creating device client; threaded=0; jobified=0
Direct3D:
    Version:  Direct3D 11.0 [level 11.1]
    Renderer: NVIDIA GeForce GTX 1650 Ti (ID=0x1f95)
    Vendor:   NVIDIA
    VRAM:     3962 MB
    Driver:   30.0.15.1278
Initialize mono
Mono path[0] = 'C:/Program Files/Unity/Hub/Editor/2021.3.22f1/Editor/Data/Managed'
Mono path[1] = 'C:/Program Files/Unity/Hub/Editor/2021.3.22f1/Editor/Data/MonoBleedingEdge/lib/mono/unityjit-win32'
Mono config path = 'C:/Program Files/Unity/Hub/Editor/2021.3.22f1/Editor/Data/MonoBleedingEdge/etc'
Using monoOptions --debugger-agent=transport=dt_socket,embedding=1,server=y,suspend=n,address=127.0.0.1:56080
Begin MonoManager ReloadAssembly
Registering precompiled unity dll's ...
Register platform support module: C:/Program Files/Unity/Hub/Editor/2021.3.22f1/Editor/Data/PlaybackEngines/AndroidPlayer/UnityEditor.Android.Extensions.dll
Register platform support module: C:/Program Files/Unity/Hub/Editor/2021.3.22f1/Editor/Data/PlaybackEngines/iOSSupport/UnityEditor.iOS.Extensions.dll
Register platform support module: C:/Program Files/Unity/Hub/Editor/2021.3.22f1/Editor/Data/PlaybackEngines/WindowsStandaloneSupport/UnityEditor.WindowsStandalone.Extensions.dll
Registered in 0.015484 seconds.
Native extension for WindowsStandalone target not found
[usbmuxd] Start listen thread
[usbmuxd] Listen thread started
Native extension for iOS target not found
Native extension for Android target not found
Android Extension - Scanning For ADB Devices 298 ms
Refreshing native plugins compatible for Editor in 105.07 ms, found 3 plugins.
Preloading 0 native plugins for Editor in 0.00 ms.
Mono: successfully reloaded assembly
- Completed reload, in  1.154 seconds
Domain Reload Profiling:
	ReloadAssembly (1155ms)
		BeginReloadAssembly (147ms)
			ExecutionOrderSort (0ms)
			DisableScriptedObjects (0ms)
			BackupInstance (0ms)
			ReleaseScriptingObjects (0ms)
			CreateAndSetChildDomain (1ms)
		EndReloadAssembly (872ms)
			LoadAssemblies (143ms)
			RebuildTransferFunctionScriptingTraits (0ms)
			SetupTypeCache (153ms)
			ReleaseScriptCaches (0ms)
			RebuildScriptCaches (31ms)
			SetupLoadedEditorAssemblies (633ms)
				LogAssemblyErrors (0ms)
				InitializePlatformSupportModulesInManaged (381ms)
				SetLoadedEditorAssemblies (0ms)
				RefreshPlugins (105ms)
				BeforeProcessingInitializeOnLoad (1ms)
				ProcessInitializeOnLoadAttributes (99ms)
				ProcessInitializeOnLoadMethodAttributes (47ms)
				AfterProcessingInitializeOnLoad (0ms)
				EditorAssembliesLoaded (0ms)
			ExecutionOrderSort2 (0ms)
			AwakeInstancesAfterBackupRestoration (0ms)
Platform modules already initialized, skipping
Registering precompiled user dll's ...
Registered in 0.006529 seconds.
Begin MonoManager ReloadAssembly
Symbol file LoadedFromMemory doesn't match image C:\Users\Hp\OneDrive\Masaüstü\bootcmp\2D3P-Children-of-the-War\Children Of The War\Library\PackageCache\com.unity.visualscripting@1.8.0\Editor\VisualScripting.Core\Dependencies\YamlDotNet\Unity.VisualScripting.YamlDotNet.dll
Symbol file LoadedFromMemory doesn't match image C:\Users\Hp\OneDrive\Masaüstü\bootcmp\2D3P-Children-of-the-War\Children Of The War\Library\PackageCache\com.unity.visualscripting@1.8.0\Editor\VisualScripting.Core\Dependencies\DotNetZip\Unity.VisualScripting.IonicZip.dll
Native extension for WindowsStandalone target not found
Native extension for iOS target not found
Native extension for Android target not found
Refreshing native plugins compatible for Editor in 103.92 ms, found 3 plugins.
Preloading 0 native plugins for Editor in 0.00 ms.
Mono: successfully reloaded assembly
- Completed reload, in  1.477 seconds
Domain Reload Profiling:
	ReloadAssembly (1478ms)
		BeginReloadAssembly (139ms)
			ExecutionOrderSort (0ms)
			DisableScriptedObjects (6ms)
			BackupInstance (0ms)
			ReleaseScriptingObjects (0ms)
			CreateAndSetChildDomain (21ms)
		EndReloadAssembly (1212ms)
			LoadAssemblies (172ms)
			RebuildTransferFunctionScriptingTraits (0ms)
			SetupTypeCache (350ms)
			ReleaseScriptCaches (1ms)
			RebuildScriptCaches (67ms)
			SetupLoadedEditorAssemblies (587ms)
				LogAssemblyErrors (0ms)
				InitializePlatformSupportModulesInManaged (35ms)
				SetLoadedEditorAssemblies (0ms)
				RefreshPlugins (104ms)
				BeforeProcessingInitializeOnLoad (124ms)
				ProcessInitializeOnLoadAttributes (294ms)
				ProcessInitializeOnLoadMethodAttributes (21ms)
				AfterProcessingInitializeOnLoad (9ms)
				EditorAssembliesLoaded (0ms)
			ExecutionOrderSort2 (0ms)
			AwakeInstancesAfterBackupRestoration (6ms)
Platform modules already initialized, skipping
========================================================================
Worker process is ready to serve import requests
Launched and connected shader compiler UnityShaderCompiler.exe after 0.05 seconds
Refreshing native plugins compatible for Editor in 1.29 ms, found 3 plugins.
Preloading 0 native plugins for Editor in 0.00 ms.
Unloading 3419 Unused Serialized files (Serialized files now loaded: 0)
Unloading 27 unused Assets / (113.7 KB). Loaded Objects now: 3886.
Memory consumption went from 125.7 MB to 125.6 MB.
Total: 3.432200 ms (FindLiveObjects: 0.334900 ms CreateObjectMapping: 0.349600 ms MarkObjects: 2.626300 ms  DeleteObjects: 0.120500 ms)

AssetImportParameters requested are different than current active one (requested -> active):
  custom:video-decoder-ogg-theora: a1e56fd34408186e4bbccfd4996cb3dc -> 
  custom:container-muxer-webm: aa71ff27fc2769a1b78a27578f13a17b -> 
  custom:container-demuxer-webm: 4f35f7cbe854078d1ac9338744f61a02 -> 
  custom:video-encoder-webm-vp8: eb34c28f22e8b96e1ab97ce403110664 -> 
  custom:video-codec-MediaFoundation-h265: 746d11721c4dcdbdad8f713fa42b33f4 -> 
  custom:audio-encoder-webm-vorbis: bf7c407c2cedff20999df2af8eb42d56 -> 
  custom:framework-win-MediaFoundation: 216162199b28c13a410421893ffa2e32 -> 
  custom:container-demuxer-ogg: 62fdf1f143b41e24485cea50d1cbac27 -> 
  custom:video-decoder-webm-vp8: 9c59270c3fd7afecdb556c50c9e8de78 -> 
  custom:audio-decoder-ogg-vorbis: bf7c407c2cedff20999df2af8eb42d56 -> 
========================================================================
Received Import Request.
  Time since last request: 9729.839438 seconds.
  path: Assets/Scenes/Models/SM_Telsiz.obj
  artifactKey: Guid(120c5bac2ac32574398d66b10f125b53) Importer(815301076,1909f56bfc062723c751e8b465ee728b)
Start importing Assets/Scenes/Models/SM_Telsiz.obj using Guid(120c5bac2ac32574398d66b10f125b53) Importer(815301076,1909f56bfc062723c751e8b465ee728b)  -> (artifact id: '94983d596ead8f41344edcf329c45f28') in 0.240436 seconds 
========================================================================
Received Import Request.
  Time since last request: 0.000075 seconds.
  path: Assets/Scenes/Models/SM_Table_Light.obj
  artifactKey: Guid(22ce9ff1178ff1b4ea0542f08ba99695) Importer(815301076,1909f56bfc062723c751e8b465ee728b)
Start importing Assets/Scenes/Models/SM_Table_Light.obj using Guid(22ce9ff1178ff1b4ea0542f08ba99695) Importer(815301076,1909f56bfc062723c751e8b465ee728b)  -> (artifact id: '5c7c4805772c7b203656081c3587b8c8') in 0.083726 seconds 
========================================================================
Received Import Request.
  Time since last request: 0.000034 seconds.
  path: Assets/Scenes/Models/SM_large_pile_of_cloth.obj
  artifactKey: Guid(ee1d91a72c14f904783fab6ff6805f41) Importer(815301076,1909f56bfc062723c751e8b465ee728b)
Start importing Assets/Scenes/Models/SM_large_pile_of_cloth.obj using Guid(ee1d91a72c14f904783fab6ff6805f41) Importer(815301076,1909f56bfc062723c751e8b465ee728b)  -> (artifact id: 'ed0491c820573ed3177405c658cdf7f7') in 0.079074 seconds 
========================================================================
Received Import Request.
  Time since last request: 0.000035 seconds.
  path: Assets/Scenes/Models/wdlmdgebw_LOD4.fbx
  artifactKey: Guid(b5784567e10ff3b428f460a493167889) Importer(815301076,1909f56bfc062723c751e8b465ee728b)
Start importing Assets/Scenes/Models/wdlmdgebw_LOD4.fbx using Guid(b5784567e10ff3b428f460a493167889) Importer(815301076,1909f56bfc062723c751e8b465ee728b)  -> (artifact id: 'a471fb87bd7086db4809d3eb53663947') in 0.053738 seconds 
========================================================================
Received Import Request.
  Time since last request: 0.000053 seconds.
  path: Assets/Scenes/Models/Maze 1.fbx
  artifactKey: Guid(a51686409e3efbd45b4f38ef4ac3e790) Importer(815301076,1909f56bfc062723c751e8b465ee728b)
Start importing Assets/Scenes/Models/Maze 1.fbx using Guid(a51686409e3efbd45b4f38ef4ac3e790) Importer(815301076,1909f56bfc062723c751e8b465ee728b)  -> (artifact id: '67150177a2ebef79d671362f7ebe6c99') in 0.109739 seconds 
========================================================================
Received Import Request.
  Time since last request: 0.000131 seconds.
  path: Assets/Scenes/Models/Destroy_Building_04.fbx
  artifactKey: Guid(b674088d996e72246ac3d906f14b9d1d) Importer(815301076,1909f56bfc062723c751e8b465ee728b)
Start importing Assets/Scenes/Models/Destroy_Building_04.fbx using Guid(b674088d996e72246ac3d906f14b9d1d) Importer(815301076,1909f56bfc062723c751e8b465ee728b)  -> (artifact id: '6af31bc0fff4f890db2f3c91c6fc69df') in 0.063184 seconds 
========================================================================
Received Import Request.
  Time since last request: 0.000044 seconds.
  path: Assets/Scenes/Models/Anten.fbx
  artifactKey: Guid(7bb47cb08479cac4e995e5b4cd68414f) Importer(815301076,1909f56bfc062723c751e8b465ee728b)
Start importing Assets/Scenes/Models/Anten.fbx using Guid(7bb47cb08479cac4e995e5b4cd68414f) Importer(815301076,1909f56bfc062723c751e8b465ee728b)  -> (artifact id: '033cff57a7576cf88b46097644e99c0c') in 0.055101 seconds 
========================================================================
Received Import Request.
  Time since last request: 0.000040 seconds.
  path: Assets/Scenes/Models/xccgdb3dw_LOD4.fbx
  artifactKey: Guid(d0765e14125b10647ae7a8b5994af23c) Importer(815301076,1909f56bfc062723c751e8b465ee728b)
Start importing Assets/Scenes/Models/xccgdb3dw_LOD4.fbx using Guid(d0765e14125b10647ae7a8b5994af23c) Importer(815301076,1909f56bfc062723c751e8b465ee728b)  -> (artifact id: '37f32b0f1c45ab65086d3e56cb3c3227') in 0.053312 seconds 
========================================================================
Received Import Request.
  Time since last request: 0.000051 seconds.
  path: Assets/Scenes/Models/M_Messy_Bed.fbx
  artifactKey: Guid(8fba03577e217ec48a8d3131b9c72510) Importer(815301076,1909f56bfc062723c751e8b465ee728b)
Start importing Assets/Scenes/Models/M_Messy_Bed.fbx using Guid(8fba03577e217ec48a8d3131b9c72510) Importer(815301076,1909f56bfc062723c751e8b465ee728b)  -> (artifact id: 'ad3d8b922f73b2d6b7cb37829aa35b7d') in 0.095648 seconds 
========================================================================
Received Import Request.
  Time since last request: 0.000037 seconds.
  path: Assets/Scenes/Models/SM_Canteen.fbx
  artifactKey: Guid(812228e9bf6a0594c9aa5872987af338) Importer(815301076,1909f56bfc062723c751e8b465ee728b)
Start importing Assets/Scenes/Models/SM_Canteen.fbx using Guid(812228e9bf6a0594c9aa5872987af338) Importer(815301076,1909f56bfc062723c751e8b465ee728b)  -> (artifact id: 'cd7a1aeeb2046e6e447310788cbc15f9') in 0.076401 seconds 
========================================================================
Received Import Request.
  Time since last request: 0.000038 seconds.
  path: Assets/Scenes/Models/SM_Kitchen_table.fbx
  artifactKey: Guid(94cc06f2997f78246b6ddd7f7b985eed) Importer(815301076,1909f56bfc062723c751e8b465ee728b)
Start importing Assets/Scenes/Models/SM_Kitchen_table.fbx using Guid(94cc06f2997f78246b6ddd7f7b985eed) Importer(815301076,1909f56bfc062723c751e8b465ee728b)  -> (artifact id: 'd311a75341b81c42f2516a5e8a95046c') in 0.050084 seconds 
========================================================================
Received Import Request.
  Time since last request: 0.000028 seconds.
  path: Assets/Scenes/Models/SM_Sandbox.fbx
  artifactKey: Guid(b35074d44f502994c9c6c2f91378117f) Importer(815301076,1909f56bfc062723c751e8b465ee728b)
Start importing Assets/Scenes/Models/SM_Sandbox.fbx using Guid(b35074d44f502994c9c6c2f91378117f) Importer(815301076,1909f56bfc062723c751e8b465ee728b)  -> (artifact id: '30feeb4346c8b0d5fd10c6cd2109fe79') in 0.111869 seconds 
========================================================================
Received Import Request.
  Time since last request: 0.000041 seconds.
  path: Assets/Scenes/Models/tree_01.fbx
  artifactKey: Guid(8713d301ad937d743af0f94839c822a5) Importer(815301076,1909f56bfc062723c751e8b465ee728b)
Start importing Assets/Scenes/Models/tree_01.fbx using Guid(8713d301ad937d743af0f94839c822a5) Importer(815301076,1909f56bfc062723c751e8b465ee728b)  -> (artifact id: '3d7c031bba062e04d6d63e647844658b') in 0.052349 seconds 
========================================================================
Received Import Request.
  Time since last request: 0.000031 seconds.
  path: Assets/Scenes/Models/Moloz_03.fbx
  artifactKey: Guid(be61060b7769ed743b31df7bc81f348a) Importer(815301076,1909f56bfc062723c751e8b465ee728b)
Start importing Assets/Scenes/Models/Moloz_03.fbx using Guid(be61060b7769ed743b31df7bc81f348a) Importer(815301076,1909f56bfc062723c751e8b465ee728b)  -> (artifact id: '46a0eb7369c237840d3f9088f7a25a15') in 0.038000 seconds 
========================================================================
Received Import Request.
  Time since last request: 12.299406 seconds.
  path: Assets/PlayerAnimations/Climbing Ladder.fbx
  artifactKey: Guid(88db05751ecdd8a42a5112a1552f502c) Importer(815301076,1909f56bfc062723c751e8b465ee728b)
Start importing Assets/PlayerAnimations/Climbing Ladder.fbx using Guid(88db05751ecdd8a42a5112a1552f502c) Importer(815301076,1909f56bfc062723c751e8b465ee728b)  -> (artifact id: 'd45ab536615fd4ce741029e4278b3e32') in 0.299265 seconds 
========================================================================
Received Import Request.
  Time since last request: 0.000047 seconds.
  path: Assets/PlayerAnimations/Walking.fbx
  artifactKey: Guid(aa45a1b1a65391840ae169f60649a945) Importer(815301076,1909f56bfc062723c751e8b465ee728b)
Start importing Assets/PlayerAnimations/Walking.fbx using Guid(aa45a1b1a65391840ae169f60649a945) Importer(815301076,1909f56bfc062723c751e8b465ee728b)  -> (artifact id: 'cff9eea168c30166462d698018ff3f6d') in 0.159241 seconds 
========================================================================
Received Import Request.
  Time since last request: 0.000032 seconds.
  path: Assets/PlayerAnimations/Push.fbx
  artifactKey: Guid(f0bef6b530fe2ea41a85b8156d93fba7) Importer(815301076,1909f56bfc062723c751e8b465ee728b)
Start importing Assets/PlayerAnimations/Push.fbx using Guid(f0bef6b530fe2ea41a85b8156d93fba7) Importer(815301076,1909f56bfc062723c751e8b465ee728b)  -> (artifact id: '34e84897fd858c96d510c98d717101bf') in 0.107483 seconds 
========================================================================
Received Import Request.
  Time since last request: 1.048084 seconds.
  path: Assets/Prefabs/TTBoyB Variant.prefab
  artifactKey: Guid(6fca1677a839dfd4b92f4387a43f0363) Importer(815301076,1909f56bfc062723c751e8b465ee728b)
Start importing Assets/Prefabs/TTBoyB Variant.prefab using Guid(6fca1677a839dfd4b92f4387a43f0363) Importer(815301076,1909f56bfc062723c751e8b465ee728b)  -> (artifact id: 'b6cab29fb62a3d52d4262ce95592ec81') in 0.112898 seconds 
========================================================================
Received Prepare
Registering precompiled user dll's ...
Registered in 0.004719 seconds.
Begin MonoManager ReloadAssembly
Symbol file LoadedFromMemory doesn't match image C:\Users\Hp\OneDrive\Masaüstü\bootcmp\2D3P-Children-of-the-War\Children Of The War\Library\PackageCache\com.unity.visualscripting@1.8.0\Editor\VisualScripting.Core\Dependencies\YamlDotNet\Unity.VisualScripting.YamlDotNet.dll
Symbol file LoadedFromMemory doesn't match image C:\Users\Hp\OneDrive\Masaüstü\bootcmp\2D3P-Children-of-the-War\Children Of The War\Library\PackageCache\com.unity.visualscripting@1.8.0\Editor\VisualScripting.Core\Dependencies\DotNetZip\Unity.VisualScripting.IonicZip.dll
Native extension for WindowsStandalone target not found
Native extension for iOS target not found
Native extension for Android target not found
Refreshing native plugins compatible for Editor in 1.47 ms, found 3 plugins.
Preloading 0 native plugins for Editor in 0.00 ms.
Mono: successfully reloaded assembly
- Completed reload, in  1.518 seconds
Domain Reload Profiling:
	ReloadAssembly (1519ms)
		BeginReloadAssembly (215ms)
			ExecutionOrderSort (0ms)
			DisableScriptedObjects (6ms)
			BackupInstance (0ms)
			ReleaseScriptingObjects (0ms)
			CreateAndSetChildDomain (60ms)
		EndReloadAssembly (1164ms)
			LoadAssemblies (144ms)
			RebuildTransferFunctionScriptingTraits (0ms)
			SetupTypeCache (414ms)
			ReleaseScriptCaches (2ms)
			RebuildScriptCaches (60ms)
			SetupLoadedEditorAssemblies (493ms)
				LogAssemblyErrors (0ms)
				InitializePlatformSupportModulesInManaged (44ms)
				SetLoadedEditorAssemblies (1ms)
				RefreshPlugins (2ms)
				BeforeProcessingInitializeOnLoad (88ms)
				ProcessInitializeOnLoadAttributes (318ms)
				ProcessInitializeOnLoadMethodAttributes (27ms)
				AfterProcessingInitializeOnLoad (13ms)
				EditorAssembliesLoaded (1ms)
			ExecutionOrderSort2 (0ms)
			AwakeInstancesAfterBackupRestoration (8ms)
Platform modules already initialized, skipping
Refreshing native plugins compatible for Editor in 3.80 ms, found 3 plugins.
Preloading 0 native plugins for Editor in 0.00 ms.
Unloading 3401 Unused Serialized files (Serialized files now loaded: 0)
Unloading 18 unused Assets / (80.0 KB). Loaded Objects now: 3935.
Memory consumption went from 141.8 MB to 141.7 MB.
Total: 5.651300 ms (FindLiveObjects: 0.516400 ms CreateObjectMapping: 0.502000 ms MarkObjects: 4.314400 ms  DeleteObjects: 0.317100 ms)

AssetImportParameters requested are different than current active one (requested -> active):
  custom:video-decoder-ogg-theora: a1e56fd34408186e4bbccfd4996cb3dc -> 
  custom:container-muxer-webm: aa71ff27fc2769a1b78a27578f13a17b -> 
  custom:container-demuxer-webm: 4f35f7cbe854078d1ac9338744f61a02 -> 
  custom:video-encoder-webm-vp8: eb34c28f22e8b96e1ab97ce403110664 -> 
  custom:video-codec-MediaFoundation-h265: 746d11721c4dcdbdad8f713fa42b33f4 -> 
  custom:audio-encoder-webm-vorbis: bf7c407c2cedff20999df2af8eb42d56 -> 
  custom:framework-win-MediaFoundation: 216162199b28c13a410421893ffa2e32 -> 
  custom:container-demuxer-ogg: 62fdf1f143b41e24485cea50d1cbac27 -> 
  custom:video-decoder-webm-vp8: 9c59270c3fd7afecdb556c50c9e8de78 -> 
  custom:audio-decoder-ogg-vorbis: bf7c407c2cedff20999df2af8eb42d56 -> 
========================================================================
Received Import Request.
  Time since last request: 1625.132407 seconds.
  path: Assets/Voices - Essentials/Voice_Female/Voice_Female_Effort/Voice_Female_V1_Effort_Mono_03.wav
  artifactKey: Guid(5b84528b023e9704f9a915c16e8830bf) Importer(815301076,1909f56bfc062723c751e8b465ee728b)
Start importing Assets/Voices - Essentials/Voice_Female/Voice_Female_Effort/Voice_Female_V1_Effort_Mono_03.wav using Guid(5b84528b023e9704f9a915c16e8830bf) Importer(815301076,1909f56bfc062723c751e8b465ee728b)  -> (artifact id: 'b68cc919b58fd0c94ef9472cc363512b') in 1.395865 seconds 
========================================================================
Received Import Request.
  Time since last request: 7.265380 seconds.
  path: Assets/SESLER/Voice_Female_V1_Breath_Strong_Loop_Mono.wav
  artifactKey: Guid(991b0a037bb036d41bc93880dd2278a1) Importer(815301076,1909f56bfc062723c751e8b465ee728b)
Start importing Assets/SESLER/Voice_Female_V1_Breath_Strong_Loop_Mono.wav using Guid(991b0a037bb036d41bc93880dd2278a1) Importer(815301076,1909f56bfc062723c751e8b465ee728b)  -> (artifact id: 'd15bcecd18cb077acc6c60ffcc7597a6') in 0.024588 seconds 
========================================================================
Received Import Request.
  Time since last request: 0.000030 seconds.
  path: Assets/SESLER/Voice_Female_V2_Land_Mono_03.wav
  artifactKey: Guid(3e94cefc3fd41fe44aa98142932a819e) Importer(815301076,1909f56bfc062723c751e8b465ee728b)
Start importing Assets/SESLER/Voice_Female_V2_Land_Mono_03.wav using Guid(3e94cefc3fd41fe44aa98142932a819e) Importer(815301076,1909f56bfc062723c751e8b465ee728b)  -> (artifact id: '90e06ea151a038d7fb1b242ea21d357c') in 0.025690 seconds 
Editor requested this worker to shutdown with reason: Scaling down because of idle timeout
AssetImportWorker is now disconnected from the server
Process exiting
Exiting without the bug reporter. Application will terminate with return code 0