Using pre-set license
Built from '2021.3/staging' branch; Version is '2021.3.22f1 (b6c551784ba3) revision 11978065'; Using compiler version '192829333'; Build Type 'Release'
OS: 'Windows 10  (10.0.19045) 64bit Professional' Language: 'tr' Physical Memory: 16125 MB
BatchMode: 1, IsHumanControllingUs: 0, StartBugReporterOnCrash: 0, Is64bit: 1, IsPro: 1

COMMAND LINE ARGUMENTS:
C:\Program Files\Unity\Hub\Editor\2021.3.22f1\Editor\Unity.exe
-adb2
-batchMode
-noUpm
-name
AssetImportWorker9
-projectPath
C:/Users/Ekmevk/OneDrive/Belgeler/GitHub/2D3P-bootcamp-project/Children Of The War
-logFile
Logs/AssetImportWorker9.log
-srvPort
61464
Successfully changed project path to: C:/Users/Ekmevk/OneDrive/Belgeler/GitHub/2D3P-bootcamp-project/Children Of The War
C:/Users/Ekmevk/OneDrive/Belgeler/GitHub/2D3P-bootcamp-project/Children Of The War
[UnityMemory] Configuration Parameters - Can be set up in boot.config
    "memorysetup-bucket-allocator-granularity=16"
    "memorysetup-bucket-allocator-bucket-count=8"
    "memorysetup-bucket-allocator-block-size=33554432"
    "memorysetup-bucket-allocator-block-count=8"
    "memorysetup-main-allocator-block-size=16777216"
    "memorysetup-thread-allocator-block-size=16777216"
    "memorysetup-gfx-main-allocator-block-size=16777216"
    "memorysetup-gfx-thread-allocator-block-size=16777216"
    "memorysetup-cache-allocator-block-size=4194304"
    "memorysetup-typetree-allocator-block-size=2097152"
    "memorysetup-profiler-bucket-allocator-granularity=16"
    "memorysetup-profiler-bucket-allocator-bucket-count=8"
    "memorysetup-profiler-bucket-allocator-block-size=33554432"
    "memorysetup-profiler-bucket-allocator-block-count=8"
    "memorysetup-profiler-allocator-block-size=16777216"
    "memorysetup-profiler-editor-allocator-block-size=1048576"
    "memorysetup-temp-allocator-size-main=16777216"
    "memorysetup-job-temp-allocator-block-size=2097152"
    "memorysetup-job-temp-allocator-block-size-background=1048576"
    "memorysetup-job-temp-allocator-reduction-small-platforms=262144"
    "memorysetup-temp-allocator-size-background-worker=32768"
    "memorysetup-temp-allocator-size-job-worker=262144"
    "memorysetup-temp-allocator-size-preload-manager=33554432"
    "memorysetup-temp-allocator-size-nav-mesh-worker=65536"
    "memorysetup-temp-allocator-size-audio-worker=65536"
    "memorysetup-temp-allocator-size-cloud-worker=32768"
    "memorysetup-temp-allocator-size-gi-baking-worker=262144"
    "memorysetup-temp-allocator-size-gfx=262144"
Player connection [24472] Host "[IP] 192.168.1.102 [Port] 0 [Flags] 2 [Guid] 949245153 [EditorId] 949245153 [Version] 1048832 [Id] WindowsEditor(7,DESKTOP-NGM2MBH) [Debug] 1 [PackageName] WindowsEditor [ProjectName] Editor" joined multi-casting on [225.0.0.222:54997]...

Player connection [24472] Host "[IP] 192.168.1.102 [Port] 0 [Flags] 2 [Guid] 949245153 [EditorId] 949245153 [Version] 1048832 [Id] WindowsEditor(7,DESKTOP-NGM2MBH) [Debug] 1 [PackageName] WindowsEditor [ProjectName] Editor" joined alternative multi-casting on [225.0.0.222:34997]...

Refreshing native plugins compatible for Editor in 84.70 ms, found 3 plugins.
Preloading 0 native plugins for Editor in 0.00 ms.
Initialize engine version: 2021.3.22f1 (b6c551784ba3)
[Subsystems] Discovering subsystems at path C:/Program Files/Unity/Hub/Editor/2021.3.22f1/Editor/Data/Resources/UnitySubsystems
[Subsystems] Discovering subsystems at path C:/Users/Ekmevk/OneDrive/Belgeler/GitHub/2D3P-bootcamp-project/Children Of The War/Assets
GfxDevice: creating device client; threaded=0; jobified=0
Direct3D:
    Version:  Direct3D 11.0 [level 11.1]
    Renderer: NVIDIA GeForce RTX 3060 Laptop GPU (ID=0x2520)
    Vendor:   NVIDIA
    VRAM:     6009 MB
    Driver:   31.0.15.3640
Initialize mono
Mono path[0] = 'C:/Program Files/Unity/Hub/Editor/2021.3.22f1/Editor/Data/Managed'
Mono path[1] = 'C:/Program Files/Unity/Hub/Editor/2021.3.22f1/Editor/Data/MonoBleedingEdge/lib/mono/unityjit-win32'
Mono config path = 'C:/Program Files/Unity/Hub/Editor/2021.3.22f1/Editor/Data/MonoBleedingEdge/etc'
Using monoOptions --debugger-agent=transport=dt_socket,embedding=1,server=y,suspend=n,address=127.0.0.1:56260
Begin MonoManager ReloadAssembly
Registering precompiled unity dll's ...
Register platform support module: C:/Program Files/Unity/Hub/Editor/2021.3.22f1/Editor/Data/PlaybackEngines/WindowsStandaloneSupport/UnityEditor.WindowsStandalone.Extensions.dll
Registered in 0.006414 seconds.
Native extension for WindowsStandalone target not found
Refreshing native plugins compatible for Editor in 81.92 ms, found 3 plugins.
Preloading 0 native plugins for Editor in 0.00 ms.
Mono: successfully reloaded assembly
- Completed reload, in  0.553 seconds
Domain Reload Profiling:
	ReloadAssembly (553ms)
		BeginReloadAssembly (75ms)
			ExecutionOrderSort (0ms)
			DisableScriptedObjects (0ms)
			BackupInstance (0ms)
			ReleaseScriptingObjects (0ms)
			CreateAndSetChildDomain (1ms)
		EndReloadAssembly (397ms)
			LoadAssemblies (73ms)
			RebuildTransferFunctionScriptingTraits (0ms)
			SetupTypeCache (97ms)
			ReleaseScriptCaches (0ms)
			RebuildScriptCaches (22ms)
			SetupLoadedEditorAssemblies (230ms)
				LogAssemblyErrors (0ms)
				InitializePlatformSupportModulesInManaged (7ms)
				SetLoadedEditorAssemblies (0ms)
				RefreshPlugins (82ms)
				BeforeProcessingInitializeOnLoad (1ms)
				ProcessInitializeOnLoadAttributes (99ms)
				ProcessInitializeOnLoadMethodAttributes (41ms)
				AfterProcessingInitializeOnLoad (0ms)
				EditorAssembliesLoaded (0ms)
			ExecutionOrderSort2 (0ms)
			AwakeInstancesAfterBackupRestoration (0ms)
Platform modules already initialized, skipping
Registering precompiled user dll's ...
Registered in 0.004438 seconds.
Begin MonoManager ReloadAssembly
Symbol file LoadedFromMemory doesn't match image C:\Users\Ekmevk\OneDrive\Belgeler\GitHub\2D3P-bootcamp-project\Children Of The War\Library\PackageCache\com.unity.visualscripting@1.8.0\Editor\VisualScripting.Core\Dependencies\YamlDotNet\Unity.VisualScripting.YamlDotNet.dll
Symbol file LoadedFromMemory doesn't match image C:\Users\Ekmevk\OneDrive\Belgeler\GitHub\2D3P-bootcamp-project\Children Of The War\Library\PackageCache\com.unity.visualscripting@1.8.0\Editor\VisualScripting.Core\Dependencies\DotNetZip\Unity.VisualScripting.IonicZip.dll
Native extension for WindowsStandalone target not found
Refreshing native plugins compatible for Editor in 78.35 ms, found 3 plugins.
Preloading 0 native plugins for Editor in 0.00 ms.
Mono: successfully reloaded assembly
- Completed reload, in  1.032 seconds
Domain Reload Profiling:
	ReloadAssembly (1033ms)
		BeginReloadAssembly (108ms)
			ExecutionOrderSort (0ms)
			DisableScriptedObjects (5ms)
			BackupInstance (0ms)
			ReleaseScriptingObjects (0ms)
			CreateAndSetChildDomain (19ms)
		EndReloadAssembly (818ms)
			LoadAssemblies (84ms)
			RebuildTransferFunctionScriptingTraits (0ms)
			SetupTypeCache (245ms)
			ReleaseScriptCaches (1ms)
			RebuildScriptCaches (44ms)
			SetupLoadedEditorAssemblies (418ms)
				LogAssemblyErrors (0ms)
				InitializePlatformSupportModulesInManaged (5ms)
				SetLoadedEditorAssemblies (0ms)
				RefreshPlugins (78ms)
				BeforeProcessingInitializeOnLoad (78ms)
				ProcessInitializeOnLoadAttributes (234ms)
				ProcessInitializeOnLoadMethodAttributes (14ms)
				AfterProcessingInitializeOnLoad (8ms)
				EditorAssembliesLoaded (0ms)
			ExecutionOrderSort2 (0ms)
			AwakeInstancesAfterBackupRestoration (6ms)
Platform modules already initialized, skipping
========================================================================
Worker process is ready to serve import requests
Launched and connected shader compiler UnityShaderCompiler.exe after 0.03 seconds
Refreshing native plugins compatible for Editor in 0.72 ms, found 3 plugins.
Preloading 0 native plugins for Editor in 0.00 ms.
Unloading 3419 Unused Serialized files (Serialized files now loaded: 0)
Unloading 27 unused Assets / (113.5 KB). Loaded Objects now: 3884.
Memory consumption went from 127.6 MB to 127.5 MB.
Total: 2.788300 ms (FindLiveObjects: 0.265800 ms CreateObjectMapping: 0.125100 ms MarkObjects: 2.264800 ms  DeleteObjects: 0.131500 ms)

AssetImportParameters requested are different than current active one (requested -> active):
  custom:video-decoder-ogg-theora: a1e56fd34408186e4bbccfd4996cb3dc -> 
  custom:container-muxer-webm: aa71ff27fc2769a1b78a27578f13a17b -> 
  custom:container-demuxer-webm: 4f35f7cbe854078d1ac9338744f61a02 -> 
  custom:video-encoder-webm-vp8: eb34c28f22e8b96e1ab97ce403110664 -> 
  custom:audio-encoder-webm-vorbis: bf7c407c2cedff20999df2af8eb42d56 -> 
  custom:framework-win-MediaFoundation: 216162199b28c13a410421893ffa2e32 -> 
  custom:container-demuxer-ogg: 62fdf1f143b41e24485cea50d1cbac27 -> 
  custom:video-decoder-webm-vp8: 9c59270c3fd7afecdb556c50c9e8de78 -> 
  custom:audio-decoder-ogg-vorbis: bf7c407c2cedff20999df2af8eb42d56 -> 
========================================================================
Received Import Request.
  Time since last request: 161435.169163 seconds.
  path: Assets/Voices - Essentials/Voice_Female/Voice_Female_Pain/Voice_Female_V1_Pain_Mono_04.wav
  artifactKey: Guid(69aa65663e5f3d94aa4e9889baf787ce) Importer(815301076,1909f56bfc062723c751e8b465ee728b)
Start importing Assets/Voices - Essentials/Voice_Female/Voice_Female_Pain/Voice_Female_V1_Pain_Mono_04.wav using Guid(69aa65663e5f3d94aa4e9889baf787ce) Importer(815301076,1909f56bfc062723c751e8b465ee728b)  -> (artifact id: '25359086c97a5210866d8f15ebbd5348') in 0.113067 seconds 
========================================================================
Received Import Request.
  Time since last request: 86.644784 seconds.
  path: Assets/Voices - Essentials/Voice_Female/Voice_Female_Throat_Cleaning/Voice_Female_V1_Throat_Cleaning_Mono_02.wav
  artifactKey: Guid(3c893d025b07bf2408cc5b4d330b0ea2) Importer(815301076,1909f56bfc062723c751e8b465ee728b)
Start importing Assets/Voices - Essentials/Voice_Female/Voice_Female_Throat_Cleaning/Voice_Female_V1_Throat_Cleaning_Mono_02.wav using Guid(3c893d025b07bf2408cc5b4d330b0ea2) Importer(815301076,1909f56bfc062723c751e8b465ee728b)  -> (artifact id: 'dc2f614f2c62f06db35403f80658f064') in 0.018260 seconds 
========================================================================
Received Import Request.
  Time since last request: 0.000024 seconds.
  path: Assets/Voices - Essentials/Voice_Female/Voice_Female_Throat_Cleaning/Voice_Female_V2_Throat_Cleaning_Mono_02.wav
  artifactKey: Guid(44a384f7b3c5f08488b8ddde9f54f288) Importer(815301076,1909f56bfc062723c751e8b465ee728b)
Start importing Assets/Voices - Essentials/Voice_Female/Voice_Female_Throat_Cleaning/Voice_Female_V2_Throat_Cleaning_Mono_02.wav using Guid(44a384f7b3c5f08488b8ddde9f54f288) Importer(815301076,1909f56bfc062723c751e8b465ee728b)  -> (artifact id: '24cfec97e2898bebfbd144429f9464a0') in 0.027098 seconds 
========================================================================
Received Import Request.
  Time since last request: 0.000032 seconds.
  path: Assets/Voices - Essentials/Voice_Female/Voice_Female_Throat_Cleaning/Voice_Female_V2_Throat_Cleaning_Mono_05.wav
  artifactKey: Guid(bce7f03c15809494eb46326de36781da) Importer(815301076,1909f56bfc062723c751e8b465ee728b)
Start importing Assets/Voices - Essentials/Voice_Female/Voice_Female_Throat_Cleaning/Voice_Female_V2_Throat_Cleaning_Mono_05.wav using Guid(bce7f03c15809494eb46326de36781da) Importer(815301076,1909f56bfc062723c751e8b465ee728b)  -> (artifact id: 'fd0ce5f4175ba66bba78115121528aeb') in 0.016510 seconds 
========================================================================
Received Import Request.
  Time since last request: 0.000037 seconds.
  path: Assets/Voices - Essentials/Voice_Female/Voice_Female_Throat_Cleaning/Voice_Female_V1_Throat_Cleaning_Mono_03.wav
  artifactKey: Guid(ab78415b7393c364f8a53ab18ef8e6c6) Importer(815301076,1909f56bfc062723c751e8b465ee728b)
Start importing Assets/Voices - Essentials/Voice_Female/Voice_Female_Throat_Cleaning/Voice_Female_V1_Throat_Cleaning_Mono_03.wav using Guid(ab78415b7393c364f8a53ab18ef8e6c6) Importer(815301076,1909f56bfc062723c751e8b465ee728b)  -> (artifact id: '5465c291f145187049d05ef6bf5c6979') in 0.019999 seconds 
========================================================================
Received Import Request.
  Time since last request: 0.000021 seconds.
  path: Assets/Voices - Essentials/Voice_Female/Voice_Female_Throat_Cleaning/Voice_Female_V2_Throat_Cleaning_Mono_01.wav
  artifactKey: Guid(1eba3bebebea567409eac3e2c922ddfa) Importer(815301076,1909f56bfc062723c751e8b465ee728b)
Start importing Assets/Voices - Essentials/Voice_Female/Voice_Female_Throat_Cleaning/Voice_Female_V2_Throat_Cleaning_Mono_01.wav using Guid(1eba3bebebea567409eac3e2c922ddfa) Importer(815301076,1909f56bfc062723c751e8b465ee728b)  -> (artifact id: '05cc4d311d9311e1ccbc51bca27785a1') in 0.013511 seconds 
========================================================================
Received Import Request.
  Time since last request: 4.975535 seconds.
  path: Assets/Voices - Essentials/Voice_Female/Voice_Female_Expressions/Voice_Female_V1_Laugh_Long_Mono_04.wav
  artifactKey: Guid(638ba8374eebbcf4f914b1651b4f8355) Importer(815301076,1909f56bfc062723c751e8b465ee728b)
Start importing Assets/Voices - Essentials/Voice_Female/Voice_Female_Expressions/Voice_Female_V1_Laugh_Long_Mono_04.wav using Guid(638ba8374eebbcf4f914b1651b4f8355) Importer(815301076,1909f56bfc062723c751e8b465ee728b)  -> (artifact id: 'f909b50cb364eb87c7b15ce1c6503902') in 0.014144 seconds 
========================================================================
Received Import Request.
  Time since last request: 0.000026 seconds.
  path: Assets/Voices - Essentials/Voice_Female/Voice_Female_Expressions/Voice_Female_V1_Sigh_Mono_08.wav
  artifactKey: Guid(f9f1412e2ebd12d49a15e4db911089d2) Importer(815301076,1909f56bfc062723c751e8b465ee728b)
Start importing Assets/Voices - Essentials/Voice_Female/Voice_Female_Expressions/Voice_Female_V1_Sigh_Mono_08.wav using Guid(f9f1412e2ebd12d49a15e4db911089d2) Importer(815301076,1909f56bfc062723c751e8b465ee728b)  -> (artifact id: '1392997644836770cc5a03e708306495') in 0.013237 seconds 
========================================================================
Received Import Request.
  Time since last request: 0.000022 seconds.
  path: Assets/Voices - Essentials/Voice_Female/Voice_Female_Expressions/Voice_Female_V2_Laugh_Long_Mono_06.wav
  artifactKey: Guid(19da096b363e154428756e09e86add86) Importer(815301076,1909f56bfc062723c751e8b465ee728b)
Start importing Assets/Voices - Essentials/Voice_Female/Voice_Female_Expressions/Voice_Female_V2_Laugh_Long_Mono_06.wav using Guid(19da096b363e154428756e09e86add86) Importer(815301076,1909f56bfc062723c751e8b465ee728b)  -> (artifact id: 'a62e898c291a7559537a5784e75ed489') in 0.016065 seconds 
========================================================================
Received Import Request.
  Time since last request: 0.000023 seconds.
  path: Assets/Voices - Essentials/Voice_Female/Voice_Female_Expressions/Voice_Female_V2_Laugh_Long_Mono_01.wav
  artifactKey: Guid(ad6f921d0fc5a844aa9d59b6654644ce) Importer(815301076,1909f56bfc062723c751e8b465ee728b)
Start importing Assets/Voices - Essentials/Voice_Female/Voice_Female_Expressions/Voice_Female_V2_Laugh_Long_Mono_01.wav using Guid(ad6f921d0fc5a844aa9d59b6654644ce) Importer(815301076,1909f56bfc062723c751e8b465ee728b)  -> (artifact id: '952c220e852bfe3280640f86223c6927') in 0.013560 seconds 
========================================================================
Received Import Request.
  Time since last request: 0.000046 seconds.
  path: Assets/Voices - Essentials/Voice_Female/Voice_Female_Expressions/Voice_Female_V1_Reflexion_Mouth_Close_Mono_03.wav
  artifactKey: Guid(781fc8529e92f4d48a0d62b25d794a5b) Importer(815301076,1909f56bfc062723c751e8b465ee728b)
Start importing Assets/Voices - Essentials/Voice_Female/Voice_Female_Expressions/Voice_Female_V1_Reflexion_Mouth_Close_Mono_03.wav using Guid(781fc8529e92f4d48a0d62b25d794a5b) Importer(815301076,1909f56bfc062723c751e8b465ee728b)  -> (artifact id: '86ef963bafbcf84e8b3c87e98cb3e0e3') in 0.014696 seconds 
========================================================================
Received Import Request.
  Time since last request: 0.000018 seconds.
  path: Assets/Voices - Essentials/Voice_Female/Voice_Female_Expressions/Voice_Female_V1_Laugh_Short_Mono_01.wav
  artifactKey: Guid(9ececf8c9ece767489b57f999ad13b32) Importer(815301076,1909f56bfc062723c751e8b465ee728b)
Start importing Assets/Voices - Essentials/Voice_Female/Voice_Female_Expressions/Voice_Female_V1_Laugh_Short_Mono_01.wav using Guid(9ececf8c9ece767489b57f999ad13b32) Importer(815301076,1909f56bfc062723c751e8b465ee728b)  -> (artifact id: 'a134275c658712159573c3ede0e67d06') in 0.015547 seconds 
========================================================================
Received Import Request.
  Time since last request: 0.000043 seconds.
  path: Assets/Voices - Essentials/Voice_Female/Voice_Female_Expressions/Voice_Female_V1_Sigh_Mono_07.wav
  artifactKey: Guid(a33dccc556e6b824685d1d82f497b05d) Importer(815301076,1909f56bfc062723c751e8b465ee728b)
Start importing Assets/Voices - Essentials/Voice_Female/Voice_Female_Expressions/Voice_Female_V1_Sigh_Mono_07.wav using Guid(a33dccc556e6b824685d1d82f497b05d) Importer(815301076,1909f56bfc062723c751e8b465ee728b)  -> (artifact id: 'c43b49324342f35b92f64a85cb2b27ba') in 0.018082 seconds 
========================================================================
Received Import Request.
  Time since last request: 0.000019 seconds.
  path: Assets/Voices - Essentials/Voice_Female/Voice_Female_Expressions/Voice_Female_V1_Nod_Mono_07.wav
  artifactKey: Guid(5510341d0cec6574a8a7c7569253ea3e) Importer(815301076,1909f56bfc062723c751e8b465ee728b)
Start importing Assets/Voices - Essentials/Voice_Female/Voice_Female_Expressions/Voice_Female_V1_Nod_Mono_07.wav using Guid(5510341d0cec6574a8a7c7569253ea3e) Importer(815301076,1909f56bfc062723c751e8b465ee728b)  -> (artifact id: '602887f80feeec96c657dec6ce53e2f2') in 0.018959 seconds 
========================================================================
Received Import Request.
  Time since last request: 0.000029 seconds.
  path: Assets/Voices - Essentials/Voice_Female/Voice_Female_Expressions/Voice_Female_V1_Reflexion_Mouth_Close_Mono_06.wav
  artifactKey: Guid(0c13852d6274ccc4abf2f66063410f75) Importer(815301076,1909f56bfc062723c751e8b465ee728b)
Start importing Assets/Voices - Essentials/Voice_Female/Voice_Female_Expressions/Voice_Female_V1_Reflexion_Mouth_Close_Mono_06.wav using Guid(0c13852d6274ccc4abf2f66063410f75) Importer(815301076,1909f56bfc062723c751e8b465ee728b)  -> (artifact id: '4874adce19921327dc9fd360a3f607fb') in 0.017605 seconds 
========================================================================
Received Import Request.
  Time since last request: 0.000024 seconds.
  path: Assets/Voices - Essentials/Voice_Female/Voice_Female_Expressions/Voice_Female_V1_Laugh_Short_Mono_04.wav
  artifactKey: Guid(7be0d8eb8e4455c4aaba2cd0bd330919) Importer(815301076,1909f56bfc062723c751e8b465ee728b)
Start importing Assets/Voices - Essentials/Voice_Female/Voice_Female_Expressions/Voice_Female_V1_Laugh_Short_Mono_04.wav using Guid(7be0d8eb8e4455c4aaba2cd0bd330919) Importer(815301076,1909f56bfc062723c751e8b465ee728b)  -> (artifact id: 'b773099bbb58385633390f8b26d8705b') in 0.017029 seconds 
========================================================================
Received Import Request.
  Time since last request: 0.000034 seconds.
  path: Assets/Voices - Essentials/Voice_Female/Voice_Female_Expressions/Voice_Female_V1_Reflexion_Mouth_Close_Mono_05.wav
  artifactKey: Guid(936be7ab2cfc0e04b95cb6f5f8de6487) Importer(815301076,1909f56bfc062723c751e8b465ee728b)
Start importing Assets/Voices - Essentials/Voice_Female/Voice_Female_Expressions/Voice_Female_V1_Reflexion_Mouth_Close_Mono_05.wav using Guid(936be7ab2cfc0e04b95cb6f5f8de6487) Importer(815301076,1909f56bfc062723c751e8b465ee728b)  -> (artifact id: 'c1e1f81676e57daa145978fbe9a8ae60') in 0.015799 seconds 
========================================================================
Received Import Request.
  Time since last request: 0.000025 seconds.
  path: Assets/Voices - Essentials/Voice_Female/Voice_Female_Expressions/Voice_Female_V2_Laugh_Long_Mono_02.wav
  artifactKey: Guid(6b477d262de212f488c8cf3e4cf15535) Importer(815301076,1909f56bfc062723c751e8b465ee728b)
Start importing Assets/Voices - Essentials/Voice_Female/Voice_Female_Expressions/Voice_Female_V2_Laugh_Long_Mono_02.wav using Guid(6b477d262de212f488c8cf3e4cf15535) Importer(815301076,1909f56bfc062723c751e8b465ee728b)  -> (artifact id: '12db4ee6b4c7a164bee07bb1dc4115f8') in 0.016339 seconds 
========================================================================
Received Import Request.
  Time since last request: 0.000021 seconds.
  path: Assets/Voices - Essentials/Voice_Female/Voice_Female_Expressions/Voice_Female_V1_Laugh_Long_Mono_07.wav
  artifactKey: Guid(ac8ed444372bca740aa46a7cea78e99a) Importer(815301076,1909f56bfc062723c751e8b465ee728b)
Start importing Assets/Voices - Essentials/Voice_Female/Voice_Female_Expressions/Voice_Female_V1_Laugh_Long_Mono_07.wav using Guid(ac8ed444372bca740aa46a7cea78e99a) Importer(815301076,1909f56bfc062723c751e8b465ee728b)  -> (artifact id: '4fb2669503c04ee90eb198d07eee3aeb') in 0.017589 seconds 
========================================================================
Received Import Request.
  Time since last request: 0.000031 seconds.
  path: Assets/Voices - Essentials/Voice_Female/Voice_Female_Expressions/Voice_Female_V2_Laugh_Long_Mono_09.wav
  artifactKey: Guid(65e1f93aba1e3864ba90854c48a7c7cb) Importer(815301076,1909f56bfc062723c751e8b465ee728b)
Start importing Assets/Voices - Essentials/Voice_Female/Voice_Female_Expressions/Voice_Female_V2_Laugh_Long_Mono_09.wav using Guid(65e1f93aba1e3864ba90854c48a7c7cb) Importer(815301076,1909f56bfc062723c751e8b465ee728b)  -> (artifact id: '3d2051130619213279cc665601fa2aff') in 0.017779 seconds 
========================================================================
Received Import Request.
  Time since last request: 0.000027 seconds.
  path: Assets/Voices - Essentials/Voice_Female/Voice_Female_Expressions/Voice_Female_V1_Reflexion_Mouth_Open_Mono_04.wav
  artifactKey: Guid(77a6c1abb329b2c4e9d79f29586f36dd) Importer(815301076,1909f56bfc062723c751e8b465ee728b)
Start importing Assets/Voices - Essentials/Voice_Female/Voice_Female_Expressions/Voice_Female_V1_Reflexion_Mouth_Open_Mono_04.wav using Guid(77a6c1abb329b2c4e9d79f29586f36dd) Importer(815301076,1909f56bfc062723c751e8b465ee728b)  -> (artifact id: '4669d06e103a78512e9b7d7d29d8a445') in 0.017233 seconds 
========================================================================
Received Import Request.
  Time since last request: 0.000029 seconds.
  path: Assets/Voices - Essentials/Voice_Female/Voice_Female_Expressions/Voice_Female_V1_Reflexion_Mouth_Open_Mono_02.wav
  artifactKey: Guid(3fb9ab5b82476f54b86eb768edc3388a) Importer(815301076,1909f56bfc062723c751e8b465ee728b)
Start importing Assets/Voices - Essentials/Voice_Female/Voice_Female_Expressions/Voice_Female_V1_Reflexion_Mouth_Open_Mono_02.wav using Guid(3fb9ab5b82476f54b86eb768edc3388a) Importer(815301076,1909f56bfc062723c751e8b465ee728b)  -> (artifact id: '2b7d5f239d586f1d9ac72a4fdf25f8d3') in 0.018163 seconds 
========================================================================
Received Import Request.
  Time since last request: 0.000029 seconds.
  path: Assets/Voices - Essentials/Voice_Female/Voice_Female_Expressions/Voice_Female_V2_Laugh_Short_Mono_04.wav
  artifactKey: Guid(552ea189fa6deb841ae20770ccbcf879) Importer(815301076,1909f56bfc062723c751e8b465ee728b)
Start importing Assets/Voices - Essentials/Voice_Female/Voice_Female_Expressions/Voice_Female_V2_Laugh_Short_Mono_04.wav using Guid(552ea189fa6deb841ae20770ccbcf879) Importer(815301076,1909f56bfc062723c751e8b465ee728b)  -> (artifact id: 'e72e20b19104b2d8b4e5ebb37a7b05a4') in 0.017907 seconds 
========================================================================
Received Import Request.
  Time since last request: 0.000044 seconds.
  path: Assets/Voices - Essentials/Voice_Female/Voice_Female_Expressions/Voice_Female_V1_Laugh_Long_Mono_06.wav
  artifactKey: Guid(6c4a5f155cbf1074e95cd9def3328efe) Importer(815301076,1909f56bfc062723c751e8b465ee728b)
Start importing Assets/Voices - Essentials/Voice_Female/Voice_Female_Expressions/Voice_Female_V1_Laugh_Long_Mono_06.wav using Guid(6c4a5f155cbf1074e95cd9def3328efe) Importer(815301076,1909f56bfc062723c751e8b465ee728b)  -> (artifact id: '92eb267b3a1e149e2aabc2967876864b') in 0.019008 seconds 
========================================================================
Received Import Request.
  Time since last request: 0.000021 seconds.
  path: Assets/Voices - Essentials/Voice_Female/Voice_Female_Expressions/Voice_Female_V2_Laugh_Short_Mono_02.wav
  artifactKey: Guid(226cbc3c270d6fd45b54561d057b2ebb) Importer(815301076,1909f56bfc062723c751e8b465ee728b)
Start importing Assets/Voices - Essentials/Voice_Female/Voice_Female_Expressions/Voice_Female_V2_Laugh_Short_Mono_02.wav using Guid(226cbc3c270d6fd45b54561d057b2ebb) Importer(815301076,1909f56bfc062723c751e8b465ee728b)  -> (artifact id: '74e8594173197959b81b34046be72d5b') in 0.018240 seconds 
========================================================================
Received Import Request.
  Time since last request: 0.000027 seconds.
  path: Assets/Voices - Essentials/Voice_Female/Voice_Female_Expressions/Voice_Female_V1_Reflexion_Mouth_Close_Mono_02.wav
  artifactKey: Guid(e89260e1d815f6542bdb5c26a6f04496) Importer(815301076,1909f56bfc062723c751e8b465ee728b)
Start importing Assets/Voices - Essentials/Voice_Female/Voice_Female_Expressions/Voice_Female_V1_Reflexion_Mouth_Close_Mono_02.wav using Guid(e89260e1d815f6542bdb5c26a6f04496) Importer(815301076,1909f56bfc062723c751e8b465ee728b)  -> (artifact id: '45287739a3d3cd12f7c2a8919107bcb3') in 0.014819 seconds 
========================================================================
Received Import Request.
  Time since last request: 0.000026 seconds.
  path: Assets/Voices - Essentials/Voice_Female/Voice_Female_Expressions/Voice_Female_V2_Reflexion_Mouth_Close_Mono_01.wav
  artifactKey: Guid(fe37d63c7feeb234e8966e2c173d9609) Importer(815301076,1909f56bfc062723c751e8b465ee728b)
Start importing Assets/Voices - Essentials/Voice_Female/Voice_Female_Expressions/Voice_Female_V2_Reflexion_Mouth_Close_Mono_01.wav using Guid(fe37d63c7feeb234e8966e2c173d9609) Importer(815301076,1909f56bfc062723c751e8b465ee728b)  -> (artifact id: 'f7f78392af33ef001d88a978287ebd36') in 0.016599 seconds 
========================================================================
Received Import Request.
  Time since last request: 0.000024 seconds.
  path: Assets/Voices - Essentials/Voice_Female/Voice_Female_Expressions/Voice_Female_V2_Reflexion_Mouth_Close_Mono_04.wav
  artifactKey: Guid(7395eb0f79fc48f4fa82de4679d354b4) Importer(815301076,1909f56bfc062723c751e8b465ee728b)
Start importing Assets/Voices - Essentials/Voice_Female/Voice_Female_Expressions/Voice_Female_V2_Reflexion_Mouth_Close_Mono_04.wav using Guid(7395eb0f79fc48f4fa82de4679d354b4) Importer(815301076,1909f56bfc062723c751e8b465ee728b)  -> (artifact id: 'c6b37fcd00343cddc5a020ef33b61a15') in 0.015001 seconds 
========================================================================
Received Import Request.
  Time since last request: 0.000032 seconds.
  path: Assets/Voices - Essentials/Voice_Female/Voice_Female_Expressions/Voice_Female_V1_Reflexion_Mouth_Close_Mono_10.wav
  artifactKey: Guid(6a2203f6754ccb045a356ae0f73dedac) Importer(815301076,1909f56bfc062723c751e8b465ee728b)
Start importing Assets/Voices - Essentials/Voice_Female/Voice_Female_Expressions/Voice_Female_V1_Reflexion_Mouth_Close_Mono_10.wav using Guid(6a2203f6754ccb045a356ae0f73dedac) Importer(815301076,1909f56bfc062723c751e8b465ee728b)  -> (artifact id: 'f5576c82d93fb17f47cf335bb2371117') in 0.015078 seconds 
========================================================================
Received Import Request.
  Time since last request: 6.689028 seconds.
  path: Assets/Voices - Essentials/Voice_Female/Voice_Female_Effort/Voice_Female_V1_Effort_Mono_04.wav
  artifactKey: Guid(3649c3ba66e824445a4c5855eb6da072) Importer(815301076,1909f56bfc062723c751e8b465ee728b)
Start importing Assets/Voices - Essentials/Voice_Female/Voice_Female_Effort/Voice_Female_V1_Effort_Mono_04.wav using Guid(3649c3ba66e824445a4c5855eb6da072) Importer(815301076,1909f56bfc062723c751e8b465ee728b)  -> (artifact id: 'be9020ddceb6bb482235456ac8db4512') in 0.015855 seconds 
========================================================================
Received Import Request.
  Time since last request: 0.000023 seconds.
  path: Assets/Voices - Essentials/Voice_Female/Voice_Female_Effort/Voice_Female_V1_Effort_Mono_12.wav
  artifactKey: Guid(20ccd7655f796c640a70c315829b68f0) Importer(815301076,1909f56bfc062723c751e8b465ee728b)
Start importing Assets/Voices - Essentials/Voice_Female/Voice_Female_Effort/Voice_Female_V1_Effort_Mono_12.wav using Guid(20ccd7655f796c640a70c315829b68f0) Importer(815301076,1909f56bfc062723c751e8b465ee728b)  -> (artifact id: '7f8bfb3d30e0f02510dfc0769dcb844b') in 0.015399 seconds 
========================================================================
Received Import Request.
  Time since last request: 0.000028 seconds.
  path: Assets/Voices - Essentials/Voice_Female/Voice_Female_Effort/Voice_Female_V1_Effort_Mono_19.wav
  artifactKey: Guid(0ba32944b2a2e734f8ce82e7cc5e8a1f) Importer(815301076,1909f56bfc062723c751e8b465ee728b)
Start importing Assets/Voices - Essentials/Voice_Female/Voice_Female_Effort/Voice_Female_V1_Effort_Mono_19.wav using Guid(0ba32944b2a2e734f8ce82e7cc5e8a1f) Importer(815301076,1909f56bfc062723c751e8b465ee728b)  -> (artifact id: 'ac518374cde1ccf92dc53ed541e3aafe') in 0.015801 seconds 
========================================================================
Received Import Request.
  Time since last request: 0.000018 seconds.
  path: Assets/Voices - Essentials/Voice_Female/Voice_Female_Effort/Voice_Female_V1_Effort_Mono_17.wav
  artifactKey: Guid(305445580f4180341a138b153cdff50e) Importer(815301076,1909f56bfc062723c751e8b465ee728b)
Start importing Assets/Voices - Essentials/Voice_Female/Voice_Female_Effort/Voice_Female_V1_Effort_Mono_17.wav using Guid(305445580f4180341a138b153cdff50e) Importer(815301076,1909f56bfc062723c751e8b465ee728b)  -> (artifact id: 'ca8788367b0f67123ae7fec8bbf0a46c') in 0.015754 seconds 
========================================================================
Received Import Request.
  Time since last request: 0.000024 seconds.
  path: Assets/Voices - Essentials/Voice_Female/Voice_Female_Effort/Voice_Female_V2_Effort_Mono_04.wav
  artifactKey: Guid(5269968eccfe50449af0052733c87653) Importer(815301076,1909f56bfc062723c751e8b465ee728b)
Start importing Assets/Voices - Essentials/Voice_Female/Voice_Female_Effort/Voice_Female_V2_Effort_Mono_04.wav using Guid(5269968eccfe50449af0052733c87653) Importer(815301076,1909f56bfc062723c751e8b465ee728b)  -> (artifact id: 'a6e34a0a4481a292fe565f3758ff17d9') in 0.015392 seconds 
========================================================================
Received Import Request.
  Time since last request: 0.000027 seconds.
  path: Assets/Voices - Essentials/Voice_Female/Voice_Female_Effort/Voice_Female_V2_Effort_Mono_11.wav
  artifactKey: Guid(57d6d585983e81345b3c5ebb0f3c4d43) Importer(815301076,1909f56bfc062723c751e8b465ee728b)
Start importing Assets/Voices - Essentials/Voice_Female/Voice_Female_Effort/Voice_Female_V2_Effort_Mono_11.wav using Guid(57d6d585983e81345b3c5ebb0f3c4d43) Importer(815301076,1909f56bfc062723c751e8b465ee728b)  -> (artifact id: '1e8cde4f62b24807905023305ed63bf4') in 0.015687 seconds 
========================================================================
Received Import Request.
  Time since last request: 0.000037 seconds.
  path: Assets/Voices - Essentials/Voice_Female/Voice_Female_Effort/Voice_Female_V2_Effort_Mono_02.wav
  artifactKey: Guid(1447e9fec9870e44d97aec95093dc860) Importer(815301076,1909f56bfc062723c751e8b465ee728b)
Start importing Assets/Voices - Essentials/Voice_Female/Voice_Female_Effort/Voice_Female_V2_Effort_Mono_02.wav using Guid(1447e9fec9870e44d97aec95093dc860) Importer(815301076,1909f56bfc062723c751e8b465ee728b)  -> (artifact id: 'ed825a4cfec089cec9b4380c9c5fefb5') in 0.017687 seconds 
========================================================================
Received Import Request.
  Time since last request: 0.000032 seconds.
  path: Assets/Voices - Essentials/Voice_Female/Voice_Female_Effort/Voice_Female_V1_Effort_Mono_09.wav
  artifactKey: Guid(5b4ebdf3f6961694cbd46496d2ccaf1b) Importer(815301076,1909f56bfc062723c751e8b465ee728b)
Start importing Assets/Voices - Essentials/Voice_Female/Voice_Female_Effort/Voice_Female_V1_Effort_Mono_09.wav using Guid(5b4ebdf3f6961694cbd46496d2ccaf1b) Importer(815301076,1909f56bfc062723c751e8b465ee728b)  -> (artifact id: '128560c96d7be2c045e5cdbdd40a1a2c') in 0.017365 seconds 
Editor requested this worker to shutdown with reason: Scaling down because of idle timeout
AssetImportWorker is now disconnected from the server
Process exiting
Exiting without the bug reporter. Application will terminate with return code 0