Using pre-set license
Built from '2021.3/staging' branch; Version is '2021.3.22f1 (b6c551784ba3) revision 11978065'; Using compiler version '192829333'; Build Type 'Release'
OS: 'Windows 10  (10.0.19045) 64bit Professional' Language: 'tr' Physical Memory: 16125 MB
BatchMode: 1, IsHumanControllingUs: 0, StartBugReporterOnCrash: 0, Is64bit: 1, IsPro: 1

COMMAND LINE ARGUMENTS:
C:\Program Files\Unity\Hub\Editor\2021.3.22f1\Editor\Unity.exe
-adb2
-batchMode
-noUpm
-name
AssetImportWorker4
-projectPath
C:/Users/Ekmevk/OneDrive/Belgeler/GitHub/2D3P-bootcamp-project/Children Of The War
-logFile
Logs/AssetImportWorker4.log
-srvPort
61464
Successfully changed project path to: C:/Users/Ekmevk/OneDrive/Belgeler/GitHub/2D3P-bootcamp-project/Children Of The War
C:/Users/Ekmevk/OneDrive/Belgeler/GitHub/2D3P-bootcamp-project/Children Of The War
[UnityMemory] Configuration Parameters - Can be set up in boot.config
    "memorysetup-bucket-allocator-granularity=16"
    "memorysetup-bucket-allocator-bucket-count=8"
    "memorysetup-bucket-allocator-block-size=33554432"
    "memorysetup-bucket-allocator-block-count=8"
    "memorysetup-main-allocator-block-size=16777216"
    "memorysetup-thread-allocator-block-size=16777216"
    "memorysetup-gfx-main-allocator-block-size=16777216"
    "memorysetup-gfx-thread-allocator-block-size=16777216"
    "memorysetup-cache-allocator-block-size=4194304"
    "memorysetup-typetree-allocator-block-size=2097152"
    "memorysetup-profiler-bucket-allocator-granularity=16"
    "memorysetup-profiler-bucket-allocator-bucket-count=8"
    "memorysetup-profiler-bucket-allocator-block-size=33554432"
    "memorysetup-profiler-bucket-allocator-block-count=8"
    "memorysetup-profiler-allocator-block-size=16777216"
    "memorysetup-profiler-editor-allocator-block-size=1048576"
    "memorysetup-temp-allocator-size-main=16777216"
    "memorysetup-job-temp-allocator-block-size=2097152"
    "memorysetup-job-temp-allocator-block-size-background=1048576"
    "memorysetup-job-temp-allocator-reduction-small-platforms=262144"
    "memorysetup-temp-allocator-size-background-worker=32768"
    "memorysetup-temp-allocator-size-job-worker=262144"
    "memorysetup-temp-allocator-size-preload-manager=33554432"
    "memorysetup-temp-allocator-size-nav-mesh-worker=65536"
    "memorysetup-temp-allocator-size-audio-worker=65536"
    "memorysetup-temp-allocator-size-cloud-worker=32768"
    "memorysetup-temp-allocator-size-gi-baking-worker=262144"
    "memorysetup-temp-allocator-size-gfx=262144"
Player connection [10180] Host "[IP] 192.168.1.102 [Port] 0 [Flags] 2 [Guid] 4183143049 [EditorId] 4183143049 [Version] 1048832 [Id] WindowsEditor(7,DESKTOP-NGM2MBH) [Debug] 1 [PackageName] WindowsEditor [ProjectName] Editor" joined multi-casting on [225.0.0.222:54997]...

Player connection [10180] Host "[IP] 192.168.1.102 [Port] 0 [Flags] 2 [Guid] 4183143049 [EditorId] 4183143049 [Version] 1048832 [Id] WindowsEditor(7,DESKTOP-NGM2MBH) [Debug] 1 [PackageName] WindowsEditor [ProjectName] Editor" joined alternative multi-casting on [225.0.0.222:34997]...

Refreshing native plugins compatible for Editor in 104.47 ms, found 3 plugins.
Preloading 0 native plugins for Editor in 0.00 ms.
Initialize engine version: 2021.3.22f1 (b6c551784ba3)
[Subsystems] Discovering subsystems at path C:/Program Files/Unity/Hub/Editor/2021.3.22f1/Editor/Data/Resources/UnitySubsystems
[Subsystems] Discovering subsystems at path C:/Users/Ekmevk/OneDrive/Belgeler/GitHub/2D3P-bootcamp-project/Children Of The War/Assets
GfxDevice: creating device client; threaded=0; jobified=0
Direct3D:
    Version:  Direct3D 11.0 [level 11.1]
    Renderer: NVIDIA GeForce RTX 3060 Laptop GPU (ID=0x2520)
    Vendor:   NVIDIA
    VRAM:     6009 MB
    Driver:   31.0.15.3640
Initialize mono
Mono path[0] = 'C:/Program Files/Unity/Hub/Editor/2021.3.22f1/Editor/Data/Managed'
Mono path[1] = 'C:/Program Files/Unity/Hub/Editor/2021.3.22f1/Editor/Data/MonoBleedingEdge/lib/mono/unityjit-win32'
Mono config path = 'C:/Program Files/Unity/Hub/Editor/2021.3.22f1/Editor/Data/MonoBleedingEdge/etc'
Using monoOptions --debugger-agent=transport=dt_socket,embedding=1,server=y,suspend=n,address=127.0.0.1:56900
Begin MonoManager ReloadAssembly
Registering precompiled unity dll's ...
Register platform support module: C:/Program Files/Unity/Hub/Editor/2021.3.22f1/Editor/Data/PlaybackEngines/WindowsStandaloneSupport/UnityEditor.WindowsStandalone.Extensions.dll
Registered in 0.006312 seconds.
Native extension for WindowsStandalone target not found
Refreshing native plugins compatible for Editor in 82.89 ms, found 3 plugins.
Preloading 0 native plugins for Editor in 0.00 ms.
Mono: successfully reloaded assembly
- Completed reload, in  0.536 seconds
Domain Reload Profiling:
	ReloadAssembly (536ms)
		BeginReloadAssembly (74ms)
			ExecutionOrderSort (0ms)
			DisableScriptedObjects (0ms)
			BackupInstance (0ms)
			ReleaseScriptingObjects (0ms)
			CreateAndSetChildDomain (1ms)
		EndReloadAssembly (374ms)
			LoadAssemblies (72ms)
			RebuildTransferFunctionScriptingTraits (0ms)
			SetupTypeCache (83ms)
			ReleaseScriptCaches (0ms)
			RebuildScriptCaches (23ms)
			SetupLoadedEditorAssemblies (225ms)
				LogAssemblyErrors (0ms)
				InitializePlatformSupportModulesInManaged (7ms)
				SetLoadedEditorAssemblies (0ms)
				RefreshPlugins (83ms)
				BeforeProcessingInitializeOnLoad (1ms)
				ProcessInitializeOnLoadAttributes (99ms)
				ProcessInitializeOnLoadMethodAttributes (35ms)
				AfterProcessingInitializeOnLoad (0ms)
				EditorAssembliesLoaded (0ms)
			ExecutionOrderSort2 (0ms)
			AwakeInstancesAfterBackupRestoration (0ms)
Platform modules already initialized, skipping
Registering precompiled user dll's ...
Registered in 0.005890 seconds.
Begin MonoManager ReloadAssembly
Symbol file LoadedFromMemory doesn't match image C:\Users\Ekmevk\OneDrive\Belgeler\GitHub\2D3P-bootcamp-project\Children Of The War\Library\PackageCache\com.unity.visualscripting@1.8.0\Editor\VisualScripting.Core\Dependencies\YamlDotNet\Unity.VisualScripting.YamlDotNet.dll
Symbol file LoadedFromMemory doesn't match image C:\Users\Ekmevk\OneDrive\Belgeler\GitHub\2D3P-bootcamp-project\Children Of The War\Library\PackageCache\com.unity.visualscripting@1.8.0\Editor\VisualScripting.Core\Dependencies\DotNetZip\Unity.VisualScripting.IonicZip.dll
Native extension for WindowsStandalone target not found
Refreshing native plugins compatible for Editor in 87.83 ms, found 3 plugins.
Preloading 0 native plugins for Editor in 0.00 ms.
Mono: successfully reloaded assembly
- Completed reload, in  1.053 seconds
Domain Reload Profiling:
	ReloadAssembly (1054ms)
		BeginReloadAssembly (119ms)
			ExecutionOrderSort (0ms)
			DisableScriptedObjects (7ms)
			BackupInstance (0ms)
			ReleaseScriptingObjects (0ms)
			CreateAndSetChildDomain (20ms)
		EndReloadAssembly (828ms)
			LoadAssemblies (88ms)
			RebuildTransferFunctionScriptingTraits (0ms)
			SetupTypeCache (238ms)
			ReleaseScriptCaches (1ms)
			RebuildScriptCaches (41ms)
			SetupLoadedEditorAssemblies (438ms)
				LogAssemblyErrors (0ms)
				InitializePlatformSupportModulesInManaged (5ms)
				SetLoadedEditorAssemblies (0ms)
				RefreshPlugins (88ms)
				BeforeProcessingInitializeOnLoad (83ms)
				ProcessInitializeOnLoadAttributes (236ms)
				ProcessInitializeOnLoadMethodAttributes (16ms)
				AfterProcessingInitializeOnLoad (9ms)
				EditorAssembliesLoaded (0ms)
			ExecutionOrderSort2 (0ms)
			AwakeInstancesAfterBackupRestoration (6ms)
Platform modules already initialized, skipping
========================================================================
Worker process is ready to serve import requests
Launched and connected shader compiler UnityShaderCompiler.exe after 0.04 seconds
Refreshing native plugins compatible for Editor in 0.71 ms, found 3 plugins.
Preloading 0 native plugins for Editor in 0.00 ms.
Unloading 3419 Unused Serialized files (Serialized files now loaded: 0)
Unloading 27 unused Assets / (113.5 KB). Loaded Objects now: 3884.
Memory consumption went from 127.6 MB to 127.5 MB.
Total: 3.338400 ms (FindLiveObjects: 0.380600 ms CreateObjectMapping: 0.152800 ms MarkObjects: 2.641800 ms  DeleteObjects: 0.162000 ms)

AssetImportParameters requested are different than current active one (requested -> active):
  custom:video-decoder-ogg-theora: a1e56fd34408186e4bbccfd4996cb3dc -> 
  custom:container-muxer-webm: aa71ff27fc2769a1b78a27578f13a17b -> 
  custom:container-demuxer-webm: 4f35f7cbe854078d1ac9338744f61a02 -> 
  custom:video-encoder-webm-vp8: eb34c28f22e8b96e1ab97ce403110664 -> 
  custom:audio-encoder-webm-vorbis: bf7c407c2cedff20999df2af8eb42d56 -> 
  custom:framework-win-MediaFoundation: 216162199b28c13a410421893ffa2e32 -> 
  custom:container-demuxer-ogg: 62fdf1f143b41e24485cea50d1cbac27 -> 
  custom:video-decoder-webm-vp8: 9c59270c3fd7afecdb556c50c9e8de78 -> 
  custom:audio-decoder-ogg-vorbis: bf7c407c2cedff20999df2af8eb42d56 -> 
========================================================================
Received Import Request.
  Time since last request: 161261.101497 seconds.
  path: Assets/Voices - Essentials/Voice_Male/Voice_Male_Cough/Voice_Male_V1_Cough_Multiple_Important_Mono_01.wav
  artifactKey: Guid(11a2789b75805784ab1f683aee9e6a16) Importer(815301076,1909f56bfc062723c751e8b465ee728b)
Start importing Assets/Voices - Essentials/Voice_Male/Voice_Male_Cough/Voice_Male_V1_Cough_Multiple_Important_Mono_01.wav using Guid(11a2789b75805784ab1f683aee9e6a16) Importer(815301076,1909f56bfc062723c751e8b465ee728b)  -> (artifact id: '3783041271eb3d9be56e6b1635ebff12') in 0.110688 seconds 
========================================================================
Received Import Request.
  Time since last request: 0.000028 seconds.
  path: Assets/Voices - Essentials/Voice_Male/Voice_Male_Cough/Voice_Male_V2_Cough_Multiple_Mono_02.wav
  artifactKey: Guid(0bc89fd39f6a01c4db2661154fbb090c) Importer(815301076,1909f56bfc062723c751e8b465ee728b)
Start importing Assets/Voices - Essentials/Voice_Male/Voice_Male_Cough/Voice_Male_V2_Cough_Multiple_Mono_02.wav using Guid(0bc89fd39f6a01c4db2661154fbb090c) Importer(815301076,1909f56bfc062723c751e8b465ee728b)  -> (artifact id: '627a1d5c4ec9b5d02dd1e4354b7da514') in 0.013304 seconds 
========================================================================
Received Import Request.
  Time since last request: 0.000035 seconds.
  path: Assets/Voices - Essentials/Voice_Male/Voice_Male_Cough/Voice_Male_V1_Cough_Multiple_Mono_03.wav
  artifactKey: Guid(1cf6d3b74c2127744abb19a58bd4d409) Importer(815301076,1909f56bfc062723c751e8b465ee728b)
Start importing Assets/Voices - Essentials/Voice_Male/Voice_Male_Cough/Voice_Male_V1_Cough_Multiple_Mono_03.wav using Guid(1cf6d3b74c2127744abb19a58bd4d409) Importer(815301076,1909f56bfc062723c751e8b465ee728b)  -> (artifact id: 'c7846da2c612e2b79d5a80fe1613e140') in 0.014802 seconds 
========================================================================
Received Import Request.
  Time since last request: 0.000017 seconds.
  path: Assets/Voices - Essentials/Voice_Male/Voice_Male_Cough/Voice_Male_V1_Cough_Multiple_Mono_05.wav
  artifactKey: Guid(e81b88c04bc83034a87032b500c55aa6) Importer(815301076,1909f56bfc062723c751e8b465ee728b)
Start importing Assets/Voices - Essentials/Voice_Male/Voice_Male_Cough/Voice_Male_V1_Cough_Multiple_Mono_05.wav using Guid(e81b88c04bc83034a87032b500c55aa6) Importer(815301076,1909f56bfc062723c751e8b465ee728b)  -> (artifact id: 'e3387ed6d7e4c29522ef868c7d6dfd24') in 0.015522 seconds 
========================================================================
Received Import Request.
  Time since last request: 0.000018 seconds.
  path: Assets/Voices - Essentials/Voice_Male/Voice_Male_Cough/Voice_Male_V1_Cough_Multiple_Mono_02.wav
  artifactKey: Guid(a467e5d8e0a6466429e02f44cd51a0ee) Importer(815301076,1909f56bfc062723c751e8b465ee728b)
Start importing Assets/Voices - Essentials/Voice_Male/Voice_Male_Cough/Voice_Male_V1_Cough_Multiple_Mono_02.wav using Guid(a467e5d8e0a6466429e02f44cd51a0ee) Importer(815301076,1909f56bfc062723c751e8b465ee728b)  -> (artifact id: '030987d31c97e1d812c144df4a33634f') in 0.014380 seconds 
========================================================================
Received Import Request.
  Time since last request: 0.000019 seconds.
  path: Assets/Voices - Essentials/Voice_Male/Voice_Male_Cough/Voice_Male_V2_Cough_Multiple_Mono_03.wav
  artifactKey: Guid(10a9e8aff20c6e940923ed44c6a14898) Importer(815301076,1909f56bfc062723c751e8b465ee728b)
Start importing Assets/Voices - Essentials/Voice_Male/Voice_Male_Cough/Voice_Male_V2_Cough_Multiple_Mono_03.wav using Guid(10a9e8aff20c6e940923ed44c6a14898) Importer(815301076,1909f56bfc062723c751e8b465ee728b)  -> (artifact id: '3ea5a1561d3ece573689c804e6593f64') in 0.014027 seconds 
========================================================================
Received Import Request.
  Time since last request: 7.583874 seconds.
  path: Assets/Voices - Essentials/Voice_Male/Voice_Male_Effort/Voice_Male_V1_Effort_Mono_01.wav
  artifactKey: Guid(7b80ac83702e65c44a790a1e7669fbed) Importer(815301076,1909f56bfc062723c751e8b465ee728b)
Start importing Assets/Voices - Essentials/Voice_Male/Voice_Male_Effort/Voice_Male_V1_Effort_Mono_01.wav using Guid(7b80ac83702e65c44a790a1e7669fbed) Importer(815301076,1909f56bfc062723c751e8b465ee728b)  -> (artifact id: 'de9384f7d7f101b1fe4503fd58a0d849') in 0.014925 seconds 
========================================================================
Received Import Request.
  Time since last request: 0.000021 seconds.
  path: Assets/Voices - Essentials/Voice_Male/Voice_Male_Effort/Voice_Male_V2_Effort_Mono_02.wav
  artifactKey: Guid(6c82f3d0e7bfef643a575ca2dc2b1370) Importer(815301076,1909f56bfc062723c751e8b465ee728b)
Start importing Assets/Voices - Essentials/Voice_Male/Voice_Male_Effort/Voice_Male_V2_Effort_Mono_02.wav using Guid(6c82f3d0e7bfef643a575ca2dc2b1370) Importer(815301076,1909f56bfc062723c751e8b465ee728b)  -> (artifact id: 'a11558fb595be72f2e5b00109e2672e6') in 0.013483 seconds 
========================================================================
Received Import Request.
  Time since last request: 0.000017 seconds.
  path: Assets/Voices - Essentials/Voice_Male/Voice_Male_Effort/Voice_Male_V2_Effort_Mono_11.wav
  artifactKey: Guid(998f21ff3a13c3b4892329be20903db2) Importer(815301076,1909f56bfc062723c751e8b465ee728b)
Start importing Assets/Voices - Essentials/Voice_Male/Voice_Male_Effort/Voice_Male_V2_Effort_Mono_11.wav using Guid(998f21ff3a13c3b4892329be20903db2) Importer(815301076,1909f56bfc062723c751e8b465ee728b)  -> (artifact id: '8950d0469e5d9f925b7101e238409447') in 0.014362 seconds 
========================================================================
Received Import Request.
  Time since last request: 0.000028 seconds.
  path: Assets/Voices - Essentials/Voice_Male/Voice_Male_Effort/Voice_Male_V1_Effort_Mono_14.wav
  artifactKey: Guid(e492c5c340e6e3e4399636fed0df8aae) Importer(815301076,1909f56bfc062723c751e8b465ee728b)
Start importing Assets/Voices - Essentials/Voice_Male/Voice_Male_Effort/Voice_Male_V1_Effort_Mono_14.wav using Guid(e492c5c340e6e3e4399636fed0df8aae) Importer(815301076,1909f56bfc062723c751e8b465ee728b)  -> (artifact id: '311681b6968ecc50ee3fcde62b2bd096') in 0.014698 seconds 
========================================================================
Received Import Request.
  Time since last request: 0.000020 seconds.
  path: Assets/Voices - Essentials/Voice_Male/Voice_Male_Effort/Voice_Male_V1_Effort_Mono_12.wav
  artifactKey: Guid(1aab027aa9594d04baffbb52d9236525) Importer(815301076,1909f56bfc062723c751e8b465ee728b)
Start importing Assets/Voices - Essentials/Voice_Male/Voice_Male_Effort/Voice_Male_V1_Effort_Mono_12.wav using Guid(1aab027aa9594d04baffbb52d9236525) Importer(815301076,1909f56bfc062723c751e8b465ee728b)  -> (artifact id: 'd0d4eb2ad13777784bb74ae03e993fa0') in 0.027825 seconds 
========================================================================
Received Import Request.
  Time since last request: 0.000016 seconds.
  path: Assets/Voices - Essentials/Voice_Male/Voice_Male_Effort/Voice_Male_V1_Effort_Mono_15.wav
  artifactKey: Guid(f8b8219e8e790e14aadead6075e7deeb) Importer(815301076,1909f56bfc062723c751e8b465ee728b)
Start importing Assets/Voices - Essentials/Voice_Male/Voice_Male_Effort/Voice_Male_V1_Effort_Mono_15.wav using Guid(f8b8219e8e790e14aadead6075e7deeb) Importer(815301076,1909f56bfc062723c751e8b465ee728b)  -> (artifact id: '9ee1c5cbd85aa97b1299114abb4df192') in 0.015149 seconds 
========================================================================
Received Import Request.
  Time since last request: 0.000020 seconds.
  path: Assets/Voices - Essentials/Voice_Male/Voice_Male_Effort/Voice_Male_V2_Effort_Mono_10.wav
  artifactKey: Guid(69bc95db46114d3418780e22b9f446e1) Importer(815301076,1909f56bfc062723c751e8b465ee728b)
Start importing Assets/Voices - Essentials/Voice_Male/Voice_Male_Effort/Voice_Male_V2_Effort_Mono_10.wav using Guid(69bc95db46114d3418780e22b9f446e1) Importer(815301076,1909f56bfc062723c751e8b465ee728b)  -> (artifact id: 'dd40f44105917421e6bec15844798103') in 0.014659 seconds 
========================================================================
Received Import Request.
  Time since last request: 0.000031 seconds.
  path: Assets/Voices - Essentials/Voice_Male/Voice_Male_Effort/Voice_Male_V1_Effort_Mono_13.wav
  artifactKey: Guid(4c295ed9d6cd6764cb9fcc7602dc2a38) Importer(815301076,1909f56bfc062723c751e8b465ee728b)
Start importing Assets/Voices - Essentials/Voice_Male/Voice_Male_Effort/Voice_Male_V1_Effort_Mono_13.wav using Guid(4c295ed9d6cd6764cb9fcc7602dc2a38) Importer(815301076,1909f56bfc062723c751e8b465ee728b)  -> (artifact id: 'be2bd08993d57fe2f61899df2cb6e5e1') in 0.015489 seconds 
========================================================================
Received Import Request.
  Time since last request: 0.000021 seconds.
  path: Assets/Voices - Essentials/Voice_Male/Voice_Male_Effort/Voice_Male_V1_Effort_Mono_09.wav
  artifactKey: Guid(952e1b17028b01647a0f6ca719fcaf1b) Importer(815301076,1909f56bfc062723c751e8b465ee728b)
Start importing Assets/Voices - Essentials/Voice_Male/Voice_Male_Effort/Voice_Male_V1_Effort_Mono_09.wav using Guid(952e1b17028b01647a0f6ca719fcaf1b) Importer(815301076,1909f56bfc062723c751e8b465ee728b)  -> (artifact id: '0e174142186ebe7a0122aca1f68c25c1') in 0.016344 seconds 
========================================================================
Received Import Request.
  Time since last request: 28.416318 seconds.
  path: Assets/Voices - Essentials/Voice_Male/Voice_Male_Expressions/Voice_Male_V1_Laugh_Long_Mono_01.wav
  artifactKey: Guid(65025c25ef838e94cb3d14d3f1fb36ee) Importer(815301076,1909f56bfc062723c751e8b465ee728b)
Start importing Assets/Voices - Essentials/Voice_Male/Voice_Male_Expressions/Voice_Male_V1_Laugh_Long_Mono_01.wav using Guid(65025c25ef838e94cb3d14d3f1fb36ee) Importer(815301076,1909f56bfc062723c751e8b465ee728b)  -> (artifact id: '883cbd9fb72c663d6dc392c616e32dcd') in 0.015994 seconds 
========================================================================
Received Import Request.
  Time since last request: 0.000028 seconds.
  path: Assets/Voices - Essentials/Voice_Male/Voice_Male_Expressions/Voice_Male_V1_Reflexion_Mouth_Close_Mono_02.wav
  artifactKey: Guid(38793d6ccf42cd844af1bec3d969a093) Importer(815301076,1909f56bfc062723c751e8b465ee728b)
Start importing Assets/Voices - Essentials/Voice_Male/Voice_Male_Expressions/Voice_Male_V1_Reflexion_Mouth_Close_Mono_02.wav using Guid(38793d6ccf42cd844af1bec3d969a093) Importer(815301076,1909f56bfc062723c751e8b465ee728b)  -> (artifact id: '1e659a060b9b8adcdba7fbab19faf85c') in 0.017334 seconds 
========================================================================
Received Import Request.
  Time since last request: 0.000030 seconds.
  path: Assets/Voices - Essentials/Voice_Male/Voice_Male_Expressions/Voice_Male_V2_Laugh_Long_Mono_05.wav
  artifactKey: Guid(cea731190afa8f748baaebe8e65b68ff) Importer(815301076,1909f56bfc062723c751e8b465ee728b)
Start importing Assets/Voices - Essentials/Voice_Male/Voice_Male_Expressions/Voice_Male_V2_Laugh_Long_Mono_05.wav using Guid(cea731190afa8f748baaebe8e65b68ff) Importer(815301076,1909f56bfc062723c751e8b465ee728b)  -> (artifact id: '1109567f76ec4704e5db47e408d551af') in 0.016619 seconds 
========================================================================
Received Import Request.
  Time since last request: 0.000030 seconds.
  path: Assets/Voices - Essentials/Voice_Male/Voice_Male_Expressions/Voice_Male_V2_Nod_Mono_03.wav
  artifactKey: Guid(578d588affca5d746bc828e18e451a3b) Importer(815301076,1909f56bfc062723c751e8b465ee728b)
Start importing Assets/Voices - Essentials/Voice_Male/Voice_Male_Expressions/Voice_Male_V2_Nod_Mono_03.wav using Guid(578d588affca5d746bc828e18e451a3b) Importer(815301076,1909f56bfc062723c751e8b465ee728b)  -> (artifact id: 'daa86cbae6713350971a96492184342a') in 0.018450 seconds 
========================================================================
Received Import Request.
  Time since last request: 0.000024 seconds.
  path: Assets/Voices - Essentials/Voice_Male/Voice_Male_Expressions/Voice_Male_V2_Nod_Mono_02.wav
  artifactKey: Guid(d8c2c9515b91b4b4785f35c07e6f2ed8) Importer(815301076,1909f56bfc062723c751e8b465ee728b)
Start importing Assets/Voices - Essentials/Voice_Male/Voice_Male_Expressions/Voice_Male_V2_Nod_Mono_02.wav using Guid(d8c2c9515b91b4b4785f35c07e6f2ed8) Importer(815301076,1909f56bfc062723c751e8b465ee728b)  -> (artifact id: '8babead59bf400d70ce0256a9d451142') in 0.017970 seconds 
========================================================================
Received Import Request.
  Time since last request: 0.000017 seconds.
  path: Assets/Voices - Essentials/Voice_Male/Voice_Male_Expressions/Voice_Male_V2_Laugh_Long_Mono_01.wav
  artifactKey: Guid(9645f5e58bbadbe4da70fa4a1d07524d) Importer(815301076,1909f56bfc062723c751e8b465ee728b)
Start importing Assets/Voices - Essentials/Voice_Male/Voice_Male_Expressions/Voice_Male_V2_Laugh_Long_Mono_01.wav using Guid(9645f5e58bbadbe4da70fa4a1d07524d) Importer(815301076,1909f56bfc062723c751e8b465ee728b)  -> (artifact id: '8519ce7396e06e192b27190c7260d924') in 0.017930 seconds 
========================================================================
Received Import Request.
  Time since last request: 0.000024 seconds.
  path: Assets/Voices - Essentials/Voice_Male/Voice_Male_Expressions/Voice_Male_V2_Laugh_Long_Mono_03.wav
  artifactKey: Guid(b04128cb7f4652f48bed8fb43019e038) Importer(815301076,1909f56bfc062723c751e8b465ee728b)
Start importing Assets/Voices - Essentials/Voice_Male/Voice_Male_Expressions/Voice_Male_V2_Laugh_Long_Mono_03.wav using Guid(b04128cb7f4652f48bed8fb43019e038) Importer(815301076,1909f56bfc062723c751e8b465ee728b)  -> (artifact id: 'ae2a3bb7585f8c9b2b8c74099a3ecd28') in 0.016911 seconds 
========================================================================
Received Import Request.
  Time since last request: 0.000029 seconds.
  path: Assets/Voices - Essentials/Voice_Male/Voice_Male_Expressions/Voice_Male_V1_Laugh_Short_Mono_07.wav
  artifactKey: Guid(50c1bb3c737bc1e4ba323f13cfef3de0) Importer(815301076,1909f56bfc062723c751e8b465ee728b)
Start importing Assets/Voices - Essentials/Voice_Male/Voice_Male_Expressions/Voice_Male_V1_Laugh_Short_Mono_07.wav using Guid(50c1bb3c737bc1e4ba323f13cfef3de0) Importer(815301076,1909f56bfc062723c751e8b465ee728b)  -> (artifact id: '85dbe659c66445d573a2e70d9a4cc2fe') in 0.016704 seconds 
========================================================================
Received Import Request.
  Time since last request: 0.000023 seconds.
  path: Assets/Voices - Essentials/Voice_Male/Voice_Male_Expressions/Voice_Male_V2_Nod_Mono_01.wav
  artifactKey: Guid(fd85979e0c91be8408a8f999fb8d9051) Importer(815301076,1909f56bfc062723c751e8b465ee728b)
Start importing Assets/Voices - Essentials/Voice_Male/Voice_Male_Expressions/Voice_Male_V2_Nod_Mono_01.wav using Guid(fd85979e0c91be8408a8f999fb8d9051) Importer(815301076,1909f56bfc062723c751e8b465ee728b)  -> (artifact id: '4278045752717ab840b5b2f196be8370') in 0.017828 seconds 
========================================================================
Received Import Request.
  Time since last request: 0.000027 seconds.
  path: Assets/Voices - Essentials/Voice_Male/Voice_Male_Expressions/Voice_Male_V1_Sigh_Mono_03.wav
  artifactKey: Guid(10e14bb301484bf4c9f4e014a1153e40) Importer(815301076,1909f56bfc062723c751e8b465ee728b)
Start importing Assets/Voices - Essentials/Voice_Male/Voice_Male_Expressions/Voice_Male_V1_Sigh_Mono_03.wav using Guid(10e14bb301484bf4c9f4e014a1153e40) Importer(815301076,1909f56bfc062723c751e8b465ee728b)  -> (artifact id: '176327411fcf568f15aa4f3b7efa4f3a') in 0.017269 seconds 
========================================================================
Received Import Request.
  Time since last request: 0.000020 seconds.
  path: Assets/Voices - Essentials/Voice_Male/Voice_Male_Expressions/Voice_Male_V1_Reflexion_Mouth_Open_Mono_02.wav
  artifactKey: Guid(9f9259b5074a2bb45bfc40b9fd08feef) Importer(815301076,1909f56bfc062723c751e8b465ee728b)
Start importing Assets/Voices - Essentials/Voice_Male/Voice_Male_Expressions/Voice_Male_V1_Reflexion_Mouth_Open_Mono_02.wav using Guid(9f9259b5074a2bb45bfc40b9fd08feef) Importer(815301076,1909f56bfc062723c751e8b465ee728b)  -> (artifact id: 'b2ab36d24a691179bc5f53f34127cfe8') in 0.019150 seconds 
========================================================================
Received Import Request.
  Time since last request: 0.000048 seconds.
  path: Assets/Voices - Essentials/Voice_Male/Voice_Male_Expressions/Voice_Male_V2_Sigh_Mono_01.wav
  artifactKey: Guid(8ea7eb0b216604e43b0d882b6ecbce9a) Importer(815301076,1909f56bfc062723c751e8b465ee728b)
Start importing Assets/Voices - Essentials/Voice_Male/Voice_Male_Expressions/Voice_Male_V2_Sigh_Mono_01.wav using Guid(8ea7eb0b216604e43b0d882b6ecbce9a) Importer(815301076,1909f56bfc062723c751e8b465ee728b)  -> (artifact id: 'f7f33ca29545df8fd8b2e7ea467731d7') in 0.017727 seconds 
========================================================================
Received Import Request.
  Time since last request: 0.000020 seconds.
  path: Assets/Voices - Essentials/Voice_Male/Voice_Male_Expressions/Voice_Male_V1_Nod_Mono_04.wav
  artifactKey: Guid(45106c9f262bb8246afe1b515a398c86) Importer(815301076,1909f56bfc062723c751e8b465ee728b)
Start importing Assets/Voices - Essentials/Voice_Male/Voice_Male_Expressions/Voice_Male_V1_Nod_Mono_04.wav using Guid(45106c9f262bb8246afe1b515a398c86) Importer(815301076,1909f56bfc062723c751e8b465ee728b)  -> (artifact id: '629a9fc07f90585fe116e82445afda49') in 0.017499 seconds 
========================================================================
Received Import Request.
  Time since last request: 0.000027 seconds.
  path: Assets/Voices - Essentials/Voice_Male/Voice_Male_Expressions/Voice_Male_V2_Reflexion_Mouth_Open_Mono_03.wav
  artifactKey: Guid(d439c1d463f189d42934dd0d601a2d5c) Importer(815301076,1909f56bfc062723c751e8b465ee728b)
Start importing Assets/Voices - Essentials/Voice_Male/Voice_Male_Expressions/Voice_Male_V2_Reflexion_Mouth_Open_Mono_03.wav using Guid(d439c1d463f189d42934dd0d601a2d5c) Importer(815301076,1909f56bfc062723c751e8b465ee728b)  -> (artifact id: '1b2748404ffd9c6185bdd04c9d14eba1') in 0.018739 seconds 
========================================================================
Received Import Request.
  Time since last request: 0.000033 seconds.
  path: Assets/Voices - Essentials/Voice_Male/Voice_Male_Expressions/Voice_Male_V2_Laugh_Short_Mono_06.wav
  artifactKey: Guid(2a214b39e8114b34c94c55e024a928ff) Importer(815301076,1909f56bfc062723c751e8b465ee728b)
Start importing Assets/Voices - Essentials/Voice_Male/Voice_Male_Expressions/Voice_Male_V2_Laugh_Short_Mono_06.wav using Guid(2a214b39e8114b34c94c55e024a928ff) Importer(815301076,1909f56bfc062723c751e8b465ee728b)  -> (artifact id: 'c95317d7c145dfa19a134739f7081c2e') in 0.018654 seconds 
========================================================================
Received Import Request.
  Time since last request: 0.000024 seconds.
  path: Assets/Voices - Essentials/Voice_Male/Voice_Male_Expressions/Voice_Male_V2_Laugh_Long_Mono_02.wav
  artifactKey: Guid(bb5eeb5b6a6885044b795cd569ae66ca) Importer(815301076,1909f56bfc062723c751e8b465ee728b)
Start importing Assets/Voices - Essentials/Voice_Male/Voice_Male_Expressions/Voice_Male_V2_Laugh_Long_Mono_02.wav using Guid(bb5eeb5b6a6885044b795cd569ae66ca) Importer(815301076,1909f56bfc062723c751e8b465ee728b)  -> (artifact id: '06fdb4a73e0b96a3dcfc741dfa6aace3') in 0.018026 seconds 
========================================================================
Received Import Request.
  Time since last request: 0.000026 seconds.
  path: Assets/Voices - Essentials/Voice_Male/Voice_Male_Expressions/Voice_Male_V1_Nod_Mono_02.wav
  artifactKey: Guid(e97128e3c687fd14f80f724d7d603997) Importer(815301076,1909f56bfc062723c751e8b465ee728b)
Start importing Assets/Voices - Essentials/Voice_Male/Voice_Male_Expressions/Voice_Male_V1_Nod_Mono_02.wav using Guid(e97128e3c687fd14f80f724d7d603997) Importer(815301076,1909f56bfc062723c751e8b465ee728b)  -> (artifact id: '2b9b91e53778eeeb43fba60e9659b874') in 0.016969 seconds 
========================================================================
Received Import Request.
  Time since last request: 0.000023 seconds.
  path: Assets/Voices - Essentials/Voice_Male/Voice_Male_Expressions/Voice_Male_V2_Reflexion_Mouth_Close_Mono_01.wav
  artifactKey: Guid(2b51fc6c6916b0f48ab5e5f549cb9033) Importer(815301076,1909f56bfc062723c751e8b465ee728b)
Start importing Assets/Voices - Essentials/Voice_Male/Voice_Male_Expressions/Voice_Male_V2_Reflexion_Mouth_Close_Mono_01.wav using Guid(2b51fc6c6916b0f48ab5e5f549cb9033) Importer(815301076,1909f56bfc062723c751e8b465ee728b)  -> (artifact id: '6f9525daf03556a9b9a6262a7693962c') in 0.016075 seconds 
========================================================================
Received Import Request.
  Time since last request: 24.893098 seconds.
  path: Assets/Voices - Essentials/Voice_Male/Voice_Male_Hit/Voice_Male_V1_Hit_Mono_01.wav
  artifactKey: Guid(36face8ac33b3814caa19d440d6d33fa) Importer(815301076,1909f56bfc062723c751e8b465ee728b)
Start importing Assets/Voices - Essentials/Voice_Male/Voice_Male_Hit/Voice_Male_V1_Hit_Mono_01.wav using Guid(36face8ac33b3814caa19d440d6d33fa) Importer(815301076,1909f56bfc062723c751e8b465ee728b)  -> (artifact id: '47c6d2e9e452e5db33082788f067d374') in 0.015732 seconds 
========================================================================
Received Import Request.
  Time since last request: 0.000018 seconds.
  path: Assets/Voices - Essentials/Voice_Male/Voice_Male_Hit/Voice_Male_V1_Hit_Mono_06.wav
  artifactKey: Guid(6267fe68d4c4db24da7e77a14132ef56) Importer(815301076,1909f56bfc062723c751e8b465ee728b)
Start importing Assets/Voices - Essentials/Voice_Male/Voice_Male_Hit/Voice_Male_V1_Hit_Mono_06.wav using Guid(6267fe68d4c4db24da7e77a14132ef56) Importer(815301076,1909f56bfc062723c751e8b465ee728b)  -> (artifact id: '246a8d84fdbc97163a63877cfef977b6') in 0.016941 seconds 
========================================================================
Received Import Request.
  Time since last request: 0.000020 seconds.
  path: Assets/Voices - Essentials/Voice_Male/Voice_Male_Hit/Voice_Male_V2_Hit_Mono_03.wav
  artifactKey: Guid(949069d19c7e757468367c171ac77160) Importer(815301076,1909f56bfc062723c751e8b465ee728b)
Start importing Assets/Voices - Essentials/Voice_Male/Voice_Male_Hit/Voice_Male_V2_Hit_Mono_03.wav using Guid(949069d19c7e757468367c171ac77160) Importer(815301076,1909f56bfc062723c751e8b465ee728b)  -> (artifact id: '899d25bd9061ac40be8b4c97de3ae82a') in 0.018533 seconds 
========================================================================
Received Import Request.
  Time since last request: 0.000022 seconds.
  path: Assets/Voices - Essentials/Voice_Male/Voice_Male_Hit/Voice_Male_V1_Hit_Short_Mono_02.wav
  artifactKey: Guid(572fe06c861000149bc4b51cc1fdb09d) Importer(815301076,1909f56bfc062723c751e8b465ee728b)
Start importing Assets/Voices - Essentials/Voice_Male/Voice_Male_Hit/Voice_Male_V1_Hit_Short_Mono_02.wav using Guid(572fe06c861000149bc4b51cc1fdb09d) Importer(815301076,1909f56bfc062723c751e8b465ee728b)  -> (artifact id: 'f499a819dee0b6a4f9cc4afc15fb81f2') in 0.017334 seconds 
========================================================================
Received Import Request.
  Time since last request: 0.000021 seconds.
  path: Assets/Voices - Essentials/Voice_Male/Voice_Male_Hit/Voice_Male_V1_Hit_Short_Mono_11.wav
  artifactKey: Guid(c39ba448713aff147bdc2b9b4126b1d8) Importer(815301076,1909f56bfc062723c751e8b465ee728b)
Start importing Assets/Voices - Essentials/Voice_Male/Voice_Male_Hit/Voice_Male_V1_Hit_Short_Mono_11.wav using Guid(c39ba448713aff147bdc2b9b4126b1d8) Importer(815301076,1909f56bfc062723c751e8b465ee728b)  -> (artifact id: 'f7f1387a70e7b862659ce9699fa59110') in 0.017161 seconds 
========================================================================
Received Import Request.
  Time since last request: 0.000019 seconds.
  path: Assets/Voices - Essentials/Voice_Male/Voice_Male_Hit/Voice_Male_V1_Hit_Mono_05.wav
  artifactKey: Guid(ed5d0007a6aca7a4e9cfe74b94ed21a2) Importer(815301076,1909f56bfc062723c751e8b465ee728b)
Start importing Assets/Voices - Essentials/Voice_Male/Voice_Male_Hit/Voice_Male_V1_Hit_Mono_05.wav using Guid(ed5d0007a6aca7a4e9cfe74b94ed21a2) Importer(815301076,1909f56bfc062723c751e8b465ee728b)  -> (artifact id: '9f1f96cfdecf5a3f99a89ca692a9e419') in 0.015937 seconds 
========================================================================
Received Import Request.
  Time since last request: 0.000020 seconds.
  path: Assets/Voices - Essentials/Voice_Male/Voice_Male_Hit/Voice_Male_V2_Hit_Short_Mono_01.wav
  artifactKey: Guid(164c4cd428e81554a89f938451aae22f) Importer(815301076,1909f56bfc062723c751e8b465ee728b)
Start importing Assets/Voices - Essentials/Voice_Male/Voice_Male_Hit/Voice_Male_V2_Hit_Short_Mono_01.wav using Guid(164c4cd428e81554a89f938451aae22f) Importer(815301076,1909f56bfc062723c751e8b465ee728b)  -> (artifact id: '79f0b953056112f69154e85c63706702') in 0.016126 seconds 
========================================================================
Received Import Request.
  Time since last request: 0.000031 seconds.
  path: Assets/Voices - Essentials/Voice_Male/Voice_Male_Hit/Voice_Male_V1_Hit_Short_Mono_09.wav
  artifactKey: Guid(14a883f5f8241cc4ca1f35fe54fef1d2) Importer(815301076,1909f56bfc062723c751e8b465ee728b)
Start importing Assets/Voices - Essentials/Voice_Male/Voice_Male_Hit/Voice_Male_V1_Hit_Short_Mono_09.wav using Guid(14a883f5f8241cc4ca1f35fe54fef1d2) Importer(815301076,1909f56bfc062723c751e8b465ee728b)  -> (artifact id: '96417751bfb16db6034fd91ffcdc3067') in 0.016429 seconds 
========================================================================
Received Import Request.
  Time since last request: 0.000034 seconds.
  path: Assets/Voices - Essentials/Voice_Male/Voice_Male_Hit/Voice_Male_V1_Hit_Short_Mono_08.wav
  artifactKey: Guid(36104c8b981b4a349a1948b61c9e8a20) Importer(815301076,1909f56bfc062723c751e8b465ee728b)
Start importing Assets/Voices - Essentials/Voice_Male/Voice_Male_Hit/Voice_Male_V1_Hit_Short_Mono_08.wav using Guid(36104c8b981b4a349a1948b61c9e8a20) Importer(815301076,1909f56bfc062723c751e8b465ee728b)  -> (artifact id: 'e845ce41e6b503904cae61185faf1c69') in 0.016553 seconds 
========================================================================
Received Import Request.
  Time since last request: 12.424406 seconds.
  path: Assets/Voices - Essentials/Voice_Male/Voice_Male_Jump&Land/Voice_Male_V1_Jump_Mono_01.wav
  artifactKey: Guid(70d21687156c5b84dbee279f3bb6086f) Importer(815301076,1909f56bfc062723c751e8b465ee728b)
Start importing Assets/Voices - Essentials/Voice_Male/Voice_Male_Jump&Land/Voice_Male_V1_Jump_Mono_01.wav using Guid(70d21687156c5b84dbee279f3bb6086f) Importer(815301076,1909f56bfc062723c751e8b465ee728b)  -> (artifact id: '32ab2b795b46a70b06b9fd7f58095021') in 0.026459 seconds 
========================================================================
Received Import Request.
  Time since last request: 0.000019 seconds.
  path: Assets/Voices - Essentials/Voice_Male/Voice_Male_Jump&Land/Voice_Male_V1_Land_Mono_11.wav
  artifactKey: Guid(3702364d63f3f2843a6aca5faa5dff42) Importer(815301076,1909f56bfc062723c751e8b465ee728b)
Start importing Assets/Voices - Essentials/Voice_Male/Voice_Male_Jump&Land/Voice_Male_V1_Land_Mono_11.wav using Guid(3702364d63f3f2843a6aca5faa5dff42) Importer(815301076,1909f56bfc062723c751e8b465ee728b)  -> (artifact id: '7048e103b9dcef7488791bce755b5175') in 0.014733 seconds 
========================================================================
Received Import Request.
  Time since last request: 0.000026 seconds.
  path: Assets/Voices - Essentials/Voice_Male/Voice_Male_Jump&Land/Voice_Male_V1_Land_Mono_09.wav
  artifactKey: Guid(2dbc6219b3c1c4346b1f40dfd61da974) Importer(815301076,1909f56bfc062723c751e8b465ee728b)
Start importing Assets/Voices - Essentials/Voice_Male/Voice_Male_Jump&Land/Voice_Male_V1_Land_Mono_09.wav using Guid(2dbc6219b3c1c4346b1f40dfd61da974) Importer(815301076,1909f56bfc062723c751e8b465ee728b)  -> (artifact id: 'a44498a19f839ff6b3cb776c756108cf') in 0.016098 seconds 
========================================================================
Received Import Request.
  Time since last request: 0.000021 seconds.
  path: Assets/Voices - Essentials/Voice_Male/Voice_Male_Jump&Land/Voice_Male_V2_Land_Mono_04.wav
  artifactKey: Guid(c7267e51732bab244bb03dab3de6655b) Importer(815301076,1909f56bfc062723c751e8b465ee728b)
Start importing Assets/Voices - Essentials/Voice_Male/Voice_Male_Jump&Land/Voice_Male_V2_Land_Mono_04.wav using Guid(c7267e51732bab244bb03dab3de6655b) Importer(815301076,1909f56bfc062723c751e8b465ee728b)  -> (artifact id: '9e409f84329788f79120efbf2a1ecf10') in 0.017237 seconds 
========================================================================
Received Import Request.
  Time since last request: 0.000029 seconds.
  path: Assets/Voices - Essentials/Voice_Male/Voice_Male_Jump&Land/Voice_Male_V2_Jump_Mono_03.wav
  artifactKey: Guid(291b56b0a85ad104f873f5638f54fc4d) Importer(815301076,1909f56bfc062723c751e8b465ee728b)
Start importing Assets/Voices - Essentials/Voice_Male/Voice_Male_Jump&Land/Voice_Male_V2_Jump_Mono_03.wav using Guid(291b56b0a85ad104f873f5638f54fc4d) Importer(815301076,1909f56bfc062723c751e8b465ee728b)  -> (artifact id: '58fd5e9f7d3b3d0225366eb4b562c870') in 0.019193 seconds 
========================================================================
Received Import Request.
  Time since last request: 0.000023 seconds.
  path: Assets/Voices - Essentials/Voice_Male/Voice_Male_Jump&Land/Voice_Male_V1_Land_Mono_03.wav
  artifactKey: Guid(4e3da559eb1b560489e5b8d7c91b703f) Importer(815301076,1909f56bfc062723c751e8b465ee728b)
Start importing Assets/Voices - Essentials/Voice_Male/Voice_Male_Jump&Land/Voice_Male_V1_Land_Mono_03.wav using Guid(4e3da559eb1b560489e5b8d7c91b703f) Importer(815301076,1909f56bfc062723c751e8b465ee728b)  -> (artifact id: 'cfd04a1d5044360cf7e9d4ea63d49e3f') in 0.016273 seconds 
========================================================================
Received Import Request.
  Time since last request: 0.000024 seconds.
  path: Assets/Voices - Essentials/Voice_Male/Voice_Male_Jump&Land/Voice_Male_V1_Land_Mono_12.wav
  artifactKey: Guid(f7924be607c79ef47b70f0b874c20a85) Importer(815301076,1909f56bfc062723c751e8b465ee728b)
Start importing Assets/Voices - Essentials/Voice_Male/Voice_Male_Jump&Land/Voice_Male_V1_Land_Mono_12.wav using Guid(f7924be607c79ef47b70f0b874c20a85) Importer(815301076,1909f56bfc062723c751e8b465ee728b)  -> (artifact id: 'fb444c4ea95e6f7737e64ac6e4c86e8b') in 0.017146 seconds 
========================================================================
Received Import Request.
  Time since last request: 7.399798 seconds.
  path: Assets/Voices - Essentials/Voice_Female/Voice_Female_Attack
  artifactKey: Guid(8b6ad144ac0418c44a5fdaf6e2558491) Importer(815301076,1909f56bfc062723c751e8b465ee728b)
Start importing Assets/Voices - Essentials/Voice_Female/Voice_Female_Attack using Guid(8b6ad144ac0418c44a5fdaf6e2558491) Importer(815301076,1909f56bfc062723c751e8b465ee728b)  -> (artifact id: '4fa3f3ab7c72602e0acf53173c535fde') in 0.011128 seconds 
========================================================================
Received Import Request.
  Time since last request: 0.069288 seconds.
  path: Assets/Voices - Essentials/Voice_Female/Voice_Female_Attack/Voice_Female_V1_Attack_Mono_01.wav
  artifactKey: Guid(b263163ebdb31014eac7b8cc54f80ee1) Importer(815301076,1909f56bfc062723c751e8b465ee728b)
Start importing Assets/Voices - Essentials/Voice_Female/Voice_Female_Attack/Voice_Female_V1_Attack_Mono_01.wav using Guid(b263163ebdb31014eac7b8cc54f80ee1) Importer(815301076,1909f56bfc062723c751e8b465ee728b)  -> (artifact id: '9d348261c4f5a9824a6baa8d0fda3691') in 0.016182 seconds 
========================================================================
Received Import Request.
  Time since last request: 0.000023 seconds.
  path: Assets/Voices - Essentials/Voice_Female/Voice_Female_Attack/Voice_Female_V2_Attack_Mono_10.wav
  artifactKey: Guid(c6753a7c528a07d49bd5b58f26fa80e3) Importer(815301076,1909f56bfc062723c751e8b465ee728b)
Start importing Assets/Voices - Essentials/Voice_Female/Voice_Female_Attack/Voice_Female_V2_Attack_Mono_10.wav using Guid(c6753a7c528a07d49bd5b58f26fa80e3) Importer(815301076,1909f56bfc062723c751e8b465ee728b)  -> (artifact id: '8795d3dd0263c37931fec0725b675d05') in 0.027050 seconds 
========================================================================
Received Import Request.
  Time since last request: 0.000024 seconds.
  path: Assets/Voices - Essentials/Voice_Female/Voice_Female_Attack/Voice_Female_V1_Attack_Mono_08.wav
  artifactKey: Guid(cc4ca2a8f0bf22741b72dc25d9db1b04) Importer(815301076,1909f56bfc062723c751e8b465ee728b)
Start importing Assets/Voices - Essentials/Voice_Female/Voice_Female_Attack/Voice_Female_V1_Attack_Mono_08.wav using Guid(cc4ca2a8f0bf22741b72dc25d9db1b04) Importer(815301076,1909f56bfc062723c751e8b465ee728b)  -> (artifact id: 'aa35df58f62ee1c58bbe191069db16d4') in 0.016273 seconds 
========================================================================
Received Import Request.
  Time since last request: 0.000022 seconds.
  path: Assets/Voices - Essentials/Voice_Female/Voice_Female_Attack/Voice_Female_V2_Attack_Mono_07.wav
  artifactKey: Guid(4741b8ecf82806e408cfdd12fce6a3d8) Importer(815301076,1909f56bfc062723c751e8b465ee728b)
Start importing Assets/Voices - Essentials/Voice_Female/Voice_Female_Attack/Voice_Female_V2_Attack_Mono_07.wav using Guid(4741b8ecf82806e408cfdd12fce6a3d8) Importer(815301076,1909f56bfc062723c751e8b465ee728b)  -> (artifact id: 'a25ecee4680919122382a472b5eaa1fd') in 0.017219 seconds 
========================================================================
Received Import Request.
  Time since last request: 0.000025 seconds.
  path: Assets/Voices - Essentials/Voice_Female/Voice_Female_Attack/Voice_Female_V1_Attack_Mono_07.wav
  artifactKey: Guid(07aca1ab119f37e439dce818f444683e) Importer(815301076,1909f56bfc062723c751e8b465ee728b)
Start importing Assets/Voices - Essentials/Voice_Female/Voice_Female_Attack/Voice_Female_V1_Attack_Mono_07.wav using Guid(07aca1ab119f37e439dce818f444683e) Importer(815301076,1909f56bfc062723c751e8b465ee728b)  -> (artifact id: '59bde5bd96b6ed83a92ae658478e7f08') in 0.016470 seconds 
========================================================================
Received Import Request.
  Time since last request: 3.423101 seconds.
  path: Assets/Voices - Essentials/Voice_Female/Voice_Female_Hit/Voice_Female_V1_Hit_Mono_01.wav
  artifactKey: Guid(d9b4fdfa66ff2ba418d4d1550938a01c) Importer(815301076,1909f56bfc062723c751e8b465ee728b)
Start importing Assets/Voices - Essentials/Voice_Female/Voice_Female_Hit/Voice_Female_V1_Hit_Mono_01.wav using Guid(d9b4fdfa66ff2ba418d4d1550938a01c) Importer(815301076,1909f56bfc062723c751e8b465ee728b)  -> (artifact id: '12926731416a766781e5b26192e9f843') in 0.024933 seconds 
========================================================================
Received Import Request.
  Time since last request: 0.000019 seconds.
  path: Assets/Voices - Essentials/Voice_Female/Voice_Female_Hit/Voice_Female_V2_Hit_Short_Mono_07.wav
  artifactKey: Guid(aaf6f4b298a3a15479272103106d9d0a) Importer(815301076,1909f56bfc062723c751e8b465ee728b)
Start importing Assets/Voices - Essentials/Voice_Female/Voice_Female_Hit/Voice_Female_V2_Hit_Short_Mono_07.wav using Guid(aaf6f4b298a3a15479272103106d9d0a) Importer(815301076,1909f56bfc062723c751e8b465ee728b)  -> (artifact id: '7142c4ae0bdb3379928dbacb5bc39206') in 0.016175 seconds 
========================================================================
Received Import Request.
  Time since last request: 0.000028 seconds.
  path: Assets/Voices - Essentials/Voice_Female/Voice_Female_Hit/Voice_Female_V1_Hit_Short_Mono_08.wav
  artifactKey: Guid(64fa533beace0154ea3b3d27a1ce906c) Importer(815301076,1909f56bfc062723c751e8b465ee728b)
Start importing Assets/Voices - Essentials/Voice_Female/Voice_Female_Hit/Voice_Female_V1_Hit_Short_Mono_08.wav using Guid(64fa533beace0154ea3b3d27a1ce906c) Importer(815301076,1909f56bfc062723c751e8b465ee728b)  -> (artifact id: 'ab3db6a7c20e5cea7d3511702ebe0893') in 0.015883 seconds 
========================================================================
Received Import Request.
  Time since last request: 0.000023 seconds.
  path: Assets/Voices - Essentials/Voice_Female/Voice_Female_Hit/Voice_Female_V2_Hit_Short_Mono_06.wav
  artifactKey: Guid(6e7098dfd548f514397f6cf2ec72b7b4) Importer(815301076,1909f56bfc062723c751e8b465ee728b)
Start importing Assets/Voices - Essentials/Voice_Female/Voice_Female_Hit/Voice_Female_V2_Hit_Short_Mono_06.wav using Guid(6e7098dfd548f514397f6cf2ec72b7b4) Importer(815301076,1909f56bfc062723c751e8b465ee728b)  -> (artifact id: '3d4989909f5e75b8c5b4c1fb2b19cc54') in 0.017798 seconds 
========================================================================
Received Import Request.
  Time since last request: 0.000025 seconds.
  path: Assets/Voices - Essentials/Voice_Female/Voice_Female_Hit/Voice_Female_V2_Hit_Short_Mono_02.wav
  artifactKey: Guid(aecda938c23ab05429592a6424db3cc6) Importer(815301076,1909f56bfc062723c751e8b465ee728b)
Start importing Assets/Voices - Essentials/Voice_Female/Voice_Female_Hit/Voice_Female_V2_Hit_Short_Mono_02.wav using Guid(aecda938c23ab05429592a6424db3cc6) Importer(815301076,1909f56bfc062723c751e8b465ee728b)  -> (artifact id: '9ab5fd4007eaaee09ed5f0a97ac9a0b0') in 0.015992 seconds 
========================================================================
Received Import Request.
  Time since last request: 0.000020 seconds.
  path: Assets/Voices - Essentials/Voice_Female/Voice_Female_Hit/Voice_Female_V1_Hit_Short_Mono_03.wav
  artifactKey: Guid(d2e36b4491903474c941144214329504) Importer(815301076,1909f56bfc062723c751e8b465ee728b)
Start importing Assets/Voices - Essentials/Voice_Female/Voice_Female_Hit/Voice_Female_V1_Hit_Short_Mono_03.wav using Guid(d2e36b4491903474c941144214329504) Importer(815301076,1909f56bfc062723c751e8b465ee728b)  -> (artifact id: 'f1a64909d76a67cb776678ddcf5e780f') in 0.016185 seconds 
========================================================================
Received Import Request.
  Time since last request: 0.000017 seconds.
  path: Assets/Voices - Essentials/Voice_Female/Voice_Female_Hit/Voice_Female_V2_Hit_Mono_01.wav
  artifactKey: Guid(d2aef8631ed7c2d469cdbb7146bba7ab) Importer(815301076,1909f56bfc062723c751e8b465ee728b)
Start importing Assets/Voices - Essentials/Voice_Female/Voice_Female_Hit/Voice_Female_V2_Hit_Mono_01.wav using Guid(d2aef8631ed7c2d469cdbb7146bba7ab) Importer(815301076,1909f56bfc062723c751e8b465ee728b)  -> (artifact id: '592520b70f7cab61d45dab479b8eb692') in 0.017117 seconds 
========================================================================
Received Import Request.
  Time since last request: 4.337295 seconds.
  path: Assets/Voices - Essentials/Voice_Female/Voice_Female_Jump&Land/Voice_Female_V1_Jump_Mono_01.wav
  artifactKey: Guid(dd686f01f0c904f46b27389d12340dcb) Importer(815301076,1909f56bfc062723c751e8b465ee728b)
Start importing Assets/Voices - Essentials/Voice_Female/Voice_Female_Jump&Land/Voice_Female_V1_Jump_Mono_01.wav using Guid(dd686f01f0c904f46b27389d12340dcb) Importer(815301076,1909f56bfc062723c751e8b465ee728b)  -> (artifact id: 'd31519761622795aa328168d0072d5de') in 0.016677 seconds 
========================================================================
Received Import Request.
  Time since last request: 0.000024 seconds.
  path: Assets/Voices - Essentials/Voice_Female/Voice_Female_Jump&Land/Voice_Female_V2_Jump_Mono_03.wav
  artifactKey: Guid(ed92598bd0905564892d587530a65342) Importer(815301076,1909f56bfc062723c751e8b465ee728b)
Start importing Assets/Voices - Essentials/Voice_Female/Voice_Female_Jump&Land/Voice_Female_V2_Jump_Mono_03.wav using Guid(ed92598bd0905564892d587530a65342) Importer(815301076,1909f56bfc062723c751e8b465ee728b)  -> (artifact id: '692ffe3559afdf2f34bc5a4cd1f8d7c0') in 0.015353 seconds 
========================================================================
Received Import Request.
  Time since last request: 0.000024 seconds.
  path: Assets/Voices - Essentials/Voice_Female/Voice_Female_Jump&Land/Voice_Female_V1_Land_Mono_07.wav
  artifactKey: Guid(fdaf3c24b7f50b2409959431b57e82a7) Importer(815301076,1909f56bfc062723c751e8b465ee728b)
Start importing Assets/Voices - Essentials/Voice_Female/Voice_Female_Jump&Land/Voice_Female_V1_Land_Mono_07.wav using Guid(fdaf3c24b7f50b2409959431b57e82a7) Importer(815301076,1909f56bfc062723c751e8b465ee728b)  -> (artifact id: '022bd7cfaa480ff140e05513cfea400f') in 0.016580 seconds 
========================================================================
Received Import Request.
  Time since last request: 0.000020 seconds.
  path: Assets/Voices - Essentials/Voice_Female/Voice_Female_Jump&Land/Voice_Female_V2_Jump_Mono_07.wav
  artifactKey: Guid(c13c004cdc5cf4e43b25e4d88df203b2) Importer(815301076,1909f56bfc062723c751e8b465ee728b)
Start importing Assets/Voices - Essentials/Voice_Female/Voice_Female_Jump&Land/Voice_Female_V2_Jump_Mono_07.wav using Guid(c13c004cdc5cf4e43b25e4d88df203b2) Importer(815301076,1909f56bfc062723c751e8b465ee728b)  -> (artifact id: '92a81efdfe3a1d080d1f3659578d5bed') in 0.017721 seconds 
========================================================================
Received Import Request.
  Time since last request: 0.000020 seconds.
  path: Assets/Voices - Essentials/Voice_Female/Voice_Female_Jump&Land/Voice_Female_V1_Land_Mono_02.wav
  artifactKey: Guid(40c0236b8de07fa4eb8d2c038a5418f8) Importer(815301076,1909f56bfc062723c751e8b465ee728b)
Start importing Assets/Voices - Essentials/Voice_Female/Voice_Female_Jump&Land/Voice_Female_V1_Land_Mono_02.wav using Guid(40c0236b8de07fa4eb8d2c038a5418f8) Importer(815301076,1909f56bfc062723c751e8b465ee728b)  -> (artifact id: '0eda4a743558a8fb3d762c9b6a227794') in 0.017682 seconds 
========================================================================
Received Import Request.
  Time since last request: 0.000029 seconds.
  path: Assets/Voices - Essentials/Voice_Female/Voice_Female_Jump&Land/Voice_Female_V1_Jump_Mono_06.wav
  artifactKey: Guid(9b9a59cd7e2c9fb498f7adb7a76ade31) Importer(815301076,1909f56bfc062723c751e8b465ee728b)
Start importing Assets/Voices - Essentials/Voice_Female/Voice_Female_Jump&Land/Voice_Female_V1_Jump_Mono_06.wav using Guid(9b9a59cd7e2c9fb498f7adb7a76ade31) Importer(815301076,1909f56bfc062723c751e8b465ee728b)  -> (artifact id: '15748cc9112714b7bcfd626fa3f7b3ef') in 0.018373 seconds 
========================================================================
Received Import Request.
  Time since last request: 0.000042 seconds.
  path: Assets/Voices - Essentials/Voice_Female/Voice_Female_Jump&Land/Voice_Female_V2_Land_Mono_01.wav
  artifactKey: Guid(0bd9a80fa0744fb4aa1657dd5734aff7) Importer(815301076,1909f56bfc062723c751e8b465ee728b)
Start importing Assets/Voices - Essentials/Voice_Female/Voice_Female_Jump&Land/Voice_Female_V2_Land_Mono_01.wav using Guid(0bd9a80fa0744fb4aa1657dd5734aff7) Importer(815301076,1909f56bfc062723c751e8b465ee728b)  -> (artifact id: '16b620d810b501af31beb1c7f8c22942') in 0.017143 seconds 
========================================================================
Received Import Request.
  Time since last request: 0.000040 seconds.
  path: Assets/Voices - Essentials/Voice_Female/Voice_Female_Jump&Land/Voice_Female_V2_Jump_Mono_06.wav
  artifactKey: Guid(51035cde34a48ab4e9d8f5e1930a5278) Importer(815301076,1909f56bfc062723c751e8b465ee728b)
Start importing Assets/Voices - Essentials/Voice_Female/Voice_Female_Jump&Land/Voice_Female_V2_Jump_Mono_06.wav using Guid(51035cde34a48ab4e9d8f5e1930a5278) Importer(815301076,1909f56bfc062723c751e8b465ee728b)  -> (artifact id: '10f5739bd5485c677b1729b441c0a59f') in 0.015849 seconds 
========================================================================
Received Import Request.
  Time since last request: 0.000025 seconds.
  path: Assets/Voices - Essentials/Voice_Female/Voice_Female_Jump&Land/Voice_Female_V2_Land_Mono_07.wav
  artifactKey: Guid(cd6f3bb82f70066419b78d0210a579cf) Importer(815301076,1909f56bfc062723c751e8b465ee728b)
Start importing Assets/Voices - Essentials/Voice_Female/Voice_Female_Jump&Land/Voice_Female_V2_Land_Mono_07.wav using Guid(cd6f3bb82f70066419b78d0210a579cf) Importer(815301076,1909f56bfc062723c751e8b465ee728b)  -> (artifact id: 'b83461c308a5d17072c60d7c162ea212') in 0.014848 seconds 
========================================================================
Received Import Request.
  Time since last request: 2.847423 seconds.
  path: Assets/Voices - Essentials/Voice_Female/Voice_Female_Breath/Voice_Female_V1_Breath_Frozen_Loop_Mono.wav
  artifactKey: Guid(f318c06ff427e4c41a386e8c51338d8f) Importer(815301076,1909f56bfc062723c751e8b465ee728b)
Start importing Assets/Voices - Essentials/Voice_Female/Voice_Female_Breath/Voice_Female_V1_Breath_Frozen_Loop_Mono.wav using Guid(f318c06ff427e4c41a386e8c51338d8f) Importer(815301076,1909f56bfc062723c751e8b465ee728b)  -> (artifact id: '799bb1005098e146d0343eb9ddebb4d1') in 0.014859 seconds 
========================================================================
Received Import Request.
  Time since last request: 0.000019 seconds.
  path: Assets/Voices - Essentials/Voice_Female/Voice_Female_Breath/Voice_Female_V1_Breath_Normal_Loop_Mono.wav
  artifactKey: Guid(f0e7798bebd7ede4bb4c8cd5cb0c73db) Importer(815301076,1909f56bfc062723c751e8b465ee728b)
Start importing Assets/Voices - Essentials/Voice_Female/Voice_Female_Breath/Voice_Female_V1_Breath_Normal_Loop_Mono.wav using Guid(f0e7798bebd7ede4bb4c8cd5cb0c73db) Importer(815301076,1909f56bfc062723c751e8b465ee728b)  -> (artifact id: '84d04f262c347d8f1d5f6b11472923c4') in 0.015395 seconds 
========================================================================
Received Import Request.
  Time since last request: 0.000021 seconds.
  path: Assets/Voices - Essentials/Voice_Female/Voice_Female_Breath/Voice_Female_V1_Breath_Shocked_Mono_03.wav
  artifactKey: Guid(62d4c264ae235884bbaf2a5864313826) Importer(815301076,1909f56bfc062723c751e8b465ee728b)
Start importing Assets/Voices - Essentials/Voice_Female/Voice_Female_Breath/Voice_Female_V1_Breath_Shocked_Mono_03.wav using Guid(62d4c264ae235884bbaf2a5864313826) Importer(815301076,1909f56bfc062723c751e8b465ee728b)  -> (artifact id: '2b5cebd8ff023087cfcad56d0cbcafd3') in 0.016262 seconds 
========================================================================
Received Import Request.
  Time since last request: 0.000017 seconds.
  path: Assets/Voices - Essentials/Voice_Female/Voice_Female_Breath/Voice_Female_V1_Breath_Single_Mono_13.wav
  artifactKey: Guid(395c4de8968b91849a525f48cbb25788) Importer(815301076,1909f56bfc062723c751e8b465ee728b)
Start importing Assets/Voices - Essentials/Voice_Female/Voice_Female_Breath/Voice_Female_V1_Breath_Single_Mono_13.wav using Guid(395c4de8968b91849a525f48cbb25788) Importer(815301076,1909f56bfc062723c751e8b465ee728b)  -> (artifact id: '070f6b7a0e791509211be5c1b8bd6fda') in 0.015487 seconds 
========================================================================
Received Import Request.
  Time since last request: 0.000019 seconds.
  path: Assets/Voices - Essentials/Voice_Female/Voice_Female_Breath/Voice_Female_V1_Breath_Shocked_Mono_01.wav
  artifactKey: Guid(3c58c06936ebd69448b87da3dd4c7cbf) Importer(815301076,1909f56bfc062723c751e8b465ee728b)
Start importing Assets/Voices - Essentials/Voice_Female/Voice_Female_Breath/Voice_Female_V1_Breath_Shocked_Mono_01.wav using Guid(3c58c06936ebd69448b87da3dd4c7cbf) Importer(815301076,1909f56bfc062723c751e8b465ee728b)  -> (artifact id: 'ae438ab6102f71fadb3c7f905d148481') in 0.015408 seconds 
========================================================================
Received Import Request.
  Time since last request: 0.000019 seconds.
  path: Assets/Voices - Essentials/Voice_Female/Voice_Female_Breath/Voice_Female_V1_Breath_Single_Mono_09.wav
  artifactKey: Guid(026bc559d6bcaaf45a610d15892014e8) Importer(815301076,1909f56bfc062723c751e8b465ee728b)
Start importing Assets/Voices - Essentials/Voice_Female/Voice_Female_Breath/Voice_Female_V1_Breath_Single_Mono_09.wav using Guid(026bc559d6bcaaf45a610d15892014e8) Importer(815301076,1909f56bfc062723c751e8b465ee728b)  -> (artifact id: '6bcca3246311250610494b7ec83d533a') in 0.015758 seconds 
========================================================================
Received Import Request.
  Time since last request: 0.000018 seconds.
  path: Assets/Voices - Essentials/Voice_Female/Voice_Female_Breath/Voice_Female_V1_Breath_Shocked_Mono_02.wav
  artifactKey: Guid(f2d0da871bde3b2418d36da337cf20a4) Importer(815301076,1909f56bfc062723c751e8b465ee728b)
Start importing Assets/Voices - Essentials/Voice_Female/Voice_Female_Breath/Voice_Female_V1_Breath_Shocked_Mono_02.wav using Guid(f2d0da871bde3b2418d36da337cf20a4) Importer(815301076,1909f56bfc062723c751e8b465ee728b)  -> (artifact id: '4f29b10c56aba87c4fbba6ac34fee2cd') in 0.017088 seconds 
========================================================================
Received Import Request.
  Time since last request: 0.000019 seconds.
  path: Assets/Voices - Essentials/Voice_Female/Voice_Female_Breath/Voice_Female_V1_Breath_Shocked_Mono_05.wav
  artifactKey: Guid(09e6114d8463bec46a51386d12a967a2) Importer(815301076,1909f56bfc062723c751e8b465ee728b)
Start importing Assets/Voices - Essentials/Voice_Female/Voice_Female_Breath/Voice_Female_V1_Breath_Shocked_Mono_05.wav using Guid(09e6114d8463bec46a51386d12a967a2) Importer(815301076,1909f56bfc062723c751e8b465ee728b)  -> (artifact id: 'c3ab36f804d7c985e0c8a59777d10fd0') in 0.016019 seconds 
Editor requested this worker to shutdown with reason: Scaling down because of idle timeout
AssetImportWorker is now disconnected from the server
Process exiting
Exiting without the bug reporter. Application will terminate with return code 0