Using pre-set license
Built from '2021.3/staging' branch; Version is '2021.3.22f1 (b6c551784ba3) revision 11978065'; Using compiler version '192829333'; Build Type 'Release'
OS: 'Windows 10  (10.0.19045) 64bit Professional' Language: 'tr' Physical Memory: 16125 MB
BatchMode: 1, IsHumanControllingUs: 0, StartBugReporterOnCrash: 0, Is64bit: 1, IsPro: 1

COMMAND LINE ARGUMENTS:
C:\Program Files\Unity\Hub\Editor\2021.3.22f1\Editor\Unity.exe
-adb2
-batchMode
-noUpm
-name
AssetImportWorker8
-projectPath
C:/Users/Ekmevk/OneDrive/Belgeler/GitHub/2D3P-bootcamp-project/Children Of The War
-logFile
Logs/AssetImportWorker8.log
-srvPort
61464
Successfully changed project path to: C:/Users/Ekmevk/OneDrive/Belgeler/GitHub/2D3P-bootcamp-project/Children Of The War
C:/Users/Ekmevk/OneDrive/Belgeler/GitHub/2D3P-bootcamp-project/Children Of The War
[UnityMemory] Configuration Parameters - Can be set up in boot.config
    "memorysetup-bucket-allocator-granularity=16"
    "memorysetup-bucket-allocator-bucket-count=8"
    "memorysetup-bucket-allocator-block-size=33554432"
    "memorysetup-bucket-allocator-block-count=8"
    "memorysetup-main-allocator-block-size=16777216"
    "memorysetup-thread-allocator-block-size=16777216"
    "memorysetup-gfx-main-allocator-block-size=16777216"
    "memorysetup-gfx-thread-allocator-block-size=16777216"
    "memorysetup-cache-allocator-block-size=4194304"
    "memorysetup-typetree-allocator-block-size=2097152"
    "memorysetup-profiler-bucket-allocator-granularity=16"
    "memorysetup-profiler-bucket-allocator-bucket-count=8"
    "memorysetup-profiler-bucket-allocator-block-size=33554432"
    "memorysetup-profiler-bucket-allocator-block-count=8"
    "memorysetup-profiler-allocator-block-size=16777216"
    "memorysetup-profiler-editor-allocator-block-size=1048576"
    "memorysetup-temp-allocator-size-main=16777216"
    "memorysetup-job-temp-allocator-block-size=2097152"
    "memorysetup-job-temp-allocator-block-size-background=1048576"
    "memorysetup-job-temp-allocator-reduction-small-platforms=262144"
    "memorysetup-temp-allocator-size-background-worker=32768"
    "memorysetup-temp-allocator-size-job-worker=262144"
    "memorysetup-temp-allocator-size-preload-manager=33554432"
    "memorysetup-temp-allocator-size-nav-mesh-worker=65536"
    "memorysetup-temp-allocator-size-audio-worker=65536"
    "memorysetup-temp-allocator-size-cloud-worker=32768"
    "memorysetup-temp-allocator-size-gi-baking-worker=262144"
    "memorysetup-temp-allocator-size-gfx=262144"
Player connection [332] Host "[IP] 192.168.1.102 [Port] 0 [Flags] 2 [Guid] 1618139604 [EditorId] 1618139604 [Version] 1048832 [Id] WindowsEditor(7,DESKTOP-NGM2MBH) [Debug] 1 [PackageName] WindowsEditor [ProjectName] Editor" joined multi-casting on [225.0.0.222:54997]...

Player connection [332] Host "[IP] 192.168.1.102 [Port] 0 [Flags] 2 [Guid] 1618139604 [EditorId] 1618139604 [Version] 1048832 [Id] WindowsEditor(7,DESKTOP-NGM2MBH) [Debug] 1 [PackageName] WindowsEditor [ProjectName] Editor" joined alternative multi-casting on [225.0.0.222:34997]...

Refreshing native plugins compatible for Editor in 84.73 ms, found 3 plugins.
Preloading 0 native plugins for Editor in 0.00 ms.
Initialize engine version: 2021.3.22f1 (b6c551784ba3)
[Subsystems] Discovering subsystems at path C:/Program Files/Unity/Hub/Editor/2021.3.22f1/Editor/Data/Resources/UnitySubsystems
[Subsystems] Discovering subsystems at path C:/Users/Ekmevk/OneDrive/Belgeler/GitHub/2D3P-bootcamp-project/Children Of The War/Assets
GfxDevice: creating device client; threaded=0; jobified=0
Direct3D:
    Version:  Direct3D 11.0 [level 11.1]
    Renderer: NVIDIA GeForce RTX 3060 Laptop GPU (ID=0x2520)
    Vendor:   NVIDIA
    VRAM:     6009 MB
    Driver:   31.0.15.3640
Initialize mono
Mono path[0] = 'C:/Program Files/Unity/Hub/Editor/2021.3.22f1/Editor/Data/Managed'
Mono path[1] = 'C:/Program Files/Unity/Hub/Editor/2021.3.22f1/Editor/Data/MonoBleedingEdge/lib/mono/unityjit-win32'
Mono config path = 'C:/Program Files/Unity/Hub/Editor/2021.3.22f1/Editor/Data/MonoBleedingEdge/etc'
Using monoOptions --debugger-agent=transport=dt_socket,embedding=1,server=y,suspend=n,address=127.0.0.1:56828
Begin MonoManager ReloadAssembly
Registering precompiled unity dll's ...
Register platform support module: C:/Program Files/Unity/Hub/Editor/2021.3.22f1/Editor/Data/PlaybackEngines/WindowsStandaloneSupport/UnityEditor.WindowsStandalone.Extensions.dll
Registered in 0.006381 seconds.
Native extension for WindowsStandalone target not found
Refreshing native plugins compatible for Editor in 81.86 ms, found 3 plugins.
Preloading 0 native plugins for Editor in 0.00 ms.
Mono: successfully reloaded assembly
- Completed reload, in  0.555 seconds
Domain Reload Profiling:
	ReloadAssembly (555ms)
		BeginReloadAssembly (74ms)
			ExecutionOrderSort (0ms)
			DisableScriptedObjects (0ms)
			BackupInstance (0ms)
			ReleaseScriptingObjects (0ms)
			CreateAndSetChildDomain (1ms)
		EndReloadAssembly (399ms)
			LoadAssemblies (72ms)
			RebuildTransferFunctionScriptingTraits (0ms)
			SetupTypeCache (98ms)
			ReleaseScriptCaches (0ms)
			RebuildScriptCaches (22ms)
			SetupLoadedEditorAssemblies (231ms)
				LogAssemblyErrors (0ms)
				InitializePlatformSupportModulesInManaged (7ms)
				SetLoadedEditorAssemblies (0ms)
				RefreshPlugins (82ms)
				BeforeProcessingInitializeOnLoad (1ms)
				ProcessInitializeOnLoadAttributes (101ms)
				ProcessInitializeOnLoadMethodAttributes (40ms)
				AfterProcessingInitializeOnLoad (0ms)
				EditorAssembliesLoaded (0ms)
			ExecutionOrderSort2 (0ms)
			AwakeInstancesAfterBackupRestoration (0ms)
Platform modules already initialized, skipping
Registering precompiled user dll's ...
Registered in 0.004224 seconds.
Begin MonoManager ReloadAssembly
Symbol file LoadedFromMemory doesn't match image C:\Users\Ekmevk\OneDrive\Belgeler\GitHub\2D3P-bootcamp-project\Children Of The War\Library\PackageCache\com.unity.visualscripting@1.8.0\Editor\VisualScripting.Core\Dependencies\YamlDotNet\Unity.VisualScripting.YamlDotNet.dll
Symbol file LoadedFromMemory doesn't match image C:\Users\Ekmevk\OneDrive\Belgeler\GitHub\2D3P-bootcamp-project\Children Of The War\Library\PackageCache\com.unity.visualscripting@1.8.0\Editor\VisualScripting.Core\Dependencies\DotNetZip\Unity.VisualScripting.IonicZip.dll
Native extension for WindowsStandalone target not found
Refreshing native plugins compatible for Editor in 78.06 ms, found 3 plugins.
Preloading 0 native plugins for Editor in 0.00 ms.
Mono: successfully reloaded assembly
- Completed reload, in  1.034 seconds
Domain Reload Profiling:
	ReloadAssembly (1035ms)
		BeginReloadAssembly (109ms)
			ExecutionOrderSort (0ms)
			DisableScriptedObjects (5ms)
			BackupInstance (0ms)
			ReleaseScriptingObjects (0ms)
			CreateAndSetChildDomain (19ms)
		EndReloadAssembly (820ms)
			LoadAssemblies (85ms)
			RebuildTransferFunctionScriptingTraits (0ms)
			SetupTypeCache (245ms)
			ReleaseScriptCaches (1ms)
			RebuildScriptCaches (44ms)
			SetupLoadedEditorAssemblies (419ms)
				LogAssemblyErrors (0ms)
				InitializePlatformSupportModulesInManaged (5ms)
				SetLoadedEditorAssemblies (0ms)
				RefreshPlugins (78ms)
				BeforeProcessingInitializeOnLoad (79ms)
				ProcessInitializeOnLoadAttributes (233ms)
				ProcessInitializeOnLoadMethodAttributes (14ms)
				AfterProcessingInitializeOnLoad (9ms)
				EditorAssembliesLoaded (0ms)
			ExecutionOrderSort2 (0ms)
			AwakeInstancesAfterBackupRestoration (6ms)
Platform modules already initialized, skipping
========================================================================
Worker process is ready to serve import requests
Launched and connected shader compiler UnityShaderCompiler.exe after 0.04 seconds
Refreshing native plugins compatible for Editor in 0.67 ms, found 3 plugins.
Preloading 0 native plugins for Editor in 0.00 ms.
Unloading 3419 Unused Serialized files (Serialized files now loaded: 0)
Unloading 27 unused Assets / (113.5 KB). Loaded Objects now: 3884.
Memory consumption went from 127.6 MB to 127.5 MB.
Total: 3.041800 ms (FindLiveObjects: 0.293400 ms CreateObjectMapping: 0.114400 ms MarkObjects: 2.500500 ms  DeleteObjects: 0.132100 ms)

AssetImportParameters requested are different than current active one (requested -> active):
  custom:video-decoder-ogg-theora: a1e56fd34408186e4bbccfd4996cb3dc -> 
  custom:container-muxer-webm: aa71ff27fc2769a1b78a27578f13a17b -> 
  custom:container-demuxer-webm: 4f35f7cbe854078d1ac9338744f61a02 -> 
  custom:video-encoder-webm-vp8: eb34c28f22e8b96e1ab97ce403110664 -> 
  custom:audio-encoder-webm-vorbis: bf7c407c2cedff20999df2af8eb42d56 -> 
  custom:framework-win-MediaFoundation: 216162199b28c13a410421893ffa2e32 -> 
  custom:container-demuxer-ogg: 62fdf1f143b41e24485cea50d1cbac27 -> 
  custom:video-decoder-webm-vp8: 9c59270c3fd7afecdb556c50c9e8de78 -> 
  custom:audio-decoder-ogg-vorbis: bf7c407c2cedff20999df2af8eb42d56 -> 
========================================================================
Received Import Request.
  Time since last request: 161435.168526 seconds.
  path: Assets/Voices - Essentials/Voice_Female/Voice_Female_Pain/Voice_Female_V1_Pain_Mono_01.wav
  artifactKey: Guid(d9480da25121f624a85ac31d96ccd0dd) Importer(815301076,1909f56bfc062723c751e8b465ee728b)
Start importing Assets/Voices - Essentials/Voice_Female/Voice_Female_Pain/Voice_Female_V1_Pain_Mono_01.wav using Guid(d9480da25121f624a85ac31d96ccd0dd) Importer(815301076,1909f56bfc062723c751e8b465ee728b)  -> (artifact id: '363459ab409cc8062902934e9bf0deae') in 0.108385 seconds 
========================================================================
Received Import Request.
  Time since last request: 86.649981 seconds.
  path: Assets/Voices - Essentials/Voice_Female/Voice_Female_Throat_Cleaning/Voice_Female_V1_Throat_Cleaning_Mono_01.wav
  artifactKey: Guid(46ddd110f5c9e42408721278f19261ec) Importer(815301076,1909f56bfc062723c751e8b465ee728b)
Start importing Assets/Voices - Essentials/Voice_Female/Voice_Female_Throat_Cleaning/Voice_Female_V1_Throat_Cleaning_Mono_01.wav using Guid(46ddd110f5c9e42408721278f19261ec) Importer(815301076,1909f56bfc062723c751e8b465ee728b)  -> (artifact id: 'c621a999c5ba4a624ea38d5d9772a29a') in 0.018720 seconds 
========================================================================
Received Import Request.
  Time since last request: 0.000028 seconds.
  path: Assets/Voices - Essentials/Voice_Female/Voice_Female_Throat_Cleaning/Voice_Female_V1_Throat_Cleaning_Mono_04.wav
  artifactKey: Guid(a851de4b8386dac409001b2877ba5984) Importer(815301076,1909f56bfc062723c751e8b465ee728b)
Start importing Assets/Voices - Essentials/Voice_Female/Voice_Female_Throat_Cleaning/Voice_Female_V1_Throat_Cleaning_Mono_04.wav using Guid(a851de4b8386dac409001b2877ba5984) Importer(815301076,1909f56bfc062723c751e8b465ee728b)  -> (artifact id: '792000fe36b3b01033a8471ae161ec6d') in 0.018704 seconds 
========================================================================
Received Import Request.
  Time since last request: 0.000112 seconds.
  path: Assets/Voices - Essentials/Voice_Female/Voice_Female_Throat_Cleaning/Voice_Female_V1_Throat_Cleaning_Mono_05.wav
  artifactKey: Guid(40a4f9f6ba9de3048a8766933cab786f) Importer(815301076,1909f56bfc062723c751e8b465ee728b)
Start importing Assets/Voices - Essentials/Voice_Female/Voice_Female_Throat_Cleaning/Voice_Female_V1_Throat_Cleaning_Mono_05.wav using Guid(40a4f9f6ba9de3048a8766933cab786f) Importer(815301076,1909f56bfc062723c751e8b465ee728b)  -> (artifact id: '690a8b9e6a036d36fd2ca2d38d58b262') in 0.021678 seconds 
========================================================================
Received Import Request.
  Time since last request: 0.000030 seconds.
  path: Assets/Voices - Essentials/Voice_Female/Voice_Female_Throat_Cleaning/Voice_Female_V2_Throat_Cleaning_Mono_03.wav
  artifactKey: Guid(3524369960805cd449c3b2650d9ec8ce) Importer(815301076,1909f56bfc062723c751e8b465ee728b)
Start importing Assets/Voices - Essentials/Voice_Female/Voice_Female_Throat_Cleaning/Voice_Female_V2_Throat_Cleaning_Mono_03.wav using Guid(3524369960805cd449c3b2650d9ec8ce) Importer(815301076,1909f56bfc062723c751e8b465ee728b)  -> (artifact id: '9fb22c402865208646c6f1443e33a6fc') in 0.016525 seconds 
========================================================================
Received Import Request.
  Time since last request: 0.000040 seconds.
  path: Assets/Voices - Essentials/Voice_Female/Voice_Female_Throat_Cleaning/Voice_Female_V2_Throat_Cleaning_Mono_04.wav
  artifactKey: Guid(5f0a85e7387223d47a6ef409c21753dd) Importer(815301076,1909f56bfc062723c751e8b465ee728b)
Start importing Assets/Voices - Essentials/Voice_Female/Voice_Female_Throat_Cleaning/Voice_Female_V2_Throat_Cleaning_Mono_04.wav using Guid(5f0a85e7387223d47a6ef409c21753dd) Importer(815301076,1909f56bfc062723c751e8b465ee728b)  -> (artifact id: 'a420a654c605416fd40f3d53a3fcdc72') in 0.016754 seconds 
========================================================================
Received Import Request.
  Time since last request: 4.977505 seconds.
  path: Assets/Voices - Essentials/Voice_Female/Voice_Female_Expressions/Voice_Female_V1_Laugh_Long_Mono_02.wav
  artifactKey: Guid(503eddc58a259cd4785f2da5b675dd6e) Importer(815301076,1909f56bfc062723c751e8b465ee728b)
Start importing Assets/Voices - Essentials/Voice_Female/Voice_Female_Expressions/Voice_Female_V1_Laugh_Long_Mono_02.wav using Guid(503eddc58a259cd4785f2da5b675dd6e) Importer(815301076,1909f56bfc062723c751e8b465ee728b)  -> (artifact id: '2c3e724d605266fcf308544132b1d5d5') in 0.014448 seconds 
========================================================================
Received Import Request.
  Time since last request: 0.000024 seconds.
  path: Assets/Voices - Essentials/Voice_Female/Voice_Female_Expressions/Voice_Female_V2_Laugh_Long_Mono_05.wav
  artifactKey: Guid(19706eae9bdce854381ff69f2f20e470) Importer(815301076,1909f56bfc062723c751e8b465ee728b)
Start importing Assets/Voices - Essentials/Voice_Female/Voice_Female_Expressions/Voice_Female_V2_Laugh_Long_Mono_05.wav using Guid(19706eae9bdce854381ff69f2f20e470) Importer(815301076,1909f56bfc062723c751e8b465ee728b)  -> (artifact id: 'b6ab87842a46a3b5a3ed037957bc85d3') in 0.013803 seconds 
========================================================================
Received Import Request.
  Time since last request: 0.000020 seconds.
  path: Assets/Voices - Essentials/Voice_Female/Voice_Female_Expressions/Voice_Female_V1_Nod_Mono_02.wav
  artifactKey: Guid(ce67cef3e2b3c7a42a08d62928dd44bb) Importer(815301076,1909f56bfc062723c751e8b465ee728b)
Start importing Assets/Voices - Essentials/Voice_Female/Voice_Female_Expressions/Voice_Female_V1_Nod_Mono_02.wav using Guid(ce67cef3e2b3c7a42a08d62928dd44bb) Importer(815301076,1909f56bfc062723c751e8b465ee728b)  -> (artifact id: '1c8a0add012c28fc8d2781201d4f8f01') in 0.015454 seconds 
========================================================================
Received Import Request.
  Time since last request: 0.000023 seconds.
  path: Assets/Voices - Essentials/Voice_Female/Voice_Female_Expressions/Voice_Female_V1_Nod_Mono_03.wav
  artifactKey: Guid(65ab82acc71b1c54cbaa61aa1264fe42) Importer(815301076,1909f56bfc062723c751e8b465ee728b)
Start importing Assets/Voices - Essentials/Voice_Female/Voice_Female_Expressions/Voice_Female_V1_Nod_Mono_03.wav using Guid(65ab82acc71b1c54cbaa61aa1264fe42) Importer(815301076,1909f56bfc062723c751e8b465ee728b)  -> (artifact id: '4266ceb564aa89b7d7216057637282cf') in 0.015488 seconds 
========================================================================
Received Import Request.
  Time since last request: 0.000031 seconds.
  path: Assets/Voices - Essentials/Voice_Female/Voice_Female_Expressions/Voice_Female_V2_Laugh_Short_Mono_01.wav
  artifactKey: Guid(dba2591e4f90b2d4f8a0101bb3245e0c) Importer(815301076,1909f56bfc062723c751e8b465ee728b)
Start importing Assets/Voices - Essentials/Voice_Female/Voice_Female_Expressions/Voice_Female_V2_Laugh_Short_Mono_01.wav using Guid(dba2591e4f90b2d4f8a0101bb3245e0c) Importer(815301076,1909f56bfc062723c751e8b465ee728b)  -> (artifact id: '78a3a251bd721c98d92107ad298e405f') in 0.014746 seconds 
========================================================================
Received Import Request.
  Time since last request: 0.000028 seconds.
  path: Assets/Voices - Essentials/Voice_Female/Voice_Female_Expressions/Voice_Female_V1_Sigh_Mono_02.wav
  artifactKey: Guid(a43952877c1bf7b4993b3cb2669127ca) Importer(815301076,1909f56bfc062723c751e8b465ee728b)
Start importing Assets/Voices - Essentials/Voice_Female/Voice_Female_Expressions/Voice_Female_V1_Sigh_Mono_02.wav using Guid(a43952877c1bf7b4993b3cb2669127ca) Importer(815301076,1909f56bfc062723c751e8b465ee728b)  -> (artifact id: '5ff3b5e3fb72e105c47dbc612ad42427') in 0.015912 seconds 
========================================================================
Received Import Request.
  Time since last request: 0.000031 seconds.
  path: Assets/Voices - Essentials/Voice_Female/Voice_Female_Expressions/Voice_Female_V1_Nod_Mono_01.wav
  artifactKey: Guid(b2b4b803e540a5941b85835225e4123a) Importer(815301076,1909f56bfc062723c751e8b465ee728b)
Start importing Assets/Voices - Essentials/Voice_Female/Voice_Female_Expressions/Voice_Female_V1_Nod_Mono_01.wav using Guid(b2b4b803e540a5941b85835225e4123a) Importer(815301076,1909f56bfc062723c751e8b465ee728b)  -> (artifact id: '593b882f4b637be045ea8ea83e026beb') in 0.016633 seconds 
========================================================================
Received Import Request.
  Time since last request: 0.000024 seconds.
  path: Assets/Voices - Essentials/Voice_Female/Voice_Female_Expressions/Voice_Female_V1_Nod_Mono_04.wav
  artifactKey: Guid(cf9804f0275e4d54ebe46901668dd356) Importer(815301076,1909f56bfc062723c751e8b465ee728b)
Start importing Assets/Voices - Essentials/Voice_Female/Voice_Female_Expressions/Voice_Female_V1_Nod_Mono_04.wav using Guid(cf9804f0275e4d54ebe46901668dd356) Importer(815301076,1909f56bfc062723c751e8b465ee728b)  -> (artifact id: '8632c5c6e4d91daf564255201565eada') in 0.018511 seconds 
========================================================================
Received Import Request.
  Time since last request: 0.000032 seconds.
  path: Assets/Voices - Essentials/Voice_Female/Voice_Female_Expressions/Voice_Female_V1_Sigh_Mono_01.wav
  artifactKey: Guid(f300f6f637051434a99e353b8ee75b79) Importer(815301076,1909f56bfc062723c751e8b465ee728b)
Start importing Assets/Voices - Essentials/Voice_Female/Voice_Female_Expressions/Voice_Female_V1_Sigh_Mono_01.wav using Guid(f300f6f637051434a99e353b8ee75b79) Importer(815301076,1909f56bfc062723c751e8b465ee728b)  -> (artifact id: '185af1f5cea2724e96501c8d6cc81b12') in 0.018784 seconds 
========================================================================
Received Import Request.
  Time since last request: 0.000036 seconds.
  path: Assets/Voices - Essentials/Voice_Female/Voice_Female_Expressions/Voice_Female_V2_Laugh_Short_Mono_03.wav
  artifactKey: Guid(97ba6ee5a589dfc4f8686790cf6cd6f7) Importer(815301076,1909f56bfc062723c751e8b465ee728b)
Start importing Assets/Voices - Essentials/Voice_Female/Voice_Female_Expressions/Voice_Female_V2_Laugh_Short_Mono_03.wav using Guid(97ba6ee5a589dfc4f8686790cf6cd6f7) Importer(815301076,1909f56bfc062723c751e8b465ee728b)  -> (artifact id: 'c82ede518cf669070b6a5624cae880eb') in 0.018200 seconds 
========================================================================
Received Import Request.
  Time since last request: 0.000038 seconds.
  path: Assets/Voices - Essentials/Voice_Female/Voice_Female_Expressions/Voice_Female_V1_Sigh_Mono_04.wav
  artifactKey: Guid(5c90859ce7da86c4ba00c2d615aab143) Importer(815301076,1909f56bfc062723c751e8b465ee728b)
Start importing Assets/Voices - Essentials/Voice_Female/Voice_Female_Expressions/Voice_Female_V1_Sigh_Mono_04.wav using Guid(5c90859ce7da86c4ba00c2d615aab143) Importer(815301076,1909f56bfc062723c751e8b465ee728b)  -> (artifact id: 'cb0d5ea3c26a5d7f12e80a01da74140f') in 0.016093 seconds 
========================================================================
Received Import Request.
  Time since last request: 0.000031 seconds.
  path: Assets/Voices - Essentials/Voice_Female/Voice_Female_Expressions/Voice_Female_V1_Laugh_Short_Mono_11.wav
  artifactKey: Guid(d4dd208c17c557a4784bb8fedb1e2541) Importer(815301076,1909f56bfc062723c751e8b465ee728b)
Start importing Assets/Voices - Essentials/Voice_Female/Voice_Female_Expressions/Voice_Female_V1_Laugh_Short_Mono_11.wav using Guid(d4dd208c17c557a4784bb8fedb1e2541) Importer(815301076,1909f56bfc062723c751e8b465ee728b)  -> (artifact id: '279484e8f017a6d9044a120c4cc0c61c') in 0.014354 seconds 
========================================================================
Received Import Request.
  Time since last request: 0.000020 seconds.
  path: Assets/Voices - Essentials/Voice_Female/Voice_Female_Expressions/Voice_Female_V2_Reflexion_Mouth_Close_Mono_07.wav
  artifactKey: Guid(6e89bafc3a4674f46b301c8ff3cffba7) Importer(815301076,1909f56bfc062723c751e8b465ee728b)
Start importing Assets/Voices - Essentials/Voice_Female/Voice_Female_Expressions/Voice_Female_V2_Reflexion_Mouth_Close_Mono_07.wav using Guid(6e89bafc3a4674f46b301c8ff3cffba7) Importer(815301076,1909f56bfc062723c751e8b465ee728b)  -> (artifact id: '325a47972a20469eb330b933ab386890') in 0.016429 seconds 
========================================================================
Received Import Request.
  Time since last request: 0.000024 seconds.
  path: Assets/Voices - Essentials/Voice_Female/Voice_Female_Expressions/Voice_Female_V2_Reflexion_Mouth_Open_Mono_01.wav
  artifactKey: Guid(269c19678e2426e4997c2c8f29e55fa7) Importer(815301076,1909f56bfc062723c751e8b465ee728b)
Start importing Assets/Voices - Essentials/Voice_Female/Voice_Female_Expressions/Voice_Female_V2_Reflexion_Mouth_Open_Mono_01.wav using Guid(269c19678e2426e4997c2c8f29e55fa7) Importer(815301076,1909f56bfc062723c751e8b465ee728b)  -> (artifact id: '3aa029bda0df8b01bd8e34df6d051f0c') in 0.017521 seconds 
========================================================================
Received Import Request.
  Time since last request: 0.000027 seconds.
  path: Assets/Voices - Essentials/Voice_Female/Voice_Female_Expressions/Voice_Female_V1_Laugh_Short_Mono_03.wav
  artifactKey: Guid(3f88895e71d4a51438415261c2ffbed1) Importer(815301076,1909f56bfc062723c751e8b465ee728b)
Start importing Assets/Voices - Essentials/Voice_Female/Voice_Female_Expressions/Voice_Female_V1_Laugh_Short_Mono_03.wav using Guid(3f88895e71d4a51438415261c2ffbed1) Importer(815301076,1909f56bfc062723c751e8b465ee728b)  -> (artifact id: '0c56b05babcea4f236af4a0f88b35237') in 0.017034 seconds 
========================================================================
Received Import Request.
  Time since last request: 0.000036 seconds.
  path: Assets/Voices - Essentials/Voice_Female/Voice_Female_Expressions/Voice_Female_V2_Laugh_Long_Mono_03.wav
  artifactKey: Guid(ccbbd1c74a832f64ca8cd92ad11dcfd8) Importer(815301076,1909f56bfc062723c751e8b465ee728b)
Start importing Assets/Voices - Essentials/Voice_Female/Voice_Female_Expressions/Voice_Female_V2_Laugh_Long_Mono_03.wav using Guid(ccbbd1c74a832f64ca8cd92ad11dcfd8) Importer(815301076,1909f56bfc062723c751e8b465ee728b)  -> (artifact id: '88cfe394011b4014be935c21073e6b11') in 0.016731 seconds 
========================================================================
Received Import Request.
  Time since last request: 0.000218 seconds.
  path: Assets/Voices - Essentials/Voice_Female/Voice_Female_Expressions/Voice_Female_V1_Laugh_Short_Mono_12.wav
  artifactKey: Guid(d3b7a49d595deb14097f8fd4c7c6a83c) Importer(815301076,1909f56bfc062723c751e8b465ee728b)
Start importing Assets/Voices - Essentials/Voice_Female/Voice_Female_Expressions/Voice_Female_V1_Laugh_Short_Mono_12.wav using Guid(d3b7a49d595deb14097f8fd4c7c6a83c) Importer(815301076,1909f56bfc062723c751e8b465ee728b)  -> (artifact id: '9fe2a2251cb90c78a1186484827a4277') in 0.017595 seconds 
========================================================================
Received Import Request.
  Time since last request: 0.000034 seconds.
  path: Assets/Voices - Essentials/Voice_Female/Voice_Female_Expressions/Voice_Female_V1_Reflexion_Mouth_Close_Mono_09.wav
  artifactKey: Guid(9aa2d0bb9236f714399116f5f180cc38) Importer(815301076,1909f56bfc062723c751e8b465ee728b)
Start importing Assets/Voices - Essentials/Voice_Female/Voice_Female_Expressions/Voice_Female_V1_Reflexion_Mouth_Close_Mono_09.wav using Guid(9aa2d0bb9236f714399116f5f180cc38) Importer(815301076,1909f56bfc062723c751e8b465ee728b)  -> (artifact id: '234b734325f9a8fe192437c431ee0573') in 0.018393 seconds 
========================================================================
Received Import Request.
  Time since last request: 0.000021 seconds.
  path: Assets/Voices - Essentials/Voice_Female/Voice_Female_Expressions/Voice_Female_V1_Laugh_Short_Mono_02.wav
  artifactKey: Guid(5078958b7ea16804d89259b915731457) Importer(815301076,1909f56bfc062723c751e8b465ee728b)
Start importing Assets/Voices - Essentials/Voice_Female/Voice_Female_Expressions/Voice_Female_V1_Laugh_Short_Mono_02.wav using Guid(5078958b7ea16804d89259b915731457) Importer(815301076,1909f56bfc062723c751e8b465ee728b)  -> (artifact id: 'bf6b2d2e3bc4a88ad724f76ae30b961a') in 0.018150 seconds 
========================================================================
Received Import Request.
  Time since last request: 0.000026 seconds.
  path: Assets/Voices - Essentials/Voice_Female/Voice_Female_Expressions/Voice_Female_V1_Sigh_Mono_06.wav
  artifactKey: Guid(4d8db2186c780ad48bbef3f7a8389404) Importer(815301076,1909f56bfc062723c751e8b465ee728b)
Start importing Assets/Voices - Essentials/Voice_Female/Voice_Female_Expressions/Voice_Female_V1_Sigh_Mono_06.wav using Guid(4d8db2186c780ad48bbef3f7a8389404) Importer(815301076,1909f56bfc062723c751e8b465ee728b)  -> (artifact id: '36f031d567a8a3529c1881d7a33a418f') in 0.015497 seconds 
========================================================================
Received Import Request.
  Time since last request: 0.000027 seconds.
  path: Assets/Voices - Essentials/Voice_Female/Voice_Female_Expressions/Voice_Female_V1_Laugh_Short_Mono_05.wav
  artifactKey: Guid(853c4fde25d773b4b88f41889ebf4dad) Importer(815301076,1909f56bfc062723c751e8b465ee728b)
Start importing Assets/Voices - Essentials/Voice_Female/Voice_Female_Expressions/Voice_Female_V1_Laugh_Short_Mono_05.wav using Guid(853c4fde25d773b4b88f41889ebf4dad) Importer(815301076,1909f56bfc062723c751e8b465ee728b)  -> (artifact id: '760248ce666b1333da612b0385e7c6bf') in 0.015750 seconds 
========================================================================
Received Import Request.
  Time since last request: 0.000021 seconds.
  path: Assets/Voices - Essentials/Voice_Female/Voice_Female_Expressions/Voice_Female_V1_Reflexion_Mouth_Close_Mono_08.wav
  artifactKey: Guid(3870feeb8ec656d409b96f226bf1e186) Importer(815301076,1909f56bfc062723c751e8b465ee728b)
Start importing Assets/Voices - Essentials/Voice_Female/Voice_Female_Expressions/Voice_Female_V1_Reflexion_Mouth_Close_Mono_08.wav using Guid(3870feeb8ec656d409b96f226bf1e186) Importer(815301076,1909f56bfc062723c751e8b465ee728b)  -> (artifact id: '0ad5e8983a7f44877d9b51cfca08caac') in 0.016063 seconds 
========================================================================
Received Import Request.
  Time since last request: 0.000027 seconds.
  path: Assets/Voices - Essentials/Voice_Female/Voice_Female_Expressions/Voice_Female_V2_Reflexion_Mouth_Open_Mono_02.wav
  artifactKey: Guid(e4c8cbc10b46e674692a9b60911baaa5) Importer(815301076,1909f56bfc062723c751e8b465ee728b)
Start importing Assets/Voices - Essentials/Voice_Female/Voice_Female_Expressions/Voice_Female_V2_Reflexion_Mouth_Open_Mono_02.wav using Guid(e4c8cbc10b46e674692a9b60911baaa5) Importer(815301076,1909f56bfc062723c751e8b465ee728b)  -> (artifact id: 'f0e3a8058165140680483887f86d40bb') in 0.014814 seconds 
========================================================================
Received Import Request.
  Time since last request: 6.688341 seconds.
  path: Assets/Voices - Essentials/Voice_Female/Voice_Female_Effort/Voice_Female_V1_Effort_Mono_02.wav
  artifactKey: Guid(3249e5255fc99a94a9217697a51a102b) Importer(815301076,1909f56bfc062723c751e8b465ee728b)
Start importing Assets/Voices - Essentials/Voice_Female/Voice_Female_Effort/Voice_Female_V1_Effort_Mono_02.wav using Guid(3249e5255fc99a94a9217697a51a102b) Importer(815301076,1909f56bfc062723c751e8b465ee728b)  -> (artifact id: '617417ef51215f9b13272ae6e0b81472') in 0.015618 seconds 
========================================================================
Received Import Request.
  Time since last request: 0.000024 seconds.
  path: Assets/Voices - Essentials/Voice_Female/Voice_Female_Effort/Voice_Female_V1_Effort_Mono_15.wav
  artifactKey: Guid(c67a0647d28fe644990c65f353bd43ba) Importer(815301076,1909f56bfc062723c751e8b465ee728b)
Start importing Assets/Voices - Essentials/Voice_Female/Voice_Female_Effort/Voice_Female_V1_Effort_Mono_15.wav using Guid(c67a0647d28fe644990c65f353bd43ba) Importer(815301076,1909f56bfc062723c751e8b465ee728b)  -> (artifact id: '9aeba01a9f5e1180fd4c85c255cded24') in 0.016439 seconds 
========================================================================
Received Import Request.
  Time since last request: 0.000025 seconds.
  path: Assets/Voices - Essentials/Voice_Female/Voice_Female_Effort/Voice_Female_V1_Effort_Mono_20.wav
  artifactKey: Guid(b3e5eccb283b5244b90c7eb1c45a9a05) Importer(815301076,1909f56bfc062723c751e8b465ee728b)
Start importing Assets/Voices - Essentials/Voice_Female/Voice_Female_Effort/Voice_Female_V1_Effort_Mono_20.wav using Guid(b3e5eccb283b5244b90c7eb1c45a9a05) Importer(815301076,1909f56bfc062723c751e8b465ee728b)  -> (artifact id: '21d9870b303d702d2684b89851b6fb28') in 0.015560 seconds 
========================================================================
Received Import Request.
  Time since last request: 0.000029 seconds.
  path: Assets/Voices - Essentials/Voice_Female/Voice_Female_Effort/Voice_Female_V1_Effort_Mono_05.wav
  artifactKey: Guid(112e9e2d60021d1449e09dd78d7433bb) Importer(815301076,1909f56bfc062723c751e8b465ee728b)
Start importing Assets/Voices - Essentials/Voice_Female/Voice_Female_Effort/Voice_Female_V1_Effort_Mono_05.wav using Guid(112e9e2d60021d1449e09dd78d7433bb) Importer(815301076,1909f56bfc062723c751e8b465ee728b)  -> (artifact id: '56020db262f44c54ab9cb29b658a017e') in 0.015109 seconds 
========================================================================
Received Import Request.
  Time since last request: 0.000021 seconds.
  path: Assets/Voices - Essentials/Voice_Female/Voice_Female_Effort/Voice_Female_V2_Effort_Mono_10.wav
  artifactKey: Guid(b6a42116180441d47a01f552d9cfac1d) Importer(815301076,1909f56bfc062723c751e8b465ee728b)
Start importing Assets/Voices - Essentials/Voice_Female/Voice_Female_Effort/Voice_Female_V2_Effort_Mono_10.wav using Guid(b6a42116180441d47a01f552d9cfac1d) Importer(815301076,1909f56bfc062723c751e8b465ee728b)  -> (artifact id: '405d2858d1106f8ef7a4546b4659d69b') in 0.016769 seconds 
========================================================================
Received Import Request.
  Time since last request: 0.000022 seconds.
  path: Assets/Voices - Essentials/Voice_Female/Voice_Female_Effort/Voice_Female_V2_Effort_Mono_05.wav
  artifactKey: Guid(ad4d77927f1fb2f47bd91b6f322915e7) Importer(815301076,1909f56bfc062723c751e8b465ee728b)
Start importing Assets/Voices - Essentials/Voice_Female/Voice_Female_Effort/Voice_Female_V2_Effort_Mono_05.wav using Guid(ad4d77927f1fb2f47bd91b6f322915e7) Importer(815301076,1909f56bfc062723c751e8b465ee728b)  -> (artifact id: '92d4f5ca969bb142363da0002fa32ffe') in 0.016023 seconds 
========================================================================
Received Import Request.
  Time since last request: 0.000027 seconds.
  path: Assets/Voices - Essentials/Voice_Female/Voice_Female_Effort/Voice_Female_V2_Effort_Mono_12.wav
  artifactKey: Guid(aa7b97193c2bf874f9c8472602961480) Importer(815301076,1909f56bfc062723c751e8b465ee728b)
Start importing Assets/Voices - Essentials/Voice_Female/Voice_Female_Effort/Voice_Female_V2_Effort_Mono_12.wav using Guid(aa7b97193c2bf874f9c8472602961480) Importer(815301076,1909f56bfc062723c751e8b465ee728b)  -> (artifact id: 'e70a24f1b380028365df521f0083076d') in 0.016911 seconds 
========================================================================
Received Import Request.
  Time since last request: 0.000034 seconds.
  path: Assets/Voices - Essentials/Voice_Female/Voice_Female_Effort/Voice_Female_V1_Effort_Mono_06.wav
  artifactKey: Guid(ce32521bf5dff554a8d757099b2e6ce8) Importer(815301076,1909f56bfc062723c751e8b465ee728b)
Start importing Assets/Voices - Essentials/Voice_Female/Voice_Female_Effort/Voice_Female_V1_Effort_Mono_06.wav using Guid(ce32521bf5dff554a8d757099b2e6ce8) Importer(815301076,1909f56bfc062723c751e8b465ee728b)  -> (artifact id: '6c88b29413a3b36dfcadb28b364ccf97') in 0.017408 seconds 
Editor requested this worker to shutdown with reason: Scaling down because of idle timeout
AssetImportWorker is now disconnected from the server
Process exiting
Exiting without the bug reporter. Application will terminate with return code 0