Using pre-set license
Built from '2021.3/staging' branch; Version is '2021.3.22f1 (b6c551784ba3) revision 11978065'; Using compiler version '192829333'; Build Type 'Release'
OS: 'Windows 10  (10.0.19045) 64bit Professional' Language: 'tr' Physical Memory: 16125 MB
BatchMode: 1, IsHumanControllingUs: 0, StartBugReporterOnCrash: 0, Is64bit: 1, IsPro: 1

COMMAND LINE ARGUMENTS:
C:\Program Files\Unity\Hub\Editor\2021.3.22f1\Editor\Unity.exe
-adb2
-batchMode
-noUpm
-name
AssetImportWorker3
-projectPath
C:/Users/Ekmevk/OneDrive/Belgeler/GitHub/2D3P-bootcamp-project/Children Of The War
-logFile
Logs/AssetImportWorker3.log
-srvPort
58239
Successfully changed project path to: C:/Users/Ekmevk/OneDrive/Belgeler/GitHub/2D3P-bootcamp-project/Children Of The War
C:/Users/Ekmevk/OneDrive/Belgeler/GitHub/2D3P-bootcamp-project/Children Of The War
[UnityMemory] Configuration Parameters - Can be set up in boot.config
    "memorysetup-bucket-allocator-granularity=16"
    "memorysetup-bucket-allocator-bucket-count=8"
    "memorysetup-bucket-allocator-block-size=33554432"
    "memorysetup-bucket-allocator-block-count=8"
    "memorysetup-main-allocator-block-size=16777216"
    "memorysetup-thread-allocator-block-size=16777216"
    "memorysetup-gfx-main-allocator-block-size=16777216"
    "memorysetup-gfx-thread-allocator-block-size=16777216"
    "memorysetup-cache-allocator-block-size=4194304"
    "memorysetup-typetree-allocator-block-size=2097152"
    "memorysetup-profiler-bucket-allocator-granularity=16"
    "memorysetup-profiler-bucket-allocator-bucket-count=8"
    "memorysetup-profiler-bucket-allocator-block-size=33554432"
    "memorysetup-profiler-bucket-allocator-block-count=8"
    "memorysetup-profiler-allocator-block-size=16777216"
    "memorysetup-profiler-editor-allocator-block-size=1048576"
    "memorysetup-temp-allocator-size-main=16777216"
    "memorysetup-job-temp-allocator-block-size=2097152"
    "memorysetup-job-temp-allocator-block-size-background=1048576"
    "memorysetup-job-temp-allocator-reduction-small-platforms=262144"
    "memorysetup-temp-allocator-size-background-worker=32768"
    "memorysetup-temp-allocator-size-job-worker=262144"
    "memorysetup-temp-allocator-size-preload-manager=33554432"
    "memorysetup-temp-allocator-size-nav-mesh-worker=65536"
    "memorysetup-temp-allocator-size-audio-worker=65536"
    "memorysetup-temp-allocator-size-cloud-worker=32768"
    "memorysetup-temp-allocator-size-gi-baking-worker=262144"
    "memorysetup-temp-allocator-size-gfx=262144"
Player connection [14324] Host "[IP] 192.168.1.102 [Port] 0 [Flags] 2 [Guid] 1666676609 [EditorId] 1666676609 [Version] 1048832 [Id] WindowsEditor(7,DESKTOP-NGM2MBH) [Debug] 1 [PackageName] WindowsEditor [ProjectName] Editor" joined multi-casting on [225.0.0.222:54997]...

Player connection [14324] Host "[IP] 192.168.1.102 [Port] 0 [Flags] 2 [Guid] 1666676609 [EditorId] 1666676609 [Version] 1048832 [Id] WindowsEditor(7,DESKTOP-NGM2MBH) [Debug] 1 [PackageName] WindowsEditor [ProjectName] Editor" joined alternative multi-casting on [225.0.0.222:34997]...

Refreshing native plugins compatible for Editor in 84.27 ms, found 3 plugins.
Preloading 0 native plugins for Editor in 0.00 ms.
Initialize engine version: 2021.3.22f1 (b6c551784ba3)
[Subsystems] Discovering subsystems at path C:/Program Files/Unity/Hub/Editor/2021.3.22f1/Editor/Data/Resources/UnitySubsystems
[Subsystems] Discovering subsystems at path C:/Users/Ekmevk/OneDrive/Belgeler/GitHub/2D3P-bootcamp-project/Children Of The War/Assets
GfxDevice: creating device client; threaded=0; jobified=0
Direct3D:
    Version:  Direct3D 11.0 [level 11.1]
    Renderer: NVIDIA GeForce RTX 3060 Laptop GPU (ID=0x2520)
    Vendor:   NVIDIA
    VRAM:     6009 MB
    Driver:   31.0.15.3640
Initialize mono
Mono path[0] = 'C:/Program Files/Unity/Hub/Editor/2021.3.22f1/Editor/Data/Managed'
Mono path[1] = 'C:/Program Files/Unity/Hub/Editor/2021.3.22f1/Editor/Data/MonoBleedingEdge/lib/mono/unityjit-win32'
Mono config path = 'C:/Program Files/Unity/Hub/Editor/2021.3.22f1/Editor/Data/MonoBleedingEdge/etc'
Using monoOptions --debugger-agent=transport=dt_socket,embedding=1,server=y,suspend=n,address=127.0.0.1:56732
Begin MonoManager ReloadAssembly
Registering precompiled unity dll's ...
Register platform support module: C:/Program Files/Unity/Hub/Editor/2021.3.22f1/Editor/Data/PlaybackEngines/WindowsStandaloneSupport/UnityEditor.WindowsStandalone.Extensions.dll
Registered in 0.009171 seconds.
Native extension for WindowsStandalone target not found
Refreshing native plugins compatible for Editor in 71.64 ms, found 3 plugins.
Preloading 0 native plugins for Editor in 0.00 ms.
Mono: successfully reloaded assembly
- Completed reload, in  0.589 seconds
Domain Reload Profiling:
	ReloadAssembly (590ms)
		BeginReloadAssembly (88ms)
			ExecutionOrderSort (0ms)
			DisableScriptedObjects (0ms)
			BackupInstance (0ms)
			ReleaseScriptingObjects (0ms)
			CreateAndSetChildDomain (1ms)
		EndReloadAssembly (401ms)
			LoadAssemblies (85ms)
			RebuildTransferFunctionScriptingTraits (0ms)
			SetupTypeCache (120ms)
			ReleaseScriptCaches (0ms)
			RebuildScriptCaches (21ms)
			SetupLoadedEditorAssemblies (215ms)
				LogAssemblyErrors (0ms)
				InitializePlatformSupportModulesInManaged (6ms)
				SetLoadedEditorAssemblies (0ms)
				RefreshPlugins (72ms)
				BeforeProcessingInitializeOnLoad (1ms)
				ProcessInitializeOnLoadAttributes (97ms)
				ProcessInitializeOnLoadMethodAttributes (40ms)
				AfterProcessingInitializeOnLoad (0ms)
				EditorAssembliesLoaded (0ms)
			ExecutionOrderSort2 (0ms)
			AwakeInstancesAfterBackupRestoration (0ms)
Platform modules already initialized, skipping
Registering precompiled user dll's ...
Registered in 0.004582 seconds.
Begin MonoManager ReloadAssembly
Symbol file LoadedFromMemory doesn't match image C:\Users\Ekmevk\OneDrive\Belgeler\GitHub\2D3P-bootcamp-project\Children Of The War\Library\PackageCache\com.unity.visualscripting@1.8.0\Editor\VisualScripting.Core\Dependencies\YamlDotNet\Unity.VisualScripting.YamlDotNet.dll
Symbol file LoadedFromMemory doesn't match image C:\Users\Ekmevk\OneDrive\Belgeler\GitHub\2D3P-bootcamp-project\Children Of The War\Library\PackageCache\com.unity.visualscripting@1.8.0\Editor\VisualScripting.Core\Dependencies\DotNetZip\Unity.VisualScripting.IonicZip.dll
Native extension for WindowsStandalone target not found
Refreshing native plugins compatible for Editor in 73.24 ms, found 3 plugins.
Preloading 0 native plugins for Editor in 0.00 ms.
Mono: successfully reloaded assembly
- Completed reload, in  1.029 seconds
Domain Reload Profiling:
	ReloadAssembly (1030ms)
		BeginReloadAssembly (143ms)
			ExecutionOrderSort (0ms)
			DisableScriptedObjects (6ms)
			BackupInstance (0ms)
			ReleaseScriptingObjects (0ms)
			CreateAndSetChildDomain (24ms)
		EndReloadAssembly (757ms)
			LoadAssemblies (113ms)
			RebuildTransferFunctionScriptingTraits (0ms)
			SetupTypeCache (224ms)
			ReleaseScriptCaches (1ms)
			RebuildScriptCaches (38ms)
			SetupLoadedEditorAssemblies (383ms)
				LogAssemblyErrors (0ms)
				InitializePlatformSupportModulesInManaged (4ms)
				SetLoadedEditorAssemblies (0ms)
				RefreshPlugins (73ms)
				BeforeProcessingInitializeOnLoad (71ms)
				ProcessInitializeOnLoadAttributes (214ms)
				ProcessInitializeOnLoadMethodAttributes (15ms)
				AfterProcessingInitializeOnLoad (6ms)
				EditorAssembliesLoaded (0ms)
			ExecutionOrderSort2 (0ms)
			AwakeInstancesAfterBackupRestoration (5ms)
Platform modules already initialized, skipping
========================================================================
Worker process is ready to serve import requests
Launched and connected shader compiler UnityShaderCompiler.exe after 0.03 seconds
Refreshing native plugins compatible for Editor in 0.54 ms, found 3 plugins.
Preloading 0 native plugins for Editor in 0.00 ms.
Unloading 3419 Unused Serialized files (Serialized files now loaded: 0)
Unloading 27 unused Assets / (113.5 KB). Loaded Objects now: 3884.
Memory consumption went from 125.3 MB to 125.2 MB.
Total: 3.202500 ms (FindLiveObjects: 0.380100 ms CreateObjectMapping: 0.104100 ms MarkObjects: 2.608700 ms  DeleteObjects: 0.108400 ms)

AssetImportParameters requested are different than current active one (requested -> active):
  custom:video-decoder-ogg-theora: a1e56fd34408186e4bbccfd4996cb3dc -> 
  custom:container-muxer-webm: aa71ff27fc2769a1b78a27578f13a17b -> 
  custom:container-demuxer-webm: 4f35f7cbe854078d1ac9338744f61a02 -> 
  custom:video-encoder-webm-vp8: eb34c28f22e8b96e1ab97ce403110664 -> 
  custom:audio-encoder-webm-vorbis: bf7c407c2cedff20999df2af8eb42d56 -> 
  custom:framework-win-MediaFoundation: 216162199b28c13a410421893ffa2e32 -> 
  custom:container-demuxer-ogg: 62fdf1f143b41e24485cea50d1cbac27 -> 
  custom:video-decoder-webm-vp8: 9c59270c3fd7afecdb556c50c9e8de78 -> 
  custom:audio-decoder-ogg-vorbis: bf7c407c2cedff20999df2af8eb42d56 -> 
========================================================================
Received Import Request.
  Time since last request: 159968.742451 seconds.
  path: Assets/Scenes/Textures/M_Destroying_Building_Diffuse_02.png
  artifactKey: Guid(39e0350fd730e1b4ab307b39696aa173) Importer(815301076,1909f56bfc062723c751e8b465ee728b)
Start importing Assets/Scenes/Textures/M_Destroying_Building_Diffuse_02.png using Guid(39e0350fd730e1b4ab307b39696aa173) Importer(815301076,1909f56bfc062723c751e8b465ee728b)  -> (artifact id: '3f9acb04d2aa1d83fca3089d0a383d74') in 0.081567 seconds 
========================================================================
Received Import Request.
  Time since last request: 0.000033 seconds.
  path: Assets/Scenes/Textures/T_Brick_Diffuse_01.jpg
  artifactKey: Guid(8ad1bbc7a48d9a84182cbd55326ed3b4) Importer(815301076,1909f56bfc062723c751e8b465ee728b)
Start importing Assets/Scenes/Textures/T_Brick_Diffuse_01.jpg using Guid(8ad1bbc7a48d9a84182cbd55326ed3b4) Importer(815301076,1909f56bfc062723c751e8b465ee728b)  -> (artifact id: 'becc5efa2d43d71b246993375bc69816') in 0.019197 seconds 
========================================================================
Received Import Request.
  Time since last request: 0.000032 seconds.
  path: Assets/Scenes/Textures/T_Violin_Normal.jpg
  artifactKey: Guid(80627d8ef6445784e92fbe4681fc009b) Importer(815301076,1909f56bfc062723c751e8b465ee728b)
Start importing Assets/Scenes/Textures/T_Violin_Normal.jpg using Guid(80627d8ef6445784e92fbe4681fc009b) Importer(815301076,1909f56bfc062723c751e8b465ee728b)  -> (artifact id: '012c81ae818672ad0cc93537c71c9fd8') in 0.058366 seconds 
========================================================================
Received Import Request.
  Time since last request: 0.000020 seconds.
  path: Assets/Scenes/Textures/T_Bark_Normal_01.jpg
  artifactKey: Guid(3e5031b6d72d6094cb5f9998774186d3) Importer(815301076,1909f56bfc062723c751e8b465ee728b)
Start importing Assets/Scenes/Textures/T_Bark_Normal_01.jpg using Guid(3e5031b6d72d6094cb5f9998774186d3) Importer(815301076,1909f56bfc062723c751e8b465ee728b)  -> (artifact id: '7428e2ba1dcd89aa53c8c50e471ac6ea') in 0.023935 seconds 
========================================================================
Received Import Request.
  Time since last request: 0.000029 seconds.
  path: Assets/Scenes/Textures/T_Brick_AO_01.jpg
  artifactKey: Guid(bbf6330b6847c6f4a9d954a61f2d4a00) Importer(815301076,1909f56bfc062723c751e8b465ee728b)
Start importing Assets/Scenes/Textures/T_Brick_AO_01.jpg using Guid(bbf6330b6847c6f4a9d954a61f2d4a00) Importer(815301076,1909f56bfc062723c751e8b465ee728b)  -> (artifact id: '3ab690a1afc82868aeb91e5f924167a7') in 0.020501 seconds 
========================================================================
Received Import Request.
  Time since last request: 0.000026 seconds.
  path: Assets/Scenes/Textures/T_Tank_Normal.jpg
  artifactKey: Guid(f2d62eb06c1a9a24d8039af3edbc1383) Importer(815301076,1909f56bfc062723c751e8b465ee728b)
Start importing Assets/Scenes/Textures/T_Tank_Normal.jpg using Guid(f2d62eb06c1a9a24d8039af3edbc1383) Importer(815301076,1909f56bfc062723c751e8b465ee728b)  -> (artifact id: '4dddbe0933883fdb46a29682af6cd120') in 0.019525 seconds 
========================================================================
Received Import Request.
  Time since last request: 0.000021 seconds.
  path: Assets/Scenes/Textures/T_lambert1_albedo.jpeg
  artifactKey: Guid(a5afbdb0f74334b478b3104684f22de8) Importer(815301076,1909f56bfc062723c751e8b465ee728b)
Start importing Assets/Scenes/Textures/T_lambert1_albedo.jpeg using Guid(a5afbdb0f74334b478b3104684f22de8) Importer(815301076,1909f56bfc062723c751e8b465ee728b)  -> (artifact id: '4dc50bd2f1dd8a716d2c4e12d6e29b16') in 0.019405 seconds 
========================================================================
Received Import Request.
  Time since last request: 0.000031 seconds.
  path: Assets/Scenes/Textures/T_Whell 1.jpg
  artifactKey: Guid(8b2bf650c827a85409951903c944f27d) Importer(815301076,1909f56bfc062723c751e8b465ee728b)
Start importing Assets/Scenes/Textures/T_Whell 1.jpg using Guid(8b2bf650c827a85409951903c944f27d) Importer(815301076,1909f56bfc062723c751e8b465ee728b)  -> (artifact id: 'c3b6e55ce2d1a3b39a6a1a0d8e22bc61') in 0.018628 seconds 
========================================================================
Received Import Request.
  Time since last request: 0.000020 seconds.
  path: Assets/Scenes/Textures/M_Destroying_Building_Normal_02.png
  artifactKey: Guid(794b14fe3bb46764cb7751f53c99a98b) Importer(815301076,1909f56bfc062723c751e8b465ee728b)
Start importing Assets/Scenes/Textures/M_Destroying_Building_Normal_02.png using Guid(794b14fe3bb46764cb7751f53c99a98b) Importer(815301076,1909f56bfc062723c751e8b465ee728b)  -> (artifact id: 'ca2e4cbf0f17fe7800fdaa47a59e1055') in 0.021452 seconds 
========================================================================
Received Import Request.
  Time since last request: 0.000029 seconds.
  path: Assets/Scenes/Textures/T_Brick_Roughness.jpg
  artifactKey: Guid(5ea42a3842a7bfa4fb4b774991271572) Importer(815301076,1909f56bfc062723c751e8b465ee728b)
Start importing Assets/Scenes/Textures/T_Brick_Roughness.jpg using Guid(5ea42a3842a7bfa4fb4b774991271572) Importer(815301076,1909f56bfc062723c751e8b465ee728b)  -> (artifact id: '70f62e117d0a6b122c91847b50827222') in 0.016027 seconds 
========================================================================
Received Import Request.
  Time since last request: 0.000034 seconds.
  path: Assets/Scenes/Textures/T_Bollard_Diffuse_01.jpg
  artifactKey: Guid(e97432690435993499cccea4cf6196b2) Importer(815301076,1909f56bfc062723c751e8b465ee728b)
Start importing Assets/Scenes/Textures/T_Bollard_Diffuse_01.jpg using Guid(e97432690435993499cccea4cf6196b2) Importer(815301076,1909f56bfc062723c751e8b465ee728b)  -> (artifact id: '87e84ef38042f58661497edd6522c880') in 0.015197 seconds 
========================================================================
Received Import Request.
  Time since last request: 0.000026 seconds.
  path: Assets/Scenes/Textures/T_Childdesk_Roughness.jpg
  artifactKey: Guid(cba069ad82cecf748be9be6015dbddf7) Importer(815301076,1909f56bfc062723c751e8b465ee728b)
Start importing Assets/Scenes/Textures/T_Childdesk_Roughness.jpg using Guid(cba069ad82cecf748be9be6015dbddf7) Importer(815301076,1909f56bfc062723c751e8b465ee728b)  -> (artifact id: 'd1ece31c0e656c74269ca7855fd84e15') in 0.020501 seconds 
========================================================================
Received Import Request.
  Time since last request: 0.000022 seconds.
  path: Assets/Scenes/Textures/T_Kitchen_plita_Plita_texture_Metallic 257.png
  artifactKey: Guid(7cbff7a281f47584ea4b660f098ca8ea) Importer(815301076,1909f56bfc062723c751e8b465ee728b)
Start importing Assets/Scenes/Textures/T_Kitchen_plita_Plita_texture_Metallic 257.png using Guid(7cbff7a281f47584ea4b660f098ca8ea) Importer(815301076,1909f56bfc062723c751e8b465ee728b)  -> (artifact id: 'cd26c68f1ff3f3cede82fa2a930e5696') in 0.019529 seconds 
========================================================================
Received Import Request.
  Time since last request: 0.000041 seconds.
  path: Assets/Scenes/Textures/T_large_pile_of_cloth_diff.als.jpg
  artifactKey: Guid(87cc7f292f73fb64a9cae6f107e55241) Importer(815301076,1909f56bfc062723c751e8b465ee728b)
Start importing Assets/Scenes/Textures/T_large_pile_of_cloth_diff.als.jpg using Guid(87cc7f292f73fb64a9cae6f107e55241) Importer(815301076,1909f56bfc062723c751e8b465ee728b)  -> (artifact id: '4573219294d441111ec17ec6988a24dc') in 0.023572 seconds 
========================================================================
Received Import Request.
  Time since last request: 0.000021 seconds.
  path: Assets/Scenes/Textures/T_Sandbox_Diffuse 512.jpg
  artifactKey: Guid(a22d530ea15a9e64cb772ef86164787d) Importer(815301076,1909f56bfc062723c751e8b465ee728b)
Start importing Assets/Scenes/Textures/T_Sandbox_Diffuse 512.jpg using Guid(a22d530ea15a9e64cb772ef86164787d) Importer(815301076,1909f56bfc062723c751e8b465ee728b)  -> (artifact id: 'c32a02d95f192a04467d300c1679ad47') in 0.017968 seconds 
========================================================================
Received Import Request.
  Time since last request: 0.000026 seconds.
  path: Assets/Scenes/Textures/T_Decal_02.png
  artifactKey: Guid(8e52c2002a72d0245b4805d2d861b603) Importer(815301076,1909f56bfc062723c751e8b465ee728b)
Start importing Assets/Scenes/Textures/T_Decal_02.png using Guid(8e52c2002a72d0245b4805d2d861b603) Importer(815301076,1909f56bfc062723c751e8b465ee728b)  -> (artifact id: 'f42f5edbece95064de729c54b5ebfc6a') in 0.019548 seconds 
========================================================================
Received Prepare
Registering precompiled user dll's ...
Registered in 0.006051 seconds.
Begin MonoManager ReloadAssembly
Symbol file LoadedFromMemory doesn't match image C:\Users\Ekmevk\OneDrive\Belgeler\GitHub\2D3P-bootcamp-project\Children Of The War\Library\PackageCache\com.unity.visualscripting@1.8.0\Editor\VisualScripting.Core\Dependencies\YamlDotNet\Unity.VisualScripting.YamlDotNet.dll
Symbol file LoadedFromMemory doesn't match image C:\Users\Ekmevk\OneDrive\Belgeler\GitHub\2D3P-bootcamp-project\Children Of The War\Library\PackageCache\com.unity.visualscripting@1.8.0\Editor\VisualScripting.Core\Dependencies\DotNetZip\Unity.VisualScripting.IonicZip.dll
Native extension for WindowsStandalone target not found
Refreshing native plugins compatible for Editor in 0.66 ms, found 3 plugins.
Preloading 0 native plugins for Editor in 0.00 ms.
Mono: successfully reloaded assembly
- Completed reload, in  1.043 seconds
Domain Reload Profiling:
	ReloadAssembly (1043ms)
		BeginReloadAssembly (145ms)
			ExecutionOrderSort (0ms)
			DisableScriptedObjects (5ms)
			BackupInstance (0ms)
			ReleaseScriptingObjects (0ms)
			CreateAndSetChildDomain (35ms)
		EndReloadAssembly (805ms)
			LoadAssemblies (95ms)
			RebuildTransferFunctionScriptingTraits (0ms)
			SetupTypeCache (286ms)
			ReleaseScriptCaches (2ms)
			RebuildScriptCaches (43ms)
			SetupLoadedEditorAssemblies (343ms)
				LogAssemblyErrors (0ms)
				InitializePlatformSupportModulesInManaged (7ms)
				SetLoadedEditorAssemblies (1ms)
				RefreshPlugins (1ms)
				BeforeProcessingInitializeOnLoad (73ms)
				ProcessInitializeOnLoadAttributes (238ms)
				ProcessInitializeOnLoadMethodAttributes (17ms)
				AfterProcessingInitializeOnLoad (8ms)
				EditorAssembliesLoaded (0ms)
			ExecutionOrderSort2 (0ms)
			AwakeInstancesAfterBackupRestoration (5ms)
Platform modules already initialized, skipping
Refreshing native plugins compatible for Editor in 2.16 ms, found 3 plugins.
Preloading 0 native plugins for Editor in 0.00 ms.
Unloading 3401 Unused Serialized files (Serialized files now loaded: 0)
Unloading 18 unused Assets / (79.8 KB). Loaded Objects now: 3894.
Memory consumption went from 128.3 MB to 128.2 MB.
Total: 3.125700 ms (FindLiveObjects: 0.284000 ms CreateObjectMapping: 0.164300 ms MarkObjects: 2.585400 ms  DeleteObjects: 0.090700 ms)

AssetImportParameters requested are different than current active one (requested -> active):
  custom:video-decoder-ogg-theora: a1e56fd34408186e4bbccfd4996cb3dc -> 
  custom:container-muxer-webm: aa71ff27fc2769a1b78a27578f13a17b -> 
  custom:container-demuxer-webm: 4f35f7cbe854078d1ac9338744f61a02 -> 
  custom:video-encoder-webm-vp8: eb34c28f22e8b96e1ab97ce403110664 -> 
  custom:audio-encoder-webm-vorbis: bf7c407c2cedff20999df2af8eb42d56 -> 
  custom:framework-win-MediaFoundation: 216162199b28c13a410421893ffa2e32 -> 
  custom:container-demuxer-ogg: 62fdf1f143b41e24485cea50d1cbac27 -> 
  custom:video-decoder-webm-vp8: 9c59270c3fd7afecdb556c50c9e8de78 -> 
  custom:audio-decoder-ogg-vorbis: bf7c407c2cedff20999df2af8eb42d56 -> 
Editor requested this worker to shutdown with reason: Scaling down because of idle timeout
AssetImportWorker is now disconnected from the server
Process exiting
Exiting without the bug reporter. Application will terminate with return code 0