Using pre-set license
Built from '2021.3/staging' branch; Version is '2021.3.22f1 (b6c551784ba3) revision 11978065'; Using compiler version '192829333'; Build Type 'Release'
OS: 'Windows 10  (10.0.19045) 64bit Professional' Language: 'tr' Physical Memory: 16125 MB
BatchMode: 1, IsHumanControllingUs: 0, StartBugReporterOnCrash: 0, Is64bit: 1, IsPro: 1

COMMAND LINE ARGUMENTS:
C:\Program Files\Unity\Hub\Editor\2021.3.22f1\Editor\Unity.exe
-adb2
-batchMode
-noUpm
-name
AssetImportWorker6
-projectPath
C:/Users/Ekmevk/OneDrive/Belgeler/GitHub/2D3P-bootcamp-project/Children Of The War
-logFile
Logs/AssetImportWorker6.log
-srvPort
61464
Successfully changed project path to: C:/Users/Ekmevk/OneDrive/Belgeler/GitHub/2D3P-bootcamp-project/Children Of The War
C:/Users/Ekmevk/OneDrive/Belgeler/GitHub/2D3P-bootcamp-project/Children Of The War
[UnityMemory] Configuration Parameters - Can be set up in boot.config
    "memorysetup-bucket-allocator-granularity=16"
    "memorysetup-bucket-allocator-bucket-count=8"
    "memorysetup-bucket-allocator-block-size=33554432"
    "memorysetup-bucket-allocator-block-count=8"
    "memorysetup-main-allocator-block-size=16777216"
    "memorysetup-thread-allocator-block-size=16777216"
    "memorysetup-gfx-main-allocator-block-size=16777216"
    "memorysetup-gfx-thread-allocator-block-size=16777216"
    "memorysetup-cache-allocator-block-size=4194304"
    "memorysetup-typetree-allocator-block-size=2097152"
    "memorysetup-profiler-bucket-allocator-granularity=16"
    "memorysetup-profiler-bucket-allocator-bucket-count=8"
    "memorysetup-profiler-bucket-allocator-block-size=33554432"
    "memorysetup-profiler-bucket-allocator-block-count=8"
    "memorysetup-profiler-allocator-block-size=16777216"
    "memorysetup-profiler-editor-allocator-block-size=1048576"
    "memorysetup-temp-allocator-size-main=16777216"
    "memorysetup-job-temp-allocator-block-size=2097152"
    "memorysetup-job-temp-allocator-block-size-background=1048576"
    "memorysetup-job-temp-allocator-reduction-small-platforms=262144"
    "memorysetup-temp-allocator-size-background-worker=32768"
    "memorysetup-temp-allocator-size-job-worker=262144"
    "memorysetup-temp-allocator-size-preload-manager=33554432"
    "memorysetup-temp-allocator-size-nav-mesh-worker=65536"
    "memorysetup-temp-allocator-size-audio-worker=65536"
    "memorysetup-temp-allocator-size-cloud-worker=32768"
    "memorysetup-temp-allocator-size-gi-baking-worker=262144"
    "memorysetup-temp-allocator-size-gfx=262144"
Player connection [14024] Host "[IP] 192.168.1.102 [Port] 0 [Flags] 2 [Guid] 2315791058 [EditorId] 2315791058 [Version] 1048832 [Id] WindowsEditor(7,DESKTOP-NGM2MBH) [Debug] 1 [PackageName] WindowsEditor [ProjectName] Editor" joined multi-casting on [225.0.0.222:54997]...

Player connection [14024] Host "[IP] 192.168.1.102 [Port] 0 [Flags] 2 [Guid] 2315791058 [EditorId] 2315791058 [Version] 1048832 [Id] WindowsEditor(7,DESKTOP-NGM2MBH) [Debug] 1 [PackageName] WindowsEditor [ProjectName] Editor" joined alternative multi-casting on [225.0.0.222:34997]...

Refreshing native plugins compatible for Editor in 86.72 ms, found 3 plugins.
Preloading 0 native plugins for Editor in 0.00 ms.
Initialize engine version: 2021.3.22f1 (b6c551784ba3)
[Subsystems] Discovering subsystems at path C:/Program Files/Unity/Hub/Editor/2021.3.22f1/Editor/Data/Resources/UnitySubsystems
[Subsystems] Discovering subsystems at path C:/Users/Ekmevk/OneDrive/Belgeler/GitHub/2D3P-bootcamp-project/Children Of The War/Assets
GfxDevice: creating device client; threaded=0; jobified=0
Direct3D:
    Version:  Direct3D 11.0 [level 11.1]
    Renderer: NVIDIA GeForce RTX 3060 Laptop GPU (ID=0x2520)
    Vendor:   NVIDIA
    VRAM:     6009 MB
    Driver:   31.0.15.3640
Initialize mono
Mono path[0] = 'C:/Program Files/Unity/Hub/Editor/2021.3.22f1/Editor/Data/Managed'
Mono path[1] = 'C:/Program Files/Unity/Hub/Editor/2021.3.22f1/Editor/Data/MonoBleedingEdge/lib/mono/unityjit-win32'
Mono config path = 'C:/Program Files/Unity/Hub/Editor/2021.3.22f1/Editor/Data/MonoBleedingEdge/etc'
Using monoOptions --debugger-agent=transport=dt_socket,embedding=1,server=y,suspend=n,address=127.0.0.1:56640
Begin MonoManager ReloadAssembly
Registering precompiled unity dll's ...
Register platform support module: C:/Program Files/Unity/Hub/Editor/2021.3.22f1/Editor/Data/PlaybackEngines/WindowsStandaloneSupport/UnityEditor.WindowsStandalone.Extensions.dll
Registered in 0.007859 seconds.
Native extension for WindowsStandalone target not found
Refreshing native plugins compatible for Editor in 75.08 ms, found 3 plugins.
Preloading 0 native plugins for Editor in 0.00 ms.
Mono: successfully reloaded assembly
- Completed reload, in  0.550 seconds
Domain Reload Profiling:
	ReloadAssembly (550ms)
		BeginReloadAssembly (80ms)
			ExecutionOrderSort (0ms)
			DisableScriptedObjects (0ms)
			BackupInstance (0ms)
			ReleaseScriptingObjects (0ms)
			CreateAndSetChildDomain (1ms)
		EndReloadAssembly (375ms)
			LoadAssemblies (77ms)
			RebuildTransferFunctionScriptingTraits (0ms)
			SetupTypeCache (86ms)
			ReleaseScriptCaches (0ms)
			RebuildScriptCaches (21ms)
			SetupLoadedEditorAssemblies (225ms)
				LogAssemblyErrors (0ms)
				InitializePlatformSupportModulesInManaged (6ms)
				SetLoadedEditorAssemblies (0ms)
				RefreshPlugins (75ms)
				BeforeProcessingInitializeOnLoad (1ms)
				ProcessInitializeOnLoadAttributes (105ms)
				ProcessInitializeOnLoadMethodAttributes (36ms)
				AfterProcessingInitializeOnLoad (0ms)
				EditorAssembliesLoaded (0ms)
			ExecutionOrderSort2 (0ms)
			AwakeInstancesAfterBackupRestoration (0ms)
Platform modules already initialized, skipping
Registering precompiled user dll's ...
Registered in 0.004929 seconds.
Begin MonoManager ReloadAssembly
Symbol file LoadedFromMemory doesn't match image C:\Users\Ekmevk\OneDrive\Belgeler\GitHub\2D3P-bootcamp-project\Children Of The War\Library\PackageCache\com.unity.visualscripting@1.8.0\Editor\VisualScripting.Core\Dependencies\YamlDotNet\Unity.VisualScripting.YamlDotNet.dll
Symbol file LoadedFromMemory doesn't match image C:\Users\Ekmevk\OneDrive\Belgeler\GitHub\2D3P-bootcamp-project\Children Of The War\Library\PackageCache\com.unity.visualscripting@1.8.0\Editor\VisualScripting.Core\Dependencies\DotNetZip\Unity.VisualScripting.IonicZip.dll
Native extension for WindowsStandalone target not found
Refreshing native plugins compatible for Editor in 78.44 ms, found 3 plugins.
Preloading 0 native plugins for Editor in 0.00 ms.
Mono: successfully reloaded assembly
- Completed reload, in  1.037 seconds
Domain Reload Profiling:
	ReloadAssembly (1038ms)
		BeginReloadAssembly (107ms)
			ExecutionOrderSort (0ms)
			DisableScriptedObjects (5ms)
			BackupInstance (0ms)
			ReleaseScriptingObjects (0ms)
			CreateAndSetChildDomain (19ms)
		EndReloadAssembly (833ms)
			LoadAssemblies (79ms)
			RebuildTransferFunctionScriptingTraits (0ms)
			SetupTypeCache (246ms)
			ReleaseScriptCaches (1ms)
			RebuildScriptCaches (40ms)
			SetupLoadedEditorAssemblies (438ms)
				LogAssemblyErrors (0ms)
				InitializePlatformSupportModulesInManaged (5ms)
				SetLoadedEditorAssemblies (0ms)
				RefreshPlugins (78ms)
				BeforeProcessingInitializeOnLoad (83ms)
				ProcessInitializeOnLoadAttributes (248ms)
				ProcessInitializeOnLoadMethodAttributes (16ms)
				AfterProcessingInitializeOnLoad (9ms)
				EditorAssembliesLoaded (0ms)
			ExecutionOrderSort2 (0ms)
			AwakeInstancesAfterBackupRestoration (6ms)
Platform modules already initialized, skipping
========================================================================
Worker process is ready to serve import requests
Launched and connected shader compiler UnityShaderCompiler.exe after 0.04 seconds
Refreshing native plugins compatible for Editor in 0.76 ms, found 3 plugins.
Preloading 0 native plugins for Editor in 0.00 ms.
Unloading 3419 Unused Serialized files (Serialized files now loaded: 0)
Unloading 27 unused Assets / (113.5 KB). Loaded Objects now: 3884.
Memory consumption went from 127.6 MB to 127.5 MB.
Total: 3.001700 ms (FindLiveObjects: 0.339600 ms CreateObjectMapping: 0.123300 ms MarkObjects: 2.416500 ms  DeleteObjects: 0.120900 ms)

AssetImportParameters requested are different than current active one (requested -> active):
  custom:video-decoder-ogg-theora: a1e56fd34408186e4bbccfd4996cb3dc -> 
  custom:container-muxer-webm: aa71ff27fc2769a1b78a27578f13a17b -> 
  custom:container-demuxer-webm: 4f35f7cbe854078d1ac9338744f61a02 -> 
  custom:video-encoder-webm-vp8: eb34c28f22e8b96e1ab97ce403110664 -> 
  custom:audio-encoder-webm-vorbis: bf7c407c2cedff20999df2af8eb42d56 -> 
  custom:framework-win-MediaFoundation: 216162199b28c13a410421893ffa2e32 -> 
  custom:container-demuxer-ogg: 62fdf1f143b41e24485cea50d1cbac27 -> 
  custom:video-decoder-webm-vp8: 9c59270c3fd7afecdb556c50c9e8de78 -> 
  custom:audio-decoder-ogg-vorbis: bf7c407c2cedff20999df2af8eb42d56 -> 
========================================================================
Received Import Request.
  Time since last request: 161268.897960 seconds.
  path: Assets/Voices - Essentials/Voice_Male/Voice_Male_Effort/Voice_Male_V1_Effort_Mono_02.wav
  artifactKey: Guid(1e5f35cc74af0d141ac0cc3ba4007569) Importer(815301076,1909f56bfc062723c751e8b465ee728b)
Start importing Assets/Voices - Essentials/Voice_Male/Voice_Male_Effort/Voice_Male_V1_Effort_Mono_02.wav using Guid(1e5f35cc74af0d141ac0cc3ba4007569) Importer(815301076,1909f56bfc062723c751e8b465ee728b)  -> (artifact id: '83ced5b33dd4a30cb3ac42af3908d512') in 0.113984 seconds 
========================================================================
Received Import Request.
  Time since last request: 0.000036 seconds.
  path: Assets/Voices - Essentials/Voice_Male/Voice_Male_Effort/Voice_Male_V2_Effort_Mono_05.wav
  artifactKey: Guid(44e6d715a96c413409cdc2cdef955999) Importer(815301076,1909f56bfc062723c751e8b465ee728b)
Start importing Assets/Voices - Essentials/Voice_Male/Voice_Male_Effort/Voice_Male_V2_Effort_Mono_05.wav using Guid(44e6d715a96c413409cdc2cdef955999) Importer(815301076,1909f56bfc062723c751e8b465ee728b)  -> (artifact id: '0fd5967826f19562071b8d1a1a658a84') in 0.016163 seconds 
========================================================================
Received Import Request.
  Time since last request: 0.000030 seconds.
  path: Assets/Voices - Essentials/Voice_Male/Voice_Male_Effort/Voice_Male_V1_Effort_Mono_11.wav
  artifactKey: Guid(2a2bfb76747a0d64d902e7160a1f12f5) Importer(815301076,1909f56bfc062723c751e8b465ee728b)
Start importing Assets/Voices - Essentials/Voice_Male/Voice_Male_Effort/Voice_Male_V1_Effort_Mono_11.wav using Guid(2a2bfb76747a0d64d902e7160a1f12f5) Importer(815301076,1909f56bfc062723c751e8b465ee728b)  -> (artifact id: '5790500faed1077f7f4fdcb23716dacd') in 0.017090 seconds 
========================================================================
Received Import Request.
  Time since last request: 0.000039 seconds.
  path: Assets/Voices - Essentials/Voice_Male/Voice_Male_Effort/Voice_Male_V1_Effort_Mono_06.wav
  artifactKey: Guid(6c9966e82133dbf478cb0d6d4f04f674) Importer(815301076,1909f56bfc062723c751e8b465ee728b)
Start importing Assets/Voices - Essentials/Voice_Male/Voice_Male_Effort/Voice_Male_V1_Effort_Mono_06.wav using Guid(6c9966e82133dbf478cb0d6d4f04f674) Importer(815301076,1909f56bfc062723c751e8b465ee728b)  -> (artifact id: 'a31b8e9bba486015efa3443c3b3c112f') in 0.017813 seconds 
========================================================================
Received Import Request.
  Time since last request: 0.000019 seconds.
  path: Assets/Voices - Essentials/Voice_Male/Voice_Male_Effort/Voice_Male_V2_Effort_Mono_08.wav
  artifactKey: Guid(d2ad4cec08d548f44861c4c440c50d3d) Importer(815301076,1909f56bfc062723c751e8b465ee728b)
Start importing Assets/Voices - Essentials/Voice_Male/Voice_Male_Effort/Voice_Male_V2_Effort_Mono_08.wav using Guid(d2ad4cec08d548f44861c4c440c50d3d) Importer(815301076,1909f56bfc062723c751e8b465ee728b)  -> (artifact id: '030683b4ed5be7cd6609411bff5003b5') in 0.014478 seconds 
========================================================================
Received Import Request.
  Time since last request: 28.398106 seconds.
  path: Assets/Voices - Essentials/Voice_Male/Voice_Male_Expressions/Voice_Male_V1_Laugh_Long_Mono_02.wav
  artifactKey: Guid(c92b7cc14386b1942aa5aad4fb91a755) Importer(815301076,1909f56bfc062723c751e8b465ee728b)
Start importing Assets/Voices - Essentials/Voice_Male/Voice_Male_Expressions/Voice_Male_V1_Laugh_Long_Mono_02.wav using Guid(c92b7cc14386b1942aa5aad4fb91a755) Importer(815301076,1909f56bfc062723c751e8b465ee728b)  -> (artifact id: '611615158de17acd5cb64e136bc84fc0') in 0.015532 seconds 
========================================================================
Received Import Request.
  Time since last request: 0.000019 seconds.
  path: Assets/Voices - Essentials/Voice_Male/Voice_Male_Expressions/Voice_Male_V1_Laugh_Short_Mono_04.wav
  artifactKey: Guid(eab12b30ba3f6c942a3bba71708e02ab) Importer(815301076,1909f56bfc062723c751e8b465ee728b)
Start importing Assets/Voices - Essentials/Voice_Male/Voice_Male_Expressions/Voice_Male_V1_Laugh_Short_Mono_04.wav using Guid(eab12b30ba3f6c942a3bba71708e02ab) Importer(815301076,1909f56bfc062723c751e8b465ee728b)  -> (artifact id: '050b64ea268110ef1107803dd0187114') in 0.016751 seconds 
========================================================================
Received Import Request.
  Time since last request: 0.000023 seconds.
  path: Assets/Voices - Essentials/Voice_Male/Voice_Male_Expressions/Voice_Male_V2_Reflexion_Mouth_Open_Mono_02.wav
  artifactKey: Guid(fb2d001fa4be1164b9783460ec0c5df1) Importer(815301076,1909f56bfc062723c751e8b465ee728b)
Start importing Assets/Voices - Essentials/Voice_Male/Voice_Male_Expressions/Voice_Male_V2_Reflexion_Mouth_Open_Mono_02.wav using Guid(fb2d001fa4be1164b9783460ec0c5df1) Importer(815301076,1909f56bfc062723c751e8b465ee728b)  -> (artifact id: '7fa654e5da1439bcc2d333086f546195') in 0.017343 seconds 
========================================================================
Received Import Request.
  Time since last request: 0.000018 seconds.
  path: Assets/Voices - Essentials/Voice_Male/Voice_Male_Expressions/Voice_Male_V2_Reflexion_Mouth_Close_Mono_04.wav
  artifactKey: Guid(6f91f450cfa2b034faf468deb6ce43c2) Importer(815301076,1909f56bfc062723c751e8b465ee728b)
Start importing Assets/Voices - Essentials/Voice_Male/Voice_Male_Expressions/Voice_Male_V2_Reflexion_Mouth_Close_Mono_04.wav using Guid(6f91f450cfa2b034faf468deb6ce43c2) Importer(815301076,1909f56bfc062723c751e8b465ee728b)  -> (artifact id: 'b0f45368bd87798169e5ed5a249f2fa7') in 0.018546 seconds 
========================================================================
Received Import Request.
  Time since last request: 0.000026 seconds.
  path: Assets/Voices - Essentials/Voice_Male/Voice_Male_Expressions/Voice_Male_V2_Reflexion_Mouth_Close_Mono_05.wav
  artifactKey: Guid(f45c87f50355e3a4e933dfae013f360b) Importer(815301076,1909f56bfc062723c751e8b465ee728b)
Start importing Assets/Voices - Essentials/Voice_Male/Voice_Male_Expressions/Voice_Male_V2_Reflexion_Mouth_Close_Mono_05.wav using Guid(f45c87f50355e3a4e933dfae013f360b) Importer(815301076,1909f56bfc062723c751e8b465ee728b)  -> (artifact id: '3ff7d7da1f47773aa48a189b6f8a2dc1') in 0.016705 seconds 
========================================================================
Received Import Request.
  Time since last request: 0.000026 seconds.
  path: Assets/Voices - Essentials/Voice_Male/Voice_Male_Expressions/Voice_Male_V1_Reflexion_Mouth_Open_Mono_01.wav
  artifactKey: Guid(7e17a07d65431114291170285ee67f41) Importer(815301076,1909f56bfc062723c751e8b465ee728b)
Start importing Assets/Voices - Essentials/Voice_Male/Voice_Male_Expressions/Voice_Male_V1_Reflexion_Mouth_Open_Mono_01.wav using Guid(7e17a07d65431114291170285ee67f41) Importer(815301076,1909f56bfc062723c751e8b465ee728b)  -> (artifact id: 'ee9d61394d8e41ff2363421bc503d5f1') in 0.018577 seconds 
========================================================================
Received Import Request.
  Time since last request: 0.000021 seconds.
  path: Assets/Voices - Essentials/Voice_Male/Voice_Male_Expressions/Voice_Male_V1_Reflexion_Mouth_Close_Mono_03.wav
  artifactKey: Guid(11113da5b07f5e44398bb4b84e0ac40e) Importer(815301076,1909f56bfc062723c751e8b465ee728b)
Start importing Assets/Voices - Essentials/Voice_Male/Voice_Male_Expressions/Voice_Male_V1_Reflexion_Mouth_Close_Mono_03.wav using Guid(11113da5b07f5e44398bb4b84e0ac40e) Importer(815301076,1909f56bfc062723c751e8b465ee728b)  -> (artifact id: '361165918af6c42538c45ccb517b4e16') in 0.016836 seconds 
========================================================================
Received Import Request.
  Time since last request: 0.000021 seconds.
  path: Assets/Voices - Essentials/Voice_Male/Voice_Male_Expressions/Voice_Male_V2_Nod_Mono_04.wav
  artifactKey: Guid(373ac9bfd34fe534e9cf9bfc47fd4fac) Importer(815301076,1909f56bfc062723c751e8b465ee728b)
Start importing Assets/Voices - Essentials/Voice_Male/Voice_Male_Expressions/Voice_Male_V2_Nod_Mono_04.wav using Guid(373ac9bfd34fe534e9cf9bfc47fd4fac) Importer(815301076,1909f56bfc062723c751e8b465ee728b)  -> (artifact id: '6587b39ff6274c9cb53558ed0d650701') in 0.017188 seconds 
========================================================================
Received Import Request.
  Time since last request: 0.000032 seconds.
  path: Assets/Voices - Essentials/Voice_Male/Voice_Male_Expressions/Voice_Male_V1_Laugh_Long_Mono_05.wav
  artifactKey: Guid(2e117fc3760965f498a0002e162e01d8) Importer(815301076,1909f56bfc062723c751e8b465ee728b)
Start importing Assets/Voices - Essentials/Voice_Male/Voice_Male_Expressions/Voice_Male_V1_Laugh_Long_Mono_05.wav using Guid(2e117fc3760965f498a0002e162e01d8) Importer(815301076,1909f56bfc062723c751e8b465ee728b)  -> (artifact id: '284921802c822206b455732c835ca79c') in 0.017830 seconds 
========================================================================
Received Import Request.
  Time since last request: 0.000032 seconds.
  path: Assets/Voices - Essentials/Voice_Male/Voice_Male_Expressions/Voice_Male_V1_Reflexion_Mouth_Open_Mono_05.wav
  artifactKey: Guid(e643483e11de3ff4d85defdb6bbe7629) Importer(815301076,1909f56bfc062723c751e8b465ee728b)
Start importing Assets/Voices - Essentials/Voice_Male/Voice_Male_Expressions/Voice_Male_V1_Reflexion_Mouth_Open_Mono_05.wav using Guid(e643483e11de3ff4d85defdb6bbe7629) Importer(815301076,1909f56bfc062723c751e8b465ee728b)  -> (artifact id: '6e73237745991b9ffc7e576ce9bddbcb') in 0.018086 seconds 
========================================================================
Received Import Request.
  Time since last request: 0.000024 seconds.
  path: Assets/Voices - Essentials/Voice_Male/Voice_Male_Expressions/Voice_Male_V2_Laugh_Short_Mono_07.wav
  artifactKey: Guid(66b8d0c875d06ca40a3daf5ed5553c55) Importer(815301076,1909f56bfc062723c751e8b465ee728b)
Start importing Assets/Voices - Essentials/Voice_Male/Voice_Male_Expressions/Voice_Male_V2_Laugh_Short_Mono_07.wav using Guid(66b8d0c875d06ca40a3daf5ed5553c55) Importer(815301076,1909f56bfc062723c751e8b465ee728b)  -> (artifact id: '649b56c6cdd49c1696defeab453be02f') in 0.017793 seconds 
========================================================================
Received Import Request.
  Time since last request: 0.000025 seconds.
  path: Assets/Voices - Essentials/Voice_Male/Voice_Male_Expressions/Voice_Male_V1_Sigh_Mono_04.wav
  artifactKey: Guid(a541e3cd45677994aab1ba94cc611a33) Importer(815301076,1909f56bfc062723c751e8b465ee728b)
Start importing Assets/Voices - Essentials/Voice_Male/Voice_Male_Expressions/Voice_Male_V1_Sigh_Mono_04.wav using Guid(a541e3cd45677994aab1ba94cc611a33) Importer(815301076,1909f56bfc062723c751e8b465ee728b)  -> (artifact id: '5ad92078b12d7e4a6aac1f0723e0f385') in 0.018124 seconds 
========================================================================
Received Import Request.
  Time since last request: 0.000017 seconds.
  path: Assets/Voices - Essentials/Voice_Male/Voice_Male_Expressions/Voice_Male_V2_Reflexion_Mouth_Close_Mono_03.wav
  artifactKey: Guid(a106bf3bd97633c4490b5987a1133888) Importer(815301076,1909f56bfc062723c751e8b465ee728b)
Start importing Assets/Voices - Essentials/Voice_Male/Voice_Male_Expressions/Voice_Male_V2_Reflexion_Mouth_Close_Mono_03.wav using Guid(a106bf3bd97633c4490b5987a1133888) Importer(815301076,1909f56bfc062723c751e8b465ee728b)  -> (artifact id: '13db2310b7fe856bd274551950cc7ab4') in 0.018291 seconds 
========================================================================
Received Import Request.
  Time since last request: 0.000029 seconds.
  path: Assets/Voices - Essentials/Voice_Male/Voice_Male_Expressions/Voice_Male_V1_Sigh_Mono_01.wav
  artifactKey: Guid(1bc9e62467dbcaf4bbd3332dfd75c676) Importer(815301076,1909f56bfc062723c751e8b465ee728b)
Start importing Assets/Voices - Essentials/Voice_Male/Voice_Male_Expressions/Voice_Male_V1_Sigh_Mono_01.wav using Guid(1bc9e62467dbcaf4bbd3332dfd75c676) Importer(815301076,1909f56bfc062723c751e8b465ee728b)  -> (artifact id: 'b2bfc828472a54f1d2a377c4167d32a1') in 0.018730 seconds 
========================================================================
Received Import Request.
  Time since last request: 0.000024 seconds.
  path: Assets/Voices - Essentials/Voice_Male/Voice_Male_Expressions/Voice_Male_V1_Laugh_Short_Mono_02.wav
  artifactKey: Guid(d978e309bde9e1b4a86936eb1031d4b6) Importer(815301076,1909f56bfc062723c751e8b465ee728b)
Start importing Assets/Voices - Essentials/Voice_Male/Voice_Male_Expressions/Voice_Male_V1_Laugh_Short_Mono_02.wav using Guid(d978e309bde9e1b4a86936eb1031d4b6) Importer(815301076,1909f56bfc062723c751e8b465ee728b)  -> (artifact id: '03a9347d54ba376cb02ee362bac9e655') in 0.019524 seconds 
========================================================================
Received Import Request.
  Time since last request: 0.000024 seconds.
  path: Assets/Voices - Essentials/Voice_Male/Voice_Male_Expressions/Voice_Male_V1_Nod_Mono_01.wav
  artifactKey: Guid(948a719f7e1782d40832992ee91b0ed9) Importer(815301076,1909f56bfc062723c751e8b465ee728b)
Start importing Assets/Voices - Essentials/Voice_Male/Voice_Male_Expressions/Voice_Male_V1_Nod_Mono_01.wav using Guid(948a719f7e1782d40832992ee91b0ed9) Importer(815301076,1909f56bfc062723c751e8b465ee728b)  -> (artifact id: '963957d603f57a805849a58131af0040') in 0.017288 seconds 
========================================================================
Received Import Request.
  Time since last request: 0.000021 seconds.
  path: Assets/Voices - Essentials/Voice_Male/Voice_Male_Expressions/Voice_Male_V2_Reflexion_Mouth_Close_Mono_02.wav
  artifactKey: Guid(9cb4a930e242f3a4ca8c42b6050820f3) Importer(815301076,1909f56bfc062723c751e8b465ee728b)
Start importing Assets/Voices - Essentials/Voice_Male/Voice_Male_Expressions/Voice_Male_V2_Reflexion_Mouth_Close_Mono_02.wav using Guid(9cb4a930e242f3a4ca8c42b6050820f3) Importer(815301076,1909f56bfc062723c751e8b465ee728b)  -> (artifact id: '90ca6924c01e2f1cc4b6d9d85f9715f9') in 0.017313 seconds 
========================================================================
Received Import Request.
  Time since last request: 0.000028 seconds.
  path: Assets/Voices - Essentials/Voice_Male/Voice_Male_Expressions/Voice_Male_V2_Laugh_Long_Mono_06.wav
  artifactKey: Guid(d816aa6982bea0348a77318717435adb) Importer(815301076,1909f56bfc062723c751e8b465ee728b)
Start importing Assets/Voices - Essentials/Voice_Male/Voice_Male_Expressions/Voice_Male_V2_Laugh_Long_Mono_06.wav using Guid(d816aa6982bea0348a77318717435adb) Importer(815301076,1909f56bfc062723c751e8b465ee728b)  -> (artifact id: 'cd3cc818c52903bac8fe48948ef5d15a') in 0.016264 seconds 
========================================================================
Received Import Request.
  Time since last request: 24.892490 seconds.
  path: Assets/Voices - Essentials/Voice_Male/Voice_Male_Hit/Voice_Male_V1_Hit_Mono_02.wav
  artifactKey: Guid(e5cec87f827407d4c80611da3e064acd) Importer(815301076,1909f56bfc062723c751e8b465ee728b)
Start importing Assets/Voices - Essentials/Voice_Male/Voice_Male_Hit/Voice_Male_V1_Hit_Mono_02.wav using Guid(e5cec87f827407d4c80611da3e064acd) Importer(815301076,1909f56bfc062723c751e8b465ee728b)  -> (artifact id: '34b1a0bd36c40c3a63d252f52805cee8') in 0.015707 seconds 
========================================================================
Received Import Request.
  Time since last request: 0.000023 seconds.
  path: Assets/Voices - Essentials/Voice_Male/Voice_Male_Hit/Voice_Male_V1_Hit_Short_Mono_06.wav
  artifactKey: Guid(132005c60d8148440b6f375a773d8f8e) Importer(815301076,1909f56bfc062723c751e8b465ee728b)
Start importing Assets/Voices - Essentials/Voice_Male/Voice_Male_Hit/Voice_Male_V1_Hit_Short_Mono_06.wav using Guid(132005c60d8148440b6f375a773d8f8e) Importer(815301076,1909f56bfc062723c751e8b465ee728b)  -> (artifact id: 'ccf852a10cc9ebf2d2aef6b1627b3475') in 0.016838 seconds 
========================================================================
Received Import Request.
  Time since last request: 0.000028 seconds.
  path: Assets/Voices - Essentials/Voice_Male/Voice_Male_Hit/Voice_Male_V1_Hit_Short_Mono_01.wav
  artifactKey: Guid(5583e9c9a0afdf0408f9d0946666f85a) Importer(815301076,1909f56bfc062723c751e8b465ee728b)
Start importing Assets/Voices - Essentials/Voice_Male/Voice_Male_Hit/Voice_Male_V1_Hit_Short_Mono_01.wav using Guid(5583e9c9a0afdf0408f9d0946666f85a) Importer(815301076,1909f56bfc062723c751e8b465ee728b)  -> (artifact id: '24824799a382a1c35a3855fcc63d00f6') in 0.027845 seconds 
========================================================================
Received Import Request.
  Time since last request: 0.000023 seconds.
  path: Assets/Voices - Essentials/Voice_Male/Voice_Male_Hit/Voice_Male_V2_Hit_Mono_08.wav
  artifactKey: Guid(c61a58e3035da7b46a1dd47889d38d2b) Importer(815301076,1909f56bfc062723c751e8b465ee728b)
Start importing Assets/Voices - Essentials/Voice_Male/Voice_Male_Hit/Voice_Male_V2_Hit_Mono_08.wav using Guid(c61a58e3035da7b46a1dd47889d38d2b) Importer(815301076,1909f56bfc062723c751e8b465ee728b)  -> (artifact id: '9a93af4ba8cb219ffa788cf974062b55') in 0.016422 seconds 
========================================================================
Received Import Request.
  Time since last request: 0.000056 seconds.
  path: Assets/Voices - Essentials/Voice_Male/Voice_Male_Hit/Voice_Male_V2_Hit_Mono_04.wav
  artifactKey: Guid(3595d1cd0cf73e747ad9d5b4df9a41de) Importer(815301076,1909f56bfc062723c751e8b465ee728b)
Start importing Assets/Voices - Essentials/Voice_Male/Voice_Male_Hit/Voice_Male_V2_Hit_Mono_04.wav using Guid(3595d1cd0cf73e747ad9d5b4df9a41de) Importer(815301076,1909f56bfc062723c751e8b465ee728b)  -> (artifact id: '8d9cddf522f2d259c5c9657ab5a7f376') in 0.016317 seconds 
========================================================================
Received Import Request.
  Time since last request: 0.000025 seconds.
  path: Assets/Voices - Essentials/Voice_Male/Voice_Male_Hit/Voice_Male_V2_Hit_Short_Mono_03.wav
  artifactKey: Guid(616758222d84f6f47b8b9dd6a3e5d3b8) Importer(815301076,1909f56bfc062723c751e8b465ee728b)
Start importing Assets/Voices - Essentials/Voice_Male/Voice_Male_Hit/Voice_Male_V2_Hit_Short_Mono_03.wav using Guid(616758222d84f6f47b8b9dd6a3e5d3b8) Importer(815301076,1909f56bfc062723c751e8b465ee728b)  -> (artifact id: '96d75cfe53c50526a35966abd75679e6') in 0.017148 seconds 
========================================================================
Received Import Request.
  Time since last request: 0.000026 seconds.
  path: Assets/Voices - Essentials/Voice_Male/Voice_Male_Hit/Voice_Male_V2_Hit_Mono_01.wav
  artifactKey: Guid(5319d335f47c30c45a098c3b7207d360) Importer(815301076,1909f56bfc062723c751e8b465ee728b)
Start importing Assets/Voices - Essentials/Voice_Male/Voice_Male_Hit/Voice_Male_V2_Hit_Mono_01.wav using Guid(5319d335f47c30c45a098c3b7207d360) Importer(815301076,1909f56bfc062723c751e8b465ee728b)  -> (artifact id: 'ca8c0fc669f70dedac86186260d64e69') in 0.018353 seconds 
========================================================================
Received Import Request.
  Time since last request: 0.000031 seconds.
  path: Assets/Voices - Essentials/Voice_Male/Voice_Male_Hit/Voice_Male_V2_Hit_Mono_02.wav
  artifactKey: Guid(a118b77559d9f764cbc3b30b4be64c29) Importer(815301076,1909f56bfc062723c751e8b465ee728b)
Start importing Assets/Voices - Essentials/Voice_Male/Voice_Male_Hit/Voice_Male_V2_Hit_Mono_02.wav using Guid(a118b77559d9f764cbc3b30b4be64c29) Importer(815301076,1909f56bfc062723c751e8b465ee728b)  -> (artifact id: 'c43f08ed44c722588049aeb6c5dc4748') in 0.018539 seconds 
========================================================================
Received Import Request.
  Time since last request: 0.000028 seconds.
  path: Assets/Voices - Essentials/Voice_Male/Voice_Male_Hit/Voice_Male_V2_Hit_Short_Mono_07.wav
  artifactKey: Guid(5ed176f89f549d24a83fa420c256201e) Importer(815301076,1909f56bfc062723c751e8b465ee728b)
Start importing Assets/Voices - Essentials/Voice_Male/Voice_Male_Hit/Voice_Male_V2_Hit_Short_Mono_07.wav using Guid(5ed176f89f549d24a83fa420c256201e) Importer(815301076,1909f56bfc062723c751e8b465ee728b)  -> (artifact id: '40c833f094bc24fe68ca2041e83208d0') in 0.015799 seconds 
========================================================================
Received Import Request.
  Time since last request: 12.407935 seconds.
  path: Assets/Voices - Essentials/Voice_Male/Voice_Male_Jump&Land/Voice_Male_V1_Jump_Mono_02.wav
  artifactKey: Guid(3f3669dc2bf61434783f4934700e82f6) Importer(815301076,1909f56bfc062723c751e8b465ee728b)
Start importing Assets/Voices - Essentials/Voice_Male/Voice_Male_Jump&Land/Voice_Male_V1_Jump_Mono_02.wav using Guid(3f3669dc2bf61434783f4934700e82f6) Importer(815301076,1909f56bfc062723c751e8b465ee728b)  -> (artifact id: '5c79904724ac5fb22e6be375eb4f4d3b') in 0.026269 seconds 
========================================================================
Received Import Request.
  Time since last request: 0.000023 seconds.
  path: Assets/Voices - Essentials/Voice_Male/Voice_Male_Jump&Land/Voice_Male_V1_Jump_Mono_06.wav
  artifactKey: Guid(2547873d23b27ec468d3928555b8a483) Importer(815301076,1909f56bfc062723c751e8b465ee728b)
Start importing Assets/Voices - Essentials/Voice_Male/Voice_Male_Jump&Land/Voice_Male_V1_Jump_Mono_06.wav using Guid(2547873d23b27ec468d3928555b8a483) Importer(815301076,1909f56bfc062723c751e8b465ee728b)  -> (artifact id: '845453bc7f450fd5c1562df7851ce4b5') in 0.014151 seconds 
========================================================================
Received Import Request.
  Time since last request: 0.000018 seconds.
  path: Assets/Voices - Essentials/Voice_Male/Voice_Male_Jump&Land/Voice_Male_V1_Land_Mono_05.wav
  artifactKey: Guid(5f86d1c6c063ca641963f593204e7c5d) Importer(815301076,1909f56bfc062723c751e8b465ee728b)
Start importing Assets/Voices - Essentials/Voice_Male/Voice_Male_Jump&Land/Voice_Male_V1_Land_Mono_05.wav using Guid(5f86d1c6c063ca641963f593204e7c5d) Importer(815301076,1909f56bfc062723c751e8b465ee728b)  -> (artifact id: '5699e2a38ab007d0f036ac6ad8eee416') in 0.015900 seconds 
========================================================================
Received Import Request.
  Time since last request: 0.000025 seconds.
  path: Assets/Voices - Essentials/Voice_Male/Voice_Male_Jump&Land/Voice_Male_V1_Jump_Mono_07.wav
  artifactKey: Guid(214ae2eaa4e28d04d8dcafd97aa588e4) Importer(815301076,1909f56bfc062723c751e8b465ee728b)
Start importing Assets/Voices - Essentials/Voice_Male/Voice_Male_Jump&Land/Voice_Male_V1_Jump_Mono_07.wav using Guid(214ae2eaa4e28d04d8dcafd97aa588e4) Importer(815301076,1909f56bfc062723c751e8b465ee728b)  -> (artifact id: '3a274083d10bbe3251826ca07ad9e526') in 0.016114 seconds 
========================================================================
Received Import Request.
  Time since last request: 0.000036 seconds.
  path: Assets/Voices - Essentials/Voice_Male/Voice_Male_Jump&Land/Voice_Male_V1_Land_Mono_07.wav
  artifactKey: Guid(8aa9aa890eb479c4e8fa3d7e3f897c31) Importer(815301076,1909f56bfc062723c751e8b465ee728b)
Start importing Assets/Voices - Essentials/Voice_Male/Voice_Male_Jump&Land/Voice_Male_V1_Land_Mono_07.wav using Guid(8aa9aa890eb479c4e8fa3d7e3f897c31) Importer(815301076,1909f56bfc062723c751e8b465ee728b)  -> (artifact id: 'e50098460a97db1a8fba4422ce774909') in 0.018924 seconds 
========================================================================
Received Import Request.
  Time since last request: 0.000019 seconds.
  path: Assets/Voices - Essentials/Voice_Male/Voice_Male_Jump&Land/Voice_Male_V2_Land_Mono_02.wav
  artifactKey: Guid(401b4d2e808dd7a4b8f8d113b67ca3f1) Importer(815301076,1909f56bfc062723c751e8b465ee728b)
Start importing Assets/Voices - Essentials/Voice_Male/Voice_Male_Jump&Land/Voice_Male_V2_Land_Mono_02.wav using Guid(401b4d2e808dd7a4b8f8d113b67ca3f1) Importer(815301076,1909f56bfc062723c751e8b465ee728b)  -> (artifact id: '19d74ded205ac7328bf7a8237ebbd8f0') in 0.017358 seconds 
========================================================================
Received Import Request.
  Time since last request: 0.000020 seconds.
  path: Assets/Voices - Essentials/Voice_Male/Voice_Male_Jump&Land/Voice_Male_V2_Land_Mono_03.wav
  artifactKey: Guid(02e7c1417a6432d418316835ccaa82dc) Importer(815301076,1909f56bfc062723c751e8b465ee728b)
Start importing Assets/Voices - Essentials/Voice_Male/Voice_Male_Jump&Land/Voice_Male_V2_Land_Mono_03.wav using Guid(02e7c1417a6432d418316835ccaa82dc) Importer(815301076,1909f56bfc062723c751e8b465ee728b)  -> (artifact id: '57285c80be7dbf3e087aeff200ed1472') in 0.016990 seconds 
========================================================================
Received Import Request.
  Time since last request: 7.484544 seconds.
  path: Assets/Voices - Essentials/Voice_Female/Voice_Female_Attack/Voice_Female_V1_Attack_Mono_02.wav
  artifactKey: Guid(462cdd193b36b1c47bfdc8e34b179d66) Importer(815301076,1909f56bfc062723c751e8b465ee728b)
Start importing Assets/Voices - Essentials/Voice_Female/Voice_Female_Attack/Voice_Female_V1_Attack_Mono_02.wav using Guid(462cdd193b36b1c47bfdc8e34b179d66) Importer(815301076,1909f56bfc062723c751e8b465ee728b)  -> (artifact id: 'a04e01be04d1f21bc61b0b607e55c49f') in 0.015708 seconds 
========================================================================
Received Import Request.
  Time since last request: 0.000019 seconds.
  path: Assets/Voices - Essentials/Voice_Female/Voice_Female_Attack/Voice_Female_V2_Attack_Mono_06.wav
  artifactKey: Guid(bcdc82be6c76f0e498540e32394a91f7) Importer(815301076,1909f56bfc062723c751e8b465ee728b)
Start importing Assets/Voices - Essentials/Voice_Female/Voice_Female_Attack/Voice_Female_V2_Attack_Mono_06.wav using Guid(bcdc82be6c76f0e498540e32394a91f7) Importer(815301076,1909f56bfc062723c751e8b465ee728b)  -> (artifact id: '7691be8710ceb1c25910f8d78fa3c59d') in 0.024998 seconds 
========================================================================
Received Import Request.
  Time since last request: 0.000030 seconds.
  path: Assets/Voices - Essentials/Voice_Female/Voice_Female_Attack/Voice_Female_V2_Attack_Mono_03.wav
  artifactKey: Guid(31e79e44d15ea3944a18c347b7c52239) Importer(815301076,1909f56bfc062723c751e8b465ee728b)
Start importing Assets/Voices - Essentials/Voice_Female/Voice_Female_Attack/Voice_Female_V2_Attack_Mono_03.wav using Guid(31e79e44d15ea3944a18c347b7c52239) Importer(815301076,1909f56bfc062723c751e8b465ee728b)  -> (artifact id: '06640a4f61d652cbaccbb62ef9590a14') in 0.017222 seconds 
========================================================================
Received Import Request.
  Time since last request: 0.000040 seconds.
  path: Assets/Voices - Essentials/Voice_Female/Voice_Female_Attack/Voice_Female_V2_Attack_Mono_08.wav
  artifactKey: Guid(d6db43b955e41e74eb94f0c3a87134fb) Importer(815301076,1909f56bfc062723c751e8b465ee728b)
Start importing Assets/Voices - Essentials/Voice_Female/Voice_Female_Attack/Voice_Female_V2_Attack_Mono_08.wav using Guid(d6db43b955e41e74eb94f0c3a87134fb) Importer(815301076,1909f56bfc062723c751e8b465ee728b)  -> (artifact id: '876b8695306effc37f5fc86566c237f6') in 0.017934 seconds 
========================================================================
Received Import Request.
  Time since last request: 3.442563 seconds.
  path: Assets/Voices - Essentials/Voice_Female/Voice_Female_Hit/Voice_Female_V1_Hit_Mono_02.wav
  artifactKey: Guid(9547a1ffbad06744e9acfd1576604490) Importer(815301076,1909f56bfc062723c751e8b465ee728b)
Start importing Assets/Voices - Essentials/Voice_Female/Voice_Female_Hit/Voice_Female_V1_Hit_Mono_02.wav using Guid(9547a1ffbad06744e9acfd1576604490) Importer(815301076,1909f56bfc062723c751e8b465ee728b)  -> (artifact id: '89cd2e2bff26e2a8f94c1bad3d323b5e') in 0.024970 seconds 
========================================================================
Received Import Request.
  Time since last request: 0.000020 seconds.
  path: Assets/Voices - Essentials/Voice_Female/Voice_Female_Hit/Voice_Female_V1_Hit_Short_Mono_06.wav
  artifactKey: Guid(34664e92047cf384c92bf68b7b9dd321) Importer(815301076,1909f56bfc062723c751e8b465ee728b)
Start importing Assets/Voices - Essentials/Voice_Female/Voice_Female_Hit/Voice_Female_V1_Hit_Short_Mono_06.wav using Guid(34664e92047cf384c92bf68b7b9dd321) Importer(815301076,1909f56bfc062723c751e8b465ee728b)  -> (artifact id: 'ad791a2ac34120d752cd9e16329d61e7') in 0.015978 seconds 
========================================================================
Received Import Request.
  Time since last request: 0.000016 seconds.
  path: Assets/Voices - Essentials/Voice_Female/Voice_Female_Hit/Voice_Female_V1_Hit_Short_Mono_12.wav
  artifactKey: Guid(aa0be2dc10659d34a98b832d5dde4c6b) Importer(815301076,1909f56bfc062723c751e8b465ee728b)
Start importing Assets/Voices - Essentials/Voice_Female/Voice_Female_Hit/Voice_Female_V1_Hit_Short_Mono_12.wav using Guid(aa0be2dc10659d34a98b832d5dde4c6b) Importer(815301076,1909f56bfc062723c751e8b465ee728b)  -> (artifact id: 'ed95c110c506ba39ccfa7fb79108a95e') in 0.015873 seconds 
========================================================================
Received Import Request.
  Time since last request: 0.000018 seconds.
  path: Assets/Voices - Essentials/Voice_Female/Voice_Female_Hit/Voice_Female_V1_Hit_Short_Mono_05.wav
  artifactKey: Guid(e6d00863ac16c79449af403dc76c5ec0) Importer(815301076,1909f56bfc062723c751e8b465ee728b)
Start importing Assets/Voices - Essentials/Voice_Female/Voice_Female_Hit/Voice_Female_V1_Hit_Short_Mono_05.wav using Guid(e6d00863ac16c79449af403dc76c5ec0) Importer(815301076,1909f56bfc062723c751e8b465ee728b)  -> (artifact id: 'b17bb9f725ead9ddf51307059ac03ebc') in 0.016182 seconds 
========================================================================
Received Import Request.
  Time since last request: 0.000018 seconds.
  path: Assets/Voices - Essentials/Voice_Female/Voice_Female_Hit/Voice_Female_V1_Hit_Short_Mono_02.wav
  artifactKey: Guid(97acb63b5c146af42bc67c8ef67dc9ce) Importer(815301076,1909f56bfc062723c751e8b465ee728b)
Start importing Assets/Voices - Essentials/Voice_Female/Voice_Female_Hit/Voice_Female_V1_Hit_Short_Mono_02.wav using Guid(97acb63b5c146af42bc67c8ef67dc9ce) Importer(815301076,1909f56bfc062723c751e8b465ee728b)  -> (artifact id: 'dc38dbc054c3648553d2a6269501d61b') in 0.016982 seconds 
========================================================================
Received Import Request.
  Time since last request: 0.000022 seconds.
  path: Assets/Voices - Essentials/Voice_Female/Voice_Female_Hit/Voice_Female_V1_Hit_Short_Mono_10.wav
  artifactKey: Guid(8e99630627ca4fd4587b17b69c3e3c00) Importer(815301076,1909f56bfc062723c751e8b465ee728b)
Start importing Assets/Voices - Essentials/Voice_Female/Voice_Female_Hit/Voice_Female_V1_Hit_Short_Mono_10.wav using Guid(8e99630627ca4fd4587b17b69c3e3c00) Importer(815301076,1909f56bfc062723c751e8b465ee728b)  -> (artifact id: '52c445c46af3d298998d6318981bff12') in 0.016927 seconds 
========================================================================
Received Import Request.
  Time since last request: 0.000017 seconds.
  path: Assets/Voices - Essentials/Voice_Female/Voice_Female_Hit/Voice_Female_V2_Hit_Short_Mono_04.wav
  artifactKey: Guid(37a1e153e569f594aa3a69abaddee963) Importer(815301076,1909f56bfc062723c751e8b465ee728b)
Start importing Assets/Voices - Essentials/Voice_Female/Voice_Female_Hit/Voice_Female_V2_Hit_Short_Mono_04.wav using Guid(37a1e153e569f594aa3a69abaddee963) Importer(815301076,1909f56bfc062723c751e8b465ee728b)  -> (artifact id: '84ebd3598a41769425cb354594722baf') in 0.016602 seconds 
========================================================================
Received Import Request.
  Time since last request: 4.337298 seconds.
  path: Assets/Voices - Essentials/Voice_Female/Voice_Female_Jump&Land/Voice_Female_V1_Jump_Mono_02.wav
  artifactKey: Guid(aa898be2c41a2794993d9132128b1172) Importer(815301076,1909f56bfc062723c751e8b465ee728b)
Start importing Assets/Voices - Essentials/Voice_Female/Voice_Female_Jump&Land/Voice_Female_V1_Jump_Mono_02.wav using Guid(aa898be2c41a2794993d9132128b1172) Importer(815301076,1909f56bfc062723c751e8b465ee728b)  -> (artifact id: 'de4bed9c8ec41c02f626b85a780ce643') in 0.016119 seconds 
========================================================================
Received Import Request.
  Time since last request: 0.000029 seconds.
  path: Assets/Voices - Essentials/Voice_Female/Voice_Female_Jump&Land/Voice_Female_V2_Jump_Mono_05.wav
  artifactKey: Guid(28c598a545d4f8e43bb287629ea034c3) Importer(815301076,1909f56bfc062723c751e8b465ee728b)
Start importing Assets/Voices - Essentials/Voice_Female/Voice_Female_Jump&Land/Voice_Female_V2_Jump_Mono_05.wav using Guid(28c598a545d4f8e43bb287629ea034c3) Importer(815301076,1909f56bfc062723c751e8b465ee728b)  -> (artifact id: '75deb4112afdf89bed9bde3924f7ccce') in 0.015818 seconds 
========================================================================
Received Import Request.
  Time since last request: 0.000019 seconds.
  path: Assets/Voices - Essentials/Voice_Female/Voice_Female_Jump&Land/Voice_Female_V1_Land_Mono_08.wav
  artifactKey: Guid(e5921d594721f92449d1cb06e30d1822) Importer(815301076,1909f56bfc062723c751e8b465ee728b)
Start importing Assets/Voices - Essentials/Voice_Female/Voice_Female_Jump&Land/Voice_Female_V1_Land_Mono_08.wav using Guid(e5921d594721f92449d1cb06e30d1822) Importer(815301076,1909f56bfc062723c751e8b465ee728b)  -> (artifact id: '375d07470dd07fce1776f6b53c2ab61a') in 0.016829 seconds 
========================================================================
Received Import Request.
  Time since last request: 0.000019 seconds.
  path: Assets/Voices - Essentials/Voice_Female/Voice_Female_Jump&Land/Voice_Female_V1_Land_Mono_10.wav
  artifactKey: Guid(977d272bd6f60c94888bb803f6df52b0) Importer(815301076,1909f56bfc062723c751e8b465ee728b)
Start importing Assets/Voices - Essentials/Voice_Female/Voice_Female_Jump&Land/Voice_Female_V1_Land_Mono_10.wav using Guid(977d272bd6f60c94888bb803f6df52b0) Importer(815301076,1909f56bfc062723c751e8b465ee728b)  -> (artifact id: '25e05b5360eee8682bb0adc985d3a26b') in 0.018496 seconds 
========================================================================
Received Import Request.
  Time since last request: 0.000021 seconds.
  path: Assets/Voices - Essentials/Voice_Female/Voice_Female_Jump&Land/Voice_Female_V1_Land_Mono_06.wav
  artifactKey: Guid(b456ad806e4c10247a8c81516c5e3a88) Importer(815301076,1909f56bfc062723c751e8b465ee728b)
Start importing Assets/Voices - Essentials/Voice_Female/Voice_Female_Jump&Land/Voice_Female_V1_Land_Mono_06.wav using Guid(b456ad806e4c10247a8c81516c5e3a88) Importer(815301076,1909f56bfc062723c751e8b465ee728b)  -> (artifact id: '1ec6ec719dd4e4e09400a188ba50b90d') in 0.016049 seconds 
========================================================================
Received Import Request.
  Time since last request: 0.000023 seconds.
  path: Assets/Voices - Essentials/Voice_Female/Voice_Female_Jump&Land/Voice_Female_V1_Land_Mono_05.wav
  artifactKey: Guid(f1920da2c48742d4f8a5b65977d831c9) Importer(815301076,1909f56bfc062723c751e8b465ee728b)
Start importing Assets/Voices - Essentials/Voice_Female/Voice_Female_Jump&Land/Voice_Female_V1_Land_Mono_05.wav using Guid(f1920da2c48742d4f8a5b65977d831c9) Importer(815301076,1909f56bfc062723c751e8b465ee728b)  -> (artifact id: '0fe344e743f768ecb92fb4b6f3667437') in 0.018232 seconds 
========================================================================
Received Import Request.
  Time since last request: 0.000026 seconds.
  path: Assets/Voices - Essentials/Voice_Female/Voice_Female_Jump&Land/Voice_Female_V1_Jump_Mono_08.wav
  artifactKey: Guid(5cd34fba531f2174ab0a674051fc104b) Importer(815301076,1909f56bfc062723c751e8b465ee728b)
Start importing Assets/Voices - Essentials/Voice_Female/Voice_Female_Jump&Land/Voice_Female_V1_Jump_Mono_08.wav using Guid(5cd34fba531f2174ab0a674051fc104b) Importer(815301076,1909f56bfc062723c751e8b465ee728b)  -> (artifact id: 'b8b77961be1c8bcd05a68fd03d31d93a') in 0.015745 seconds 
========================================================================
Received Import Request.
  Time since last request: 0.000051 seconds.
  path: Assets/Voices - Essentials/Voice_Female/Voice_Female_Jump&Land/Voice_Female_V2_Jump_Mono_02.wav
  artifactKey: Guid(29551a7ae2051c9468fa547f9da0a68f) Importer(815301076,1909f56bfc062723c751e8b465ee728b)
Start importing Assets/Voices - Essentials/Voice_Female/Voice_Female_Jump&Land/Voice_Female_V2_Jump_Mono_02.wav using Guid(29551a7ae2051c9468fa547f9da0a68f) Importer(815301076,1909f56bfc062723c751e8b465ee728b)  -> (artifact id: 'c4caa6382e63cde53e809c9ec600446b') in 0.017636 seconds 
========================================================================
Received Import Request.
  Time since last request: 2.866537 seconds.
  path: Assets/Voices - Essentials/Voice_Female/Voice_Female_Breath/Voice_Female_V1_Breath_Gasp_Mono_01.wav
  artifactKey: Guid(b8dc7330d4eb5f84a9fbc2e5d2b165f7) Importer(815301076,1909f56bfc062723c751e8b465ee728b)
Start importing Assets/Voices - Essentials/Voice_Female/Voice_Female_Breath/Voice_Female_V1_Breath_Gasp_Mono_01.wav using Guid(b8dc7330d4eb5f84a9fbc2e5d2b165f7) Importer(815301076,1909f56bfc062723c751e8b465ee728b)  -> (artifact id: 'b09d7fad4664264a47d263611ea582fb') in 0.014504 seconds 
========================================================================
Received Import Request.
  Time since last request: 0.000023 seconds.
  path: Assets/Voices - Essentials/Voice_Female/Voice_Female_Breath/Voice_Female_V2_Breath_Gasp_Mono_02.wav
  artifactKey: Guid(70cf7db7173984942b72968b7efca19c) Importer(815301076,1909f56bfc062723c751e8b465ee728b)
Start importing Assets/Voices - Essentials/Voice_Female/Voice_Female_Breath/Voice_Female_V2_Breath_Gasp_Mono_02.wav using Guid(70cf7db7173984942b72968b7efca19c) Importer(815301076,1909f56bfc062723c751e8b465ee728b)  -> (artifact id: '84bc8ca5d3e5281f7d73a79e8aa96def') in 0.015509 seconds 
========================================================================
Received Import Request.
  Time since last request: 0.000041 seconds.
  path: Assets/Voices - Essentials/Voice_Female/Voice_Female_Breath/Voice_Female_V1_Breath_Single_Mono_05.wav
  artifactKey: Guid(cb0c0b51cd50fa7499f0d3de156a47d7) Importer(815301076,1909f56bfc062723c751e8b465ee728b)
Start importing Assets/Voices - Essentials/Voice_Female/Voice_Female_Breath/Voice_Female_V1_Breath_Single_Mono_05.wav using Guid(cb0c0b51cd50fa7499f0d3de156a47d7) Importer(815301076,1909f56bfc062723c751e8b465ee728b)  -> (artifact id: 'a85673b29d54a1e6c8f21553e3de5fd9') in 0.016803 seconds 
========================================================================
Received Import Request.
  Time since last request: 0.000025 seconds.
  path: Assets/Voices - Essentials/Voice_Female/Voice_Female_Breath/Voice_Female_V1_Breath_Gasp_Mono_04.wav
  artifactKey: Guid(641aabe9a7c271b42a2d53fac3230386) Importer(815301076,1909f56bfc062723c751e8b465ee728b)
Start importing Assets/Voices - Essentials/Voice_Female/Voice_Female_Breath/Voice_Female_V1_Breath_Gasp_Mono_04.wav using Guid(641aabe9a7c271b42a2d53fac3230386) Importer(815301076,1909f56bfc062723c751e8b465ee728b)  -> (artifact id: '72c07ceb3e1e0efffc662f03bcbeec81') in 0.015883 seconds 
========================================================================
Received Import Request.
  Time since last request: 0.000026 seconds.
  path: Assets/Voices - Essentials/Voice_Female/Voice_Female_Breath/Voice_Female_V2_Breath_Gasp_Mono_03.wav
  artifactKey: Guid(a5e83472c90ccfd44b644bd9b790573f) Importer(815301076,1909f56bfc062723c751e8b465ee728b)
Start importing Assets/Voices - Essentials/Voice_Female/Voice_Female_Breath/Voice_Female_V2_Breath_Gasp_Mono_03.wav using Guid(a5e83472c90ccfd44b644bd9b790573f) Importer(815301076,1909f56bfc062723c751e8b465ee728b)  -> (artifact id: '5eb6f3cefed9ffeadef93e43f0ef4afc') in 0.015112 seconds 
========================================================================
Received Import Request.
  Time since last request: 0.000021 seconds.
  path: Assets/Voices - Essentials/Voice_Female/Voice_Female_Breath/Voice_Female_V1_Breath_Single_Mono_02.wav
  artifactKey: Guid(84315722b4e8db14daab3649d5ea9196) Importer(815301076,1909f56bfc062723c751e8b465ee728b)
Start importing Assets/Voices - Essentials/Voice_Female/Voice_Female_Breath/Voice_Female_V1_Breath_Single_Mono_02.wav using Guid(84315722b4e8db14daab3649d5ea9196) Importer(815301076,1909f56bfc062723c751e8b465ee728b)  -> (artifact id: '5869f848718c57917c960ecb3d8ece45') in 0.016164 seconds 
========================================================================
Received Import Request.
  Time since last request: 0.000029 seconds.
  path: Assets/Voices - Essentials/Voice_Female/Voice_Female_Breath/Voice_Female_V1_Breath_Gasp_Mono_05.wav
  artifactKey: Guid(6d81851da3d34db4ba73f851927cb8b6) Importer(815301076,1909f56bfc062723c751e8b465ee728b)
Start importing Assets/Voices - Essentials/Voice_Female/Voice_Female_Breath/Voice_Female_V1_Breath_Gasp_Mono_05.wav using Guid(6d81851da3d34db4ba73f851927cb8b6) Importer(815301076,1909f56bfc062723c751e8b465ee728b)  -> (artifact id: '7b537a77df55d830936bb8311689d28a') in 0.016414 seconds 
========================================================================
Received Import Request.
  Time since last request: 0.000021 seconds.
  path: Assets/Voices - Essentials/Voice_Female/Voice_Female_Breath/Voice_Female_V1_Breath_Single_Mono_01.wav
  artifactKey: Guid(71571bef5bfe8ea4187b6e4977f71dd1) Importer(815301076,1909f56bfc062723c751e8b465ee728b)
Start importing Assets/Voices - Essentials/Voice_Female/Voice_Female_Breath/Voice_Female_V1_Breath_Single_Mono_01.wav using Guid(71571bef5bfe8ea4187b6e4977f71dd1) Importer(815301076,1909f56bfc062723c751e8b465ee728b)  -> (artifact id: '75084860d7b400512240db6721a15771') in 0.017370 seconds 
========================================================================
Received Import Request.
  Time since last request: 66.849850 seconds.
  path: Assets/Voices - Essentials/Voice_Female/Voice_Female_Cough/Voice_Female_V1_Cough_Multiple_Mono_01.wav
  artifactKey: Guid(e9b9fe5c87579bb4794461639be15a92) Importer(815301076,1909f56bfc062723c751e8b465ee728b)
Start importing Assets/Voices - Essentials/Voice_Female/Voice_Female_Cough/Voice_Female_V1_Cough_Multiple_Mono_01.wav using Guid(e9b9fe5c87579bb4794461639be15a92) Importer(815301076,1909f56bfc062723c751e8b465ee728b)  -> (artifact id: 'cafdf7a35caeef84741110a5188caab8') in 0.018604 seconds 
========================================================================
Received Import Request.
  Time since last request: 0.000024 seconds.
  path: Assets/Voices - Essentials/Voice_Female/Voice_Female_Cough/Voice_Female_V2_Cough_Multiple_Mono_02.wav
  artifactKey: Guid(86957ee7d71d5d246a4b8667abf70dbd) Importer(815301076,1909f56bfc062723c751e8b465ee728b)
Start importing Assets/Voices - Essentials/Voice_Female/Voice_Female_Cough/Voice_Female_V2_Cough_Multiple_Mono_02.wav using Guid(86957ee7d71d5d246a4b8667abf70dbd) Importer(815301076,1909f56bfc062723c751e8b465ee728b)  -> (artifact id: '1989b7ab808de538da9140d0bbd5aeac') in 0.022720 seconds 
========================================================================
Received Import Request.
  Time since last request: 0.000033 seconds.
  path: Assets/Voices - Essentials/Voice_Female/Voice_Female_Cough/Voice_Female_V1_Cough_Multiple_Mono_06.wav
  artifactKey: Guid(7e47405f52a526449858aba88084e052) Importer(815301076,1909f56bfc062723c751e8b465ee728b)
Start importing Assets/Voices - Essentials/Voice_Female/Voice_Female_Cough/Voice_Female_V1_Cough_Multiple_Mono_06.wav using Guid(7e47405f52a526449858aba88084e052) Importer(815301076,1909f56bfc062723c751e8b465ee728b)  -> (artifact id: '60c5cdbf98de52884149c7d19c6c4305') in 0.018363 seconds 
========================================================================
Received Import Request.
  Time since last request: 0.000020 seconds.
  path: Assets/Voices - Essentials/Voice_Female/Voice_Female_Cough/Voice_Female_V2_Cough_Multiple_Mono_03.wav
  artifactKey: Guid(2c0362248e5e3ed48aa969fef0a918f8) Importer(815301076,1909f56bfc062723c751e8b465ee728b)
Start importing Assets/Voices - Essentials/Voice_Female/Voice_Female_Cough/Voice_Female_V2_Cough_Multiple_Mono_03.wav using Guid(2c0362248e5e3ed48aa969fef0a918f8) Importer(815301076,1909f56bfc062723c751e8b465ee728b)  -> (artifact id: '9ef15359ff0ddeed8271572eb66ebed1') in 0.015083 seconds 
========================================================================
Received Import Request.
  Time since last request: 0.000022 seconds.
  path: Assets/Voices - Essentials/Voice_Female/Voice_Female_Cough/Voice_Female_V2_Cough_Multiple_Mono_06.wav
  artifactKey: Guid(d80b92443a5f2114287e0f309ce793b4) Importer(815301076,1909f56bfc062723c751e8b465ee728b)
Start importing Assets/Voices - Essentials/Voice_Female/Voice_Female_Cough/Voice_Female_V2_Cough_Multiple_Mono_06.wav using Guid(d80b92443a5f2114287e0f309ce793b4) Importer(815301076,1909f56bfc062723c751e8b465ee728b)  -> (artifact id: '82369c6460d5aa4628583d00fffe12f7') in 0.014655 seconds 
========================================================================
Received Import Request.
  Time since last request: 0.000025 seconds.
  path: Assets/Voices - Essentials/Voice_Female/Voice_Female_Cough/Voice_Female_V2_Cough_Multiple_Mono_04.wav
  artifactKey: Guid(e8b827c9f9828894f913e35ae6e89496) Importer(815301076,1909f56bfc062723c751e8b465ee728b)
Start importing Assets/Voices - Essentials/Voice_Female/Voice_Female_Cough/Voice_Female_V2_Cough_Multiple_Mono_04.wav using Guid(e8b827c9f9828894f913e35ae6e89496) Importer(815301076,1909f56bfc062723c751e8b465ee728b)  -> (artifact id: '5d86e10037b7e753f0b038230599315e') in 0.013800 seconds 
========================================================================
Received Import Request.
  Time since last request: 13.889428 seconds.
  path: Assets/Voices - Essentials/Voice_Female/Voice_Female_Pain/Voice_Female_V1_Pain_Mono_02.wav
  artifactKey: Guid(941907831ba7e9d45a62b6713def1365) Importer(815301076,1909f56bfc062723c751e8b465ee728b)
Start importing Assets/Voices - Essentials/Voice_Female/Voice_Female_Pain/Voice_Female_V1_Pain_Mono_02.wav using Guid(941907831ba7e9d45a62b6713def1365) Importer(815301076,1909f56bfc062723c751e8b465ee728b)  -> (artifact id: '144e15c8a5e3b3ebea793371e89f521b') in 0.017350 seconds 
========================================================================
Received Import Request.
  Time since last request: 0.000020 seconds.
  path: Assets/Voices - Essentials/Voice_Female/Voice_Female_Pain/Voice_Female_V2_Pain_Mono_04.wav
  artifactKey: Guid(9a9f43e971388954a9521b6dd330413d) Importer(815301076,1909f56bfc062723c751e8b465ee728b)
Start importing Assets/Voices - Essentials/Voice_Female/Voice_Female_Pain/Voice_Female_V2_Pain_Mono_04.wav using Guid(9a9f43e971388954a9521b6dd330413d) Importer(815301076,1909f56bfc062723c751e8b465ee728b)  -> (artifact id: '827b6dcc4013d5ae9522d95c8c48f906') in 0.020091 seconds 
========================================================================
Received Import Request.
  Time since last request: 0.000018 seconds.
  path: Assets/Voices - Essentials/Voice_Female/Voice_Female_Pain/Voice_Female_V1_Pain_Mono_05.wav
  artifactKey: Guid(eaba6cf5f13fced409e256f398939d81) Importer(815301076,1909f56bfc062723c751e8b465ee728b)
Start importing Assets/Voices - Essentials/Voice_Female/Voice_Female_Pain/Voice_Female_V1_Pain_Mono_05.wav using Guid(eaba6cf5f13fced409e256f398939d81) Importer(815301076,1909f56bfc062723c751e8b465ee728b)  -> (artifact id: '1295dfd82fb9f5ac59fe5bebd21990b5') in 0.015460 seconds 
========================================================================
Received Import Request.
  Time since last request: 0.000039 seconds.
  path: Assets/Voices - Essentials/Voice_Female/Voice_Female_Pain/Voice_Female_V2_Pain_Mono_02.wav
  artifactKey: Guid(502fc110b695d86418c0be74ec3db886) Importer(815301076,1909f56bfc062723c751e8b465ee728b)
Start importing Assets/Voices - Essentials/Voice_Female/Voice_Female_Pain/Voice_Female_V2_Pain_Mono_02.wav using Guid(502fc110b695d86418c0be74ec3db886) Importer(815301076,1909f56bfc062723c751e8b465ee728b)  -> (artifact id: '40f24ed086fce9a5d9609a3d100d3b7a') in 0.015157 seconds 
Editor requested this worker to shutdown with reason: Scaling down because of idle timeout
AssetImportWorker is now disconnected from the server
Process exiting
Exiting without the bug reporter. Application will terminate with return code 0